{
  "/home/pazu/Workspaces/koulu/testing-part-2/stringutil.js": {
    "path": "/home/pazu/Workspaces/koulu/testing-part-2/stringutil.js",
    "statementMap": {
      "0": {
        "start": { "line": 1, "column": 21 },
        "end": { "line": 22, "column": 1 }
      },
      "1": {
        "start": { "line": 26, "column": 26 },
        "end": { "line": 31, "column": 1 }
      },
      "2": {
        "start": { "line": 27, "column": 2 },
        "end": { "line": 30, "column": 4 }
      },
      "3": {
        "start": { "line": 28, "column": 4 },
        "end": { "line": 28, "column": 28 }
      },
      "4": {
        "start": { "line": 29, "column": 4 },
        "end": { "line": 29, "column": 29 }
      }
    },
    "fnMap": {
      "0": {
        "name": "(anonymous_0)",
        "decl": {
          "start": { "line": 26, "column": 26 },
          "end": { "line": 26, "column": 27 }
        },
        "loc": {
          "start": { "line": 26, "column": 39 },
          "end": { "line": 31, "column": 1 }
        },
        "line": 26
      },
      "1": {
        "name": "(anonymous_1)",
        "decl": {
          "start": { "line": 27, "column": 9 },
          "end": { "line": 27, "column": 10 }
        },
        "loc": {
          "start": { "line": 27, "column": 21 },
          "end": { "line": 30, "column": 3 }
        },
        "line": 27
      }
    },
    "branchMap": {},
    "s": { "0": 2, "1": 2, "2": 2, "3": 39, "4": 39 },
    "f": { "0": 2, "1": 39 },
    "b": {},
    "_coverageSchema": "1a1c01bbd47fc00a2c39e90264f33305004495a9",
    "hash": "52da914773f5a67715205284c9810e3ce05257b0"
  },
  "/home/pazu/Workspaces/koulu/testing-part-2/library/src/defaultTo.js": {
    "path": "/home/pazu/Workspaces/koulu/testing-part-2/library/src/defaultTo.js",
    "statementMap": {
      "0": {
        "start": { "line": 20, "column": 2 },
        "end": { "line": 20, "column": 45 }
      }
    },
    "fnMap": {
      "0": {
        "name": "defaultTo",
        "decl": {
          "start": { "line": 19, "column": 9 },
          "end": { "line": 19, "column": 18 }
        },
        "loc": {
          "start": { "line": 19, "column": 40 },
          "end": { "line": 21, "column": 1 }
        },
        "line": 19
      }
    },
    "branchMap": {
      "0": {
        "loc": {
          "start": { "line": 20, "column": 9 },
          "end": { "line": 20, "column": 45 }
        },
        "type": "cond-expr",
        "locations": [
          {
            "start": { "line": 20, "column": 25 },
            "end": { "line": 20, "column": 37 }
          },
          {
            "start": { "line": 20, "column": 40 },
            "end": { "line": 20, "column": 45 }
          }
        ],
        "line": 20
      }
    },
    "s": { "0": 12 },
    "f": { "0": 12 },
    "b": { "0": [9, 3] },
    "_coverageSchema": "1a1c01bbd47fc00a2c39e90264f33305004495a9",
    "hash": "3fc443a05335cb9ca8cddce151942f7d343f10c7"
  },
  "/home/pazu/Workspaces/koulu/testing-part-2/library/src/defaultToAny.js": {
    "path": "/home/pazu/Workspaces/koulu/testing-part-2/library/src/defaultToAny.js",
    "statementMap": {
      "0": {
        "start": { "line": 29, "column": 2 },
        "end": { "line": 29, "column": 53 }
      }
    },
    "fnMap": {
      "0": {
        "name": "defaultToAny",
        "decl": {
          "start": { "line": 28, "column": 9 },
          "end": { "line": 28, "column": 21 }
        },
        "loc": {
          "start": { "line": 28, "column": 47 },
          "end": { "line": 30, "column": 1 }
        },
        "line": 28
      }
    },
    "branchMap": {},
    "s": { "0": 6 },
    "f": { "0": 6 },
    "b": {},
    "_coverageSchema": "1a1c01bbd47fc00a2c39e90264f33305004495a9",
    "hash": "855b9af090ed40794e5f31a8ee54bce3b3c3c016"
  },
  "/home/pazu/Workspaces/koulu/testing-part-2/library/src/isArguments.js": {
    "path": "/home/pazu/Workspaces/koulu/testing-part-2/library/src/isArguments.js",
    "statementMap": {
      "0": {
        "start": { "line": 20, "column": 2 },
        "end": { "line": 20, "column": 69 }
      }
    },
    "fnMap": {
      "0": {
        "name": "isArguments",
        "decl": {
          "start": { "line": 19, "column": 9 },
          "end": { "line": 19, "column": 20 }
        },
        "loc": {
          "start": { "line": 19, "column": 28 },
          "end": { "line": 21, "column": 1 }
        },
        "line": 19
      }
    },
    "branchMap": {
      "0": {
        "loc": {
          "start": { "line": 20, "column": 9 },
          "end": { "line": 20, "column": 69 }
        },
        "type": "binary-expr",
        "locations": [
          {
            "start": { "line": 20, "column": 9 },
            "end": { "line": 20, "column": 28 }
          },
          {
            "start": { "line": 20, "column": 32 },
            "end": { "line": 20, "column": 69 }
          }
        ],
        "line": 20
      }
    },
    "s": { "0": 0 },
    "f": { "0": 0 },
    "b": { "0": [0, 0] },
    "_coverageSchema": "1a1c01bbd47fc00a2c39e90264f33305004495a9",
    "hash": "962f8d9c0c5b60d8f3c0d09dc787a2289cac8e60"
  },
  "/home/pazu/Workspaces/koulu/testing-part-2/library/src/isArrayLike.js": {
    "path": "/home/pazu/Workspaces/koulu/testing-part-2/library/src/isArrayLike.js",
    "statementMap": {
      "0": {
        "start": { "line": 27, "column": 2 },
        "end": { "line": 27, "column": 79 }
      }
    },
    "fnMap": {
      "0": {
        "name": "isArrayLike",
        "decl": {
          "start": { "line": 26, "column": 9 },
          "end": { "line": 26, "column": 20 }
        },
        "loc": {
          "start": { "line": 26, "column": 28 },
          "end": { "line": 28, "column": 1 }
        },
        "line": 26
      }
    },
    "branchMap": {
      "0": {
        "loc": {
          "start": { "line": 27, "column": 9 },
          "end": { "line": 27, "column": 79 }
        },
        "type": "binary-expr",
        "locations": [
          {
            "start": { "line": 27, "column": 9 },
            "end": { "line": 27, "column": 22 }
          },
          {
            "start": { "line": 27, "column": 26 },
            "end": { "line": 27, "column": 53 }
          },
          {
            "start": { "line": 27, "column": 57 },
            "end": { "line": 27, "column": 79 }
          }
        ],
        "line": 27
      }
    },
    "s": { "0": 3 },
    "f": { "0": 3 },
    "b": { "0": [3, 2, 2] },
    "_coverageSchema": "1a1c01bbd47fc00a2c39e90264f33305004495a9",
    "hash": "98af9ee04a44d34d7258d81ac4c911ad89344a2a"
  },
  "/home/pazu/Workspaces/koulu/testing-part-2/library/src/isBuffer.js": {
    "path": "/home/pazu/Workspaces/koulu/testing-part-2/library/src/isBuffer.js",
    "statementMap": {
      "0": {
        "start": { "line": 4, "column": 20 },
        "end": { "line": 4, "column": 99 }
      },
      "1": {
        "start": { "line": 7, "column": 19 },
        "end": { "line": 7, "column": 109 }
      },
      "2": {
        "start": { "line": 10, "column": 22 },
        "end": { "line": 10, "column": 70 }
      },
      "3": {
        "start": { "line": 13, "column": 15 },
        "end": { "line": 13, "column": 54 }
      },
      "4": {
        "start": { "line": 16, "column": 23 },
        "end": { "line": 16, "column": 59 }
      },
      "5": {
        "start": { "line": 33, "column": 17 },
        "end": { "line": 33, "column": 48 }
      },
      "6": {
        "start": { "line": 33, "column": 42 },
        "end": { "line": 33, "column": 47 }
      }
    },
    "fnMap": {
      "0": {
        "name": "(anonymous_0)",
        "decl": {
          "start": { "line": 33, "column": 36 },
          "end": { "line": 33, "column": 37 }
        },
        "loc": {
          "start": { "line": 33, "column": 42 },
          "end": { "line": 33, "column": 47 }
        },
        "line": 33
      }
    },
    "branchMap": {
      "0": {
        "loc": {
          "start": { "line": 4, "column": 20 },
          "end": { "line": 4, "column": 99 }
        },
        "type": "binary-expr",
        "locations": [
          {
            "start": { "line": 4, "column": 20 },
            "end": { "line": 4, "column": 47 }
          },
          {
            "start": { "line": 4, "column": 51 },
            "end": { "line": 4, "column": 67 }
          },
          {
            "start": { "line": 4, "column": 71 },
            "end": { "line": 4, "column": 88 }
          },
          {
            "start": { "line": 4, "column": 92 },
            "end": { "line": 4, "column": 99 }
          }
        ],
        "line": 4
      },
      "1": {
        "loc": {
          "start": { "line": 7, "column": 19 },
          "end": { "line": 7, "column": 109 }
        },
        "type": "binary-expr",
        "locations": [
          {
            "start": { "line": 7, "column": 19 },
            "end": { "line": 7, "column": 30 }
          },
          {
            "start": { "line": 7, "column": 34 },
            "end": { "line": 7, "column": 60 }
          },
          {
            "start": { "line": 7, "column": 64 },
            "end": { "line": 7, "column": 79 }
          },
          {
            "start": { "line": 7, "column": 83 },
            "end": { "line": 7, "column": 99 }
          },
          {
            "start": { "line": 7, "column": 103 },
            "end": { "line": 7, "column": 109 }
          }
        ],
        "line": 7
      },
      "2": {
        "loc": {
          "start": { "line": 10, "column": 22 },
          "end": { "line": 10, "column": 70 }
        },
        "type": "binary-expr",
        "locations": [
          {
            "start": { "line": 10, "column": 22 },
            "end": { "line": 10, "column": 32 }
          },
          {
            "start": { "line": 10, "column": 36 },
            "end": { "line": 10, "column": 70 }
          }
        ],
        "line": 10
      },
      "3": {
        "loc": {
          "start": { "line": 13, "column": 15 },
          "end": { "line": 13, "column": 54 }
        },
        "type": "cond-expr",
        "locations": [
          {
            "start": { "line": 13, "column": 31 },
            "end": { "line": 13, "column": 42 }
          },
          {
            "start": { "line": 13, "column": 45 },
            "end": { "line": 13, "column": 54 }
          }
        ],
        "line": 13
      },
      "4": {
        "loc": {
          "start": { "line": 16, "column": 23 },
          "end": { "line": 16, "column": 59 }
        },
        "type": "cond-expr",
        "locations": [
          {
            "start": { "line": 16, "column": 32 },
            "end": { "line": 16, "column": 47 }
          },
          {
            "start": { "line": 16, "column": 50 },
            "end": { "line": 16, "column": 59 }
          }
        ],
        "line": 16
      },
      "5": {
        "loc": {
          "start": { "line": 33, "column": 17 },
          "end": { "line": 33, "column": 48 }
        },
        "type": "binary-expr",
        "locations": [
          {
            "start": { "line": 33, "column": 17 },
            "end": { "line": 33, "column": 31 }
          },
          {
            "start": { "line": 33, "column": 36 },
            "end": { "line": 33, "column": 47 }
          }
        ],
        "line": 33
      }
    },
    "s": { "0": 1, "1": 1, "2": 1, "3": 1, "4": 1, "5": 1, "6": 0 },
    "f": { "0": 0 },
    "b": {
      "0": [1, 1, 1, 1],
      "1": [1, 1, 1, 1, 1],
      "2": [1, 1],
      "3": [1, 0],
      "4": [1, 0],
      "5": [1, 0]
    },
    "_coverageSchema": "1a1c01bbd47fc00a2c39e90264f33305004495a9",
    "hash": "bcd652f704e0fe4b7db8cf956e91ee1d4ebefef8"
  },
  "/home/pazu/Workspaces/koulu/testing-part-2/library/src/isEmpty.js": {
    "path": "/home/pazu/Workspaces/koulu/testing-part-2/library/src/isEmpty.js",
    "statementMap": {
      "0": {
        "start": { "line": 9, "column": 23 },
        "end": { "line": 9, "column": 54 }
      },
      "1": {
        "start": { "line": 46, "column": 2 },
        "end": { "line": 48, "column": 3 }
      },
      "2": {
        "start": { "line": 47, "column": 4 },
        "end": { "line": 47, "column": 15 }
      },
      "3": {
        "start": { "line": 49, "column": 2 },
        "end": { "line": 53, "column": 3 }
      },
      "4": {
        "start": { "line": 52, "column": 4 },
        "end": { "line": 52, "column": 24 }
      },
      "5": {
        "start": { "line": 54, "column": 14 },
        "end": { "line": 54, "column": 27 }
      },
      "6": {
        "start": { "line": 55, "column": 2 },
        "end": { "line": 57, "column": 3 }
      },
      "7": {
        "start": { "line": 56, "column": 4 },
        "end": { "line": 56, "column": 22 }
      },
      "8": {
        "start": { "line": 58, "column": 2 },
        "end": { "line": 60, "column": 3 }
      },
      "9": {
        "start": { "line": 59, "column": 4 },
        "end": { "line": 59, "column": 37 }
      },
      "10": {
        "start": { "line": 61, "column": 2 },
        "end": { "line": 65, "column": 3 }
      },
      "11": {
        "start": { "line": 62, "column": 4 },
        "end": { "line": 64, "column": 5 }
      },
      "12": {
        "start": { "line": 63, "column": 6 },
        "end": { "line": 63, "column": 18 }
      },
      "13": {
        "start": { "line": 66, "column": 2 },
        "end": { "line": 66, "column": 13 }
      }
    },
    "fnMap": {
      "0": {
        "name": "isEmpty",
        "decl": {
          "start": { "line": 45, "column": 9 },
          "end": { "line": 45, "column": 16 }
        },
        "loc": {
          "start": { "line": 45, "column": 24 },
          "end": { "line": 67, "column": 1 }
        },
        "line": 45
      }
    },
    "branchMap": {
      "0": {
        "loc": {
          "start": { "line": 46, "column": 2 },
          "end": { "line": 48, "column": 3 }
        },
        "type": "if",
        "locations": [
          {
            "start": { "line": 46, "column": 2 },
            "end": { "line": 48, "column": 3 }
          },
          { "start": {}, "end": {} }
        ],
        "line": 46
      },
      "1": {
        "loc": {
          "start": { "line": 49, "column": 2 },
          "end": { "line": 53, "column": 3 }
        },
        "type": "if",
        "locations": [
          {
            "start": { "line": 49, "column": 2 },
            "end": { "line": 53, "column": 3 }
          },
          { "start": {}, "end": {} }
        ],
        "line": 49
      },
      "2": {
        "loc": {
          "start": { "line": 49, "column": 6 },
          "end": { "line": 51, "column": 69 }
        },
        "type": "binary-expr",
        "locations": [
          {
            "start": { "line": 49, "column": 6 },
            "end": { "line": 49, "column": 24 }
          },
          {
            "start": { "line": 50, "column": 7 },
            "end": { "line": 50, "column": 27 }
          },
          {
            "start": { "line": 50, "column": 31 },
            "end": { "line": 50, "column": 56 }
          },
          {
            "start": { "line": 50, "column": 60 },
            "end": { "line": 50, "column": 94 }
          },
          {
            "start": { "line": 51, "column": 8 },
            "end": { "line": 51, "column": 23 }
          },
          {
            "start": { "line": 51, "column": 27 },
            "end": { "line": 51, "column": 46 }
          },
          {
            "start": { "line": 51, "column": 50 },
            "end": { "line": 51, "column": 68 }
          }
        ],
        "line": 49
      },
      "3": {
        "loc": {
          "start": { "line": 55, "column": 2 },
          "end": { "line": 57, "column": 3 }
        },
        "type": "if",
        "locations": [
          {
            "start": { "line": 55, "column": 2 },
            "end": { "line": 57, "column": 3 }
          },
          { "start": {}, "end": {} }
        ],
        "line": 55
      },
      "4": {
        "loc": {
          "start": { "line": 55, "column": 6 },
          "end": { "line": 55, "column": 52 }
        },
        "type": "binary-expr",
        "locations": [
          {
            "start": { "line": 55, "column": 6 },
            "end": { "line": 55, "column": 27 }
          },
          {
            "start": { "line": 55, "column": 31 },
            "end": { "line": 55, "column": 52 }
          }
        ],
        "line": 55
      },
      "5": {
        "loc": {
          "start": { "line": 58, "column": 2 },
          "end": { "line": 60, "column": 3 }
        },
        "type": "if",
        "locations": [
          {
            "start": { "line": 58, "column": 2 },
            "end": { "line": 60, "column": 3 }
          },
          { "start": {}, "end": {} }
        ],
        "line": 58
      },
      "6": {
        "loc": {
          "start": { "line": 62, "column": 4 },
          "end": { "line": 64, "column": 5 }
        },
        "type": "if",
        "locations": [
          {
            "start": { "line": 62, "column": 4 },
            "end": { "line": 64, "column": 5 }
          },
          { "start": {}, "end": {} }
        ],
        "line": 62
      }
    },
    "s": {
      "0": 1,
      "1": 1,
      "2": 1,
      "3": 0,
      "4": 0,
      "5": 0,
      "6": 0,
      "7": 0,
      "8": 0,
      "9": 0,
      "10": 0,
      "11": 0,
      "12": 0,
      "13": 0
    },
    "f": { "0": 1 },
    "b": {
      "0": [1, 0],
      "1": [0, 0],
      "2": [0, 0, 0, 0, 0, 0, 0],
      "3": [0, 0],
      "4": [0, 0],
      "5": [0, 0],
      "6": [0, 0]
    },
    "_coverageSchema": "1a1c01bbd47fc00a2c39e90264f33305004495a9",
    "hash": "915daf06503946e2066ade1dface103fa894ac0e"
  },
  "/home/pazu/Workspaces/koulu/testing-part-2/library/src/isLength.js": {
    "path": "/home/pazu/Workspaces/koulu/testing-part-2/library/src/isLength.js",
    "statementMap": {
      "0": {
        "start": { "line": 2, "column": 25 },
        "end": { "line": 2, "column": 41 }
      },
      "1": {
        "start": { "line": 29, "column": 2 },
        "end": { "line": 30, "column": 61 }
      }
    },
    "fnMap": {
      "0": {
        "name": "isLength",
        "decl": {
          "start": { "line": 28, "column": 9 },
          "end": { "line": 28, "column": 17 }
        },
        "loc": {
          "start": { "line": 28, "column": 25 },
          "end": { "line": 31, "column": 1 }
        },
        "line": 28
      }
    },
    "branchMap": {
      "0": {
        "loc": {
          "start": { "line": 29, "column": 9 },
          "end": { "line": 30, "column": 61 }
        },
        "type": "binary-expr",
        "locations": [
          {
            "start": { "line": 29, "column": 9 },
            "end": { "line": 29, "column": 34 }
          },
          {
            "start": { "line": 30, "column": 4 },
            "end": { "line": 30, "column": 14 }
          },
          {
            "start": { "line": 30, "column": 18 },
            "end": { "line": 30, "column": 32 }
          },
          {
            "start": { "line": 30, "column": 36 },
            "end": { "line": 30, "column": 61 }
          }
        ],
        "line": 29
      }
    },
    "s": { "0": 2, "1": 2 },
    "f": { "0": 2 },
    "b": { "0": [2, 2, 2, 2] },
    "_coverageSchema": "1a1c01bbd47fc00a2c39e90264f33305004495a9",
    "hash": "60f64bcc3d454bc85c56cb131353306f05573eca"
  },
  "/home/pazu/Workspaces/koulu/testing-part-2/library/src/isObject.js": {
    "path": "/home/pazu/Workspaces/koulu/testing-part-2/library/src/isObject.js",
    "statementMap": {
      "0": {
        "start": { "line": 25, "column": 15 },
        "end": { "line": 25, "column": 27 }
      },
      "1": {
        "start": { "line": 26, "column": 2 },
        "end": { "line": 26, "column": 68 }
      }
    },
    "fnMap": {
      "0": {
        "name": "isObject",
        "decl": {
          "start": { "line": 24, "column": 9 },
          "end": { "line": 24, "column": 17 }
        },
        "loc": {
          "start": { "line": 24, "column": 25 },
          "end": { "line": 27, "column": 1 }
        },
        "line": 24
      }
    },
    "branchMap": {
      "0": {
        "loc": {
          "start": { "line": 26, "column": 9 },
          "end": { "line": 26, "column": 68 }
        },
        "type": "binary-expr",
        "locations": [
          {
            "start": { "line": 26, "column": 9 },
            "end": { "line": 26, "column": 22 }
          },
          {
            "start": { "line": 26, "column": 27 },
            "end": { "line": 26, "column": 44 }
          },
          {
            "start": { "line": 26, "column": 48 },
            "end": { "line": 26, "column": 67 }
          }
        ],
        "line": 26
      }
    },
    "s": { "0": 1, "1": 1 },
    "f": { "0": 1 },
    "b": { "0": [1, 1, 1] },
    "_coverageSchema": "1a1c01bbd47fc00a2c39e90264f33305004495a9",
    "hash": "7494d41bd5fd8e780a3d0df092b28c4188886570"
  },
  "/home/pazu/Workspaces/koulu/testing-part-2/library/src/isObjectLike.js": {
    "path": "/home/pazu/Workspaces/koulu/testing-part-2/library/src/isObjectLike.js",
    "statementMap": {
      "0": {
        "start": { "line": 24, "column": 2 },
        "end": { "line": 24, "column": 52 }
      }
    },
    "fnMap": {
      "0": {
        "name": "isObjectLike",
        "decl": {
          "start": { "line": 23, "column": 9 },
          "end": { "line": 23, "column": 21 }
        },
        "loc": {
          "start": { "line": 23, "column": 29 },
          "end": { "line": 25, "column": 1 }
        },
        "line": 23
      }
    },
    "branchMap": {
      "0": {
        "loc": {
          "start": { "line": 24, "column": 9 },
          "end": { "line": 24, "column": 52 }
        },
        "type": "binary-expr",
        "locations": [
          {
            "start": { "line": 24, "column": 9 },
            "end": { "line": 24, "column": 34 }
          },
          {
            "start": { "line": 24, "column": 38 },
            "end": { "line": 24, "column": 52 }
          }
        ],
        "line": 24
      }
    },
    "s": { "0": 5 },
    "f": { "0": 5 },
    "b": { "0": [5, 2] },
    "_coverageSchema": "1a1c01bbd47fc00a2c39e90264f33305004495a9",
    "hash": "9842bfa5ae0a8157f099aa0e39f6b67976c7d1f9"
  },
  "/home/pazu/Workspaces/koulu/testing-part-2/library/src/isSymbol.js": {
    "path": "/home/pazu/Workspaces/koulu/testing-part-2/library/src/isSymbol.js",
    "statementMap": {
      "0": {
        "start": { "line": 19, "column": 15 },
        "end": { "line": 19, "column": 27 }
      },
      "1": {
        "start": { "line": 20, "column": 2 },
        "end": { "line": 20, "column": 103 }
      }
    },
    "fnMap": {
      "0": {
        "name": "isSymbol",
        "decl": {
          "start": { "line": 18, "column": 9 },
          "end": { "line": 18, "column": 17 }
        },
        "loc": {
          "start": { "line": 18, "column": 25 },
          "end": { "line": 21, "column": 1 }
        },
        "line": 18
      }
    },
    "branchMap": {
      "0": {
        "loc": {
          "start": { "line": 20, "column": 9 },
          "end": { "line": 20, "column": 103 }
        },
        "type": "binary-expr",
        "locations": [
          {
            "start": { "line": 20, "column": 9 },
            "end": { "line": 20, "column": 25 }
          },
          {
            "start": { "line": 20, "column": 30 },
            "end": { "line": 20, "column": 47 }
          },
          {
            "start": { "line": 20, "column": 51 },
            "end": { "line": 20, "column": 64 }
          },
          {
            "start": { "line": 20, "column": 68 },
            "end": { "line": 20, "column": 102 }
          }
        ],
        "line": 20
      }
    },
    "s": { "0": 1, "1": 1 },
    "f": { "0": 1 },
    "b": { "0": [1, 1, 0, 0] },
    "_coverageSchema": "1a1c01bbd47fc00a2c39e90264f33305004495a9",
    "hash": "a328fd0fc3ee1fdbae06ae2300735c52542a07dc"
  },
  "/home/pazu/Workspaces/koulu/testing-part-2/library/src/isTypedArray.js": {
    "path": "/home/pazu/Workspaces/koulu/testing-part-2/library/src/isTypedArray.js",
    "statementMap": {
      "0": {
        "start": { "line": 6, "column": 19 },
        "end": { "line": 6, "column": 94 }
      },
      "1": {
        "start": { "line": 9, "column": 25 },
        "end": { "line": 9, "column": 60 }
      },
      "2": {
        "start": { "line": 26, "column": 21 },
        "end": { "line": 28, "column": 68 }
      },
      "3": {
        "start": { "line": 27, "column": 15 },
        "end": { "line": 27, "column": 38 }
      },
      "4": {
        "start": { "line": 28, "column": 15 },
        "end": { "line": 28, "column": 68 }
      }
    },
    "fnMap": {
      "0": {
        "name": "(anonymous_0)",
        "decl": {
          "start": { "line": 27, "column": 4 },
          "end": { "line": 27, "column": 5 }
        },
        "loc": {
          "start": { "line": 27, "column": 15 },
          "end": { "line": 27, "column": 38 }
        },
        "line": 27
      },
      "1": {
        "name": "(anonymous_1)",
        "decl": {
          "start": { "line": 28, "column": 4 },
          "end": { "line": 28, "column": 5 }
        },
        "loc": {
          "start": { "line": 28, "column": 15 },
          "end": { "line": 28, "column": 68 }
        },
        "line": 28
      }
    },
    "branchMap": {
      "0": {
        "loc": {
          "start": { "line": 9, "column": 25 },
          "end": { "line": 9, "column": 60 }
        },
        "type": "binary-expr",
        "locations": [
          {
            "start": { "line": 9, "column": 25 },
            "end": { "line": 9, "column": 34 }
          },
          {
            "start": { "line": 9, "column": 38 },
            "end": { "line": 9, "column": 60 }
          }
        ],
        "line": 9
      },
      "1": {
        "loc": {
          "start": { "line": 26, "column": 21 },
          "end": { "line": 28, "column": 68 }
        },
        "type": "cond-expr",
        "locations": [
          {
            "start": { "line": 27, "column": 4 },
            "end": { "line": 27, "column": 38 }
          },
          {
            "start": { "line": 28, "column": 4 },
            "end": { "line": 28, "column": 68 }
          }
        ],
        "line": 26
      },
      "2": {
        "loc": {
          "start": { "line": 28, "column": 15 },
          "end": { "line": 28, "column": 68 }
        },
        "type": "binary-expr",
        "locations": [
          {
            "start": { "line": 28, "column": 15 },
            "end": { "line": 28, "column": 34 }
          },
          {
            "start": { "line": 28, "column": 38 },
            "end": { "line": 28, "column": 68 }
          }
        ],
        "line": 28
      }
    },
    "s": { "0": 1, "1": 1, "2": 1, "3": 0, "4": 0 },
    "f": { "0": 0, "1": 0 },
    "b": { "0": [1, 1], "1": [1, 0], "2": [0, 0] },
    "_coverageSchema": "1a1c01bbd47fc00a2c39e90264f33305004495a9",
    "hash": "9d196202b223ac830caa4dbcbfbe10951f5ea3c5"
  },
  "/home/pazu/Workspaces/koulu/testing-part-2/library/src/slice.js": {
    "path": "/home/pazu/Workspaces/koulu/testing-part-2/library/src/slice.js",
    "statementMap": {
      "0": {
        "start": { "line": 22, "column": 15 },
        "end": { "line": 22, "column": 47 }
      },
      "1": {
        "start": { "line": 23, "column": 2 },
        "end": { "line": 25, "column": 3 }
      },
      "2": {
        "start": { "line": 24, "column": 4 },
        "end": { "line": 24, "column": 13 }
      },
      "3": {
        "start": { "line": 26, "column": 2 },
        "end": { "line": 26, "column": 35 }
      },
      "4": {
        "start": { "line": 27, "column": 2 },
        "end": { "line": 27, "column": 40 }
      },
      "5": {
        "start": { "line": 29, "column": 2 },
        "end": { "line": 31, "column": 3 }
      },
      "6": {
        "start": { "line": 30, "column": 4 },
        "end": { "line": 30, "column": 50 }
      },
      "7": {
        "start": { "line": 32, "column": 2 },
        "end": { "line": 34, "column": 3 }
      },
      "8": {
        "start": { "line": 33, "column": 4 },
        "end": { "line": 33, "column": 17 }
      },
      "9": {
        "start": { "line": 35, "column": 2 },
        "end": { "line": 35, "column": 50 }
      },
      "10": {
        "start": { "line": 36, "column": 2 },
        "end": { "line": 36, "column": 14 }
      },
      "11": {
        "start": { "line": 38, "column": 14 },
        "end": { "line": 38, "column": 16 }
      },
      "12": {
        "start": { "line": 39, "column": 17 },
        "end": { "line": 39, "column": 34 }
      },
      "13": {
        "start": { "line": 40, "column": 2 },
        "end": { "line": 42, "column": 3 }
      },
      "14": {
        "start": { "line": 41, "column": 4 },
        "end": { "line": 41, "column": 40 }
      },
      "15": {
        "start": { "line": 43, "column": 2 },
        "end": { "line": 43, "column": 15 }
      }
    },
    "fnMap": {
      "0": {
        "name": "slice",
        "decl": {
          "start": { "line": 21, "column": 9 },
          "end": { "line": 21, "column": 14 }
        },
        "loc": {
          "start": { "line": 21, "column": 34 },
          "end": { "line": 44, "column": 1 }
        },
        "line": 21
      }
    },
    "branchMap": {
      "0": {
        "loc": {
          "start": { "line": 22, "column": 15 },
          "end": { "line": 22, "column": 47 }
        },
        "type": "cond-expr",
        "locations": [
          {
            "start": { "line": 22, "column": 31 },
            "end": { "line": 22, "column": 32 }
          },
          {
            "start": { "line": 22, "column": 35 },
            "end": { "line": 22, "column": 47 }
          }
        ],
        "line": 22
      },
      "1": {
        "loc": {
          "start": { "line": 23, "column": 2 },
          "end": { "line": 25, "column": 3 }
        },
        "type": "if",
        "locations": [
          {
            "start": { "line": 23, "column": 2 },
            "end": { "line": 25, "column": 3 }
          },
          { "start": {}, "end": {} }
        ],
        "line": 23
      },
      "2": {
        "loc": {
          "start": { "line": 26, "column": 10 },
          "end": { "line": 26, "column": 35 }
        },
        "type": "cond-expr",
        "locations": [
          {
            "start": { "line": 26, "column": 26 },
            "end": { "line": 26, "column": 27 }
          },
          {
            "start": { "line": 26, "column": 30 },
            "end": { "line": 26, "column": 35 }
          }
        ],
        "line": 26
      },
      "3": {
        "loc": {
          "start": { "line": 27, "column": 8 },
          "end": { "line": 27, "column": 40 }
        },
        "type": "cond-expr",
        "locations": [
          {
            "start": { "line": 27, "column": 28 },
            "end": { "line": 27, "column": 34 }
          },
          {
            "start": { "line": 27, "column": 37 },
            "end": { "line": 27, "column": 40 }
          }
        ],
        "line": 27
      },
      "4": {
        "loc": {
          "start": { "line": 29, "column": 2 },
          "end": { "line": 31, "column": 3 }
        },
        "type": "if",
        "locations": [
          {
            "start": { "line": 29, "column": 2 },
            "end": { "line": 31, "column": 3 }
          },
          { "start": {}, "end": {} }
        ],
        "line": 29
      },
      "5": {
        "loc": {
          "start": { "line": 30, "column": 12 },
          "end": { "line": 30, "column": 50 }
        },
        "type": "cond-expr",
        "locations": [
          {
            "start": { "line": 30, "column": 30 },
            "end": { "line": 30, "column": 31 }
          },
          {
            "start": { "line": 30, "column": 35 },
            "end": { "line": 30, "column": 49 }
          }
        ],
        "line": 30
      },
      "6": {
        "loc": {
          "start": { "line": 32, "column": 2 },
          "end": { "line": 34, "column": 3 }
        },
        "type": "if",
        "locations": [
          {
            "start": { "line": 32, "column": 2 },
            "end": { "line": 34, "column": 3 }
          },
          { "start": {}, "end": {} }
        ],
        "line": 32
      },
      "7": {
        "loc": {
          "start": { "line": 35, "column": 11 },
          "end": { "line": 35, "column": 50 }
        },
        "type": "cond-expr",
        "locations": [
          {
            "start": { "line": 35, "column": 25 },
            "end": { "line": 35, "column": 26 }
          },
          {
            "start": { "line": 35, "column": 30 },
            "end": { "line": 35, "column": 49 }
          }
        ],
        "line": 35
      }
    },
    "s": {
      "0": 0,
      "1": 0,
      "2": 0,
      "3": 0,
      "4": 0,
      "5": 0,
      "6": 0,
      "7": 0,
      "8": 0,
      "9": 0,
      "10": 0,
      "11": 0,
      "12": 0,
      "13": 0,
      "14": 0,
      "15": 0
    },
    "f": { "0": 0 },
    "b": {
      "0": [0, 0],
      "1": [0, 0],
      "2": [0, 0],
      "3": [0, 0],
      "4": [0, 0],
      "5": [0, 0],
      "6": [0, 0],
      "7": [0, 0]
    },
    "_coverageSchema": "1a1c01bbd47fc00a2c39e90264f33305004495a9",
    "hash": "0e4fc8790cbcac44dc07c406640e960d93bd43f9"
  },
  "/home/pazu/Workspaces/koulu/testing-part-2/library/src/toFinite.js": {
    "path": "/home/pazu/Workspaces/koulu/testing-part-2/library/src/toFinite.js",
    "statementMap": {
      "0": {
        "start": { "line": 4, "column": 17 },
        "end": { "line": 4, "column": 22 }
      },
      "1": {
        "start": { "line": 5, "column": 20 },
        "end": { "line": 5, "column": 43 }
      },
      "2": {
        "start": { "line": 29, "column": 2 },
        "end": { "line": 31, "column": 3 }
      },
      "3": {
        "start": { "line": 30, "column": 4 },
        "end": { "line": 30, "column": 34 }
      },
      "4": {
        "start": { "line": 32, "column": 2 },
        "end": { "line": 32, "column": 25 }
      },
      "5": {
        "start": { "line": 33, "column": 2 },
        "end": { "line": 36, "column": 3 }
      },
      "6": {
        "start": { "line": 34, "column": 18 },
        "end": { "line": 34, "column": 36 }
      },
      "7": {
        "start": { "line": 35, "column": 4 },
        "end": { "line": 35, "column": 29 }
      },
      "8": {
        "start": { "line": 37, "column": 2 },
        "end": { "line": 37, "column": 36 }
      }
    },
    "fnMap": {
      "0": {
        "name": "toFinite",
        "decl": {
          "start": { "line": 28, "column": 9 },
          "end": { "line": 28, "column": 17 }
        },
        "loc": {
          "start": { "line": 28, "column": 25 },
          "end": { "line": 38, "column": 1 }
        },
        "line": 28
      }
    },
    "branchMap": {
      "0": {
        "loc": {
          "start": { "line": 29, "column": 2 },
          "end": { "line": 31, "column": 3 }
        },
        "type": "if",
        "locations": [
          {
            "start": { "line": 29, "column": 2 },
            "end": { "line": 31, "column": 3 }
          },
          { "start": {}, "end": {} }
        ],
        "line": 29
      },
      "1": {
        "loc": {
          "start": { "line": 30, "column": 11 },
          "end": { "line": 30, "column": 34 }
        },
        "type": "cond-expr",
        "locations": [
          {
            "start": { "line": 30, "column": 25 },
            "end": { "line": 30, "column": 30 }
          },
          {
            "start": { "line": 30, "column": 33 },
            "end": { "line": 30, "column": 34 }
          }
        ],
        "line": 30
      },
      "2": {
        "loc": {
          "start": { "line": 33, "column": 2 },
          "end": { "line": 36, "column": 3 }
        },
        "type": "if",
        "locations": [
          {
            "start": { "line": 33, "column": 2 },
            "end": { "line": 36, "column": 3 }
          },
          { "start": {}, "end": {} }
        ],
        "line": 33
      },
      "3": {
        "loc": {
          "start": { "line": 33, "column": 6 },
          "end": { "line": 33, "column": 47 }
        },
        "type": "binary-expr",
        "locations": [
          {
            "start": { "line": 33, "column": 6 },
            "end": { "line": 33, "column": 24 }
          },
          {
            "start": { "line": 33, "column": 28 },
            "end": { "line": 33, "column": 47 }
          }
        ],
        "line": 33
      },
      "4": {
        "loc": {
          "start": { "line": 34, "column": 18 },
          "end": { "line": 34, "column": 36 }
        },
        "type": "cond-expr",
        "locations": [
          {
            "start": { "line": 34, "column": 30 },
            "end": { "line": 34, "column": 32 }
          },
          {
            "start": { "line": 34, "column": 35 },
            "end": { "line": 34, "column": 36 }
          }
        ],
        "line": 34
      },
      "5": {
        "loc": {
          "start": { "line": 37, "column": 9 },
          "end": { "line": 37, "column": 36 }
        },
        "type": "cond-expr",
        "locations": [
          {
            "start": { "line": 37, "column": 27 },
            "end": { "line": 37, "column": 32 }
          },
          {
            "start": { "line": 37, "column": 35 },
            "end": { "line": 37, "column": 36 }
          }
        ],
        "line": 37
      }
    },
    "s": {
      "0": 1,
      "1": 1,
      "2": 4,
      "3": 0,
      "4": 4,
      "5": 4,
      "6": 1,
      "7": 1,
      "8": 3
    },
    "f": { "0": 4 },
    "b": {
      "0": [0, 4],
      "1": [0, 0],
      "2": [1, 3],
      "3": [4, 3],
      "4": [0, 1],
      "5": [3, 0]
    },
    "_coverageSchema": "1a1c01bbd47fc00a2c39e90264f33305004495a9",
    "hash": "841cbd877f59e31c1a3940f6ebde41c538a3c3ac"
  },
  "/home/pazu/Workspaces/koulu/testing-part-2/library/src/toNumber.js": {
    "path": "/home/pazu/Workspaces/koulu/testing-part-2/library/src/toNumber.js",
    "statementMap": {
      "0": {
        "start": { "line": 5, "column": 12 },
        "end": { "line": 5, "column": 17 }
      },
      "1": {
        "start": { "line": 8, "column": 15 },
        "end": { "line": 8, "column": 27 }
      },
      "2": {
        "start": { "line": 11, "column": 19 },
        "end": { "line": 11, "column": 39 }
      },
      "3": {
        "start": { "line": 14, "column": 19 },
        "end": { "line": 14, "column": 31 }
      },
      "4": {
        "start": { "line": 17, "column": 18 },
        "end": { "line": 17, "column": 31 }
      },
      "5": {
        "start": { "line": 20, "column": 21 },
        "end": { "line": 20, "column": 29 }
      },
      "6": {
        "start": { "line": 45, "column": 2 },
        "end": { "line": 47, "column": 3 }
      },
      "7": {
        "start": { "line": 46, "column": 4 },
        "end": { "line": 46, "column": 16 }
      },
      "8": {
        "start": { "line": 48, "column": 2 },
        "end": { "line": 50, "column": 3 }
      },
      "9": {
        "start": { "line": 49, "column": 4 },
        "end": { "line": 49, "column": 14 }
      },
      "10": {
        "start": { "line": 51, "column": 2 },
        "end": { "line": 54, "column": 3 }
      },
      "11": {
        "start": { "line": 52, "column": 18 },
        "end": { "line": 52, "column": 79 }
      },
      "12": {
        "start": { "line": 53, "column": 4 },
        "end": { "line": 53, "column": 48 }
      },
      "13": {
        "start": { "line": 55, "column": 2 },
        "end": { "line": 57, "column": 3 }
      },
      "14": {
        "start": { "line": 56, "column": 4 },
        "end": { "line": 56, "column": 39 }
      },
      "15": {
        "start": { "line": 58, "column": 2 },
        "end": { "line": 58, "column": 35 }
      },
      "16": {
        "start": { "line": 59, "column": 19 },
        "end": { "line": 59, "column": 41 }
      },
      "17": {
        "start": { "line": 60, "column": 2 },
        "end": { "line": 62, "column": 45 }
      }
    },
    "fnMap": {
      "0": {
        "name": "toNumber",
        "decl": {
          "start": { "line": 44, "column": 9 },
          "end": { "line": 44, "column": 17 }
        },
        "loc": {
          "start": { "line": 44, "column": 25 },
          "end": { "line": 63, "column": 1 }
        },
        "line": 44
      }
    },
    "branchMap": {
      "0": {
        "loc": {
          "start": { "line": 45, "column": 2 },
          "end": { "line": 47, "column": 3 }
        },
        "type": "if",
        "locations": [
          {
            "start": { "line": 45, "column": 2 },
            "end": { "line": 47, "column": 3 }
          },
          { "start": {}, "end": {} }
        ],
        "line": 45
      },
      "1": {
        "loc": {
          "start": { "line": 48, "column": 2 },
          "end": { "line": 50, "column": 3 }
        },
        "type": "if",
        "locations": [
          {
            "start": { "line": 48, "column": 2 },
            "end": { "line": 50, "column": 3 }
          },
          { "start": {}, "end": {} }
        ],
        "line": 48
      },
      "2": {
        "loc": {
          "start": { "line": 51, "column": 2 },
          "end": { "line": 54, "column": 3 }
        },
        "type": "if",
        "locations": [
          {
            "start": { "line": 51, "column": 2 },
            "end": { "line": 54, "column": 3 }
          },
          { "start": {}, "end": {} }
        ],
        "line": 51
      },
      "3": {
        "loc": {
          "start": { "line": 52, "column": 18 },
          "end": { "line": 52, "column": 79 }
        },
        "type": "cond-expr",
        "locations": [
          {
            "start": { "line": 52, "column": 56 },
            "end": { "line": 52, "column": 71 }
          },
          {
            "start": { "line": 52, "column": 74 },
            "end": { "line": 52, "column": 79 }
          }
        ],
        "line": 52
      },
      "4": {
        "loc": {
          "start": { "line": 53, "column": 12 },
          "end": { "line": 53, "column": 48 }
        },
        "type": "cond-expr",
        "locations": [
          {
            "start": { "line": 53, "column": 30 },
            "end": { "line": 53, "column": 40 }
          },
          {
            "start": { "line": 53, "column": 43 },
            "end": { "line": 53, "column": 48 }
          }
        ],
        "line": 53
      },
      "5": {
        "loc": {
          "start": { "line": 55, "column": 2 },
          "end": { "line": 57, "column": 3 }
        },
        "type": "if",
        "locations": [
          {
            "start": { "line": 55, "column": 2 },
            "end": { "line": 57, "column": 3 }
          },
          { "start": {}, "end": {} }
        ],
        "line": 55
      },
      "6": {
        "loc": {
          "start": { "line": 56, "column": 11 },
          "end": { "line": 56, "column": 39 }
        },
        "type": "cond-expr",
        "locations": [
          {
            "start": { "line": 56, "column": 25 },
            "end": { "line": 56, "column": 30 }
          },
          {
            "start": { "line": 56, "column": 33 },
            "end": { "line": 56, "column": 39 }
          }
        ],
        "line": 56
      },
      "7": {
        "loc": {
          "start": { "line": 60, "column": 9 },
          "end": { "line": 62, "column": 45 }
        },
        "type": "cond-expr",
        "locations": [
          {
            "start": { "line": 61, "column": 6 },
            "end": { "line": 61, "column": 52 }
          },
          {
            "start": { "line": 62, "column": 7 },
            "end": { "line": 62, "column": 44 }
          }
        ],
        "line": 60
      },
      "8": {
        "loc": {
          "start": { "line": 60, "column": 10 },
          "end": { "line": 60, "column": 43 }
        },
        "type": "binary-expr",
        "locations": [
          {
            "start": { "line": 60, "column": 10 },
            "end": { "line": 60, "column": 18 }
          },
          {
            "start": { "line": 60, "column": 22 },
            "end": { "line": 60, "column": 43 }
          }
        ],
        "line": 60
      },
      "9": {
        "loc": {
          "start": { "line": 61, "column": 35 },
          "end": { "line": 61, "column": 51 }
        },
        "type": "cond-expr",
        "locations": [
          {
            "start": { "line": 61, "column": 46 },
            "end": { "line": 61, "column": 47 }
          },
          {
            "start": { "line": 61, "column": 50 },
            "end": { "line": 61, "column": 51 }
          }
        ],
        "line": 61
      },
      "10": {
        "loc": {
          "start": { "line": 62, "column": 7 },
          "end": { "line": 62, "column": 44 }
        },
        "type": "cond-expr",
        "locations": [
          {
            "start": { "line": 62, "column": 32 },
            "end": { "line": 62, "column": 35 }
          },
          {
            "start": { "line": 62, "column": 38 },
            "end": { "line": 62, "column": 44 }
          }
        ],
        "line": 62
      }
    },
    "s": {
      "0": 1,
      "1": 1,
      "2": 1,
      "3": 1,
      "4": 1,
      "5": 1,
      "6": 4,
      "7": 3,
      "8": 1,
      "9": 0,
      "10": 1,
      "11": 0,
      "12": 0,
      "13": 1,
      "14": 0,
      "15": 1,
      "16": 1,
      "17": 1
    },
    "f": { "0": 4 },
    "b": {
      "0": [3, 1],
      "1": [0, 1],
      "2": [0, 1],
      "3": [0, 0],
      "4": [0, 0],
      "5": [0, 1],
      "6": [0, 0],
      "7": [0, 1],
      "8": [1, 1],
      "9": [0, 0],
      "10": [0, 1]
    },
    "_coverageSchema": "1a1c01bbd47fc00a2c39e90264f33305004495a9",
    "hash": "a4d9a064f49e74f20347807a46cd3fdcae8e6a4e"
  },
  "/home/pazu/Workspaces/koulu/testing-part-2/library/src/upperFirst.js": {
    "path": "/home/pazu/Workspaces/koulu/testing-part-2/library/src/upperFirst.js",
    "statementMap": {
      "0": {
        "start": { "line": 19, "column": 19 },
        "end": { "line": 19, "column": 49 }
      }
    },
    "fnMap": {},
    "branchMap": {},
    "s": { "0": 1 },
    "f": {},
    "b": {},
    "_coverageSchema": "1a1c01bbd47fc00a2c39e90264f33305004495a9",
    "hash": "43d020802abf4d0f250500ad780b630a1e3da9e8"
  },
  "/home/pazu/Workspaces/koulu/testing-part-2/library/src/words.js": {
    "path": "/home/pazu/Workspaces/koulu/testing-part-2/library/src/words.js",
    "statementMap": {
      "0": {
        "start": { "line": 3, "column": 23 },
        "end": { "line": 5, "column": 1 }
      },
      "1": {
        "start": { "line": 8, "column": 20 },
        "end": { "line": 8, "column": 63 }
      },
      "2": {
        "start": { "line": 11, "column": 2 },
        "end": { "line": 11, "column": 34 }
      },
      "3": {
        "start": { "line": 31, "column": 2 },
        "end": { "line": 34, "column": 3 }
      },
      "4": {
        "start": { "line": 32, "column": 19 },
        "end": { "line": 32, "column": 85 }
      },
      "5": {
        "start": { "line": 33, "column": 4 },
        "end": { "line": 33, "column": 23 }
      },
      "6": {
        "start": { "line": 35, "column": 2 },
        "end": { "line": 35, "column": 36 }
      }
    },
    "fnMap": {
      "0": {
        "name": "asciiWords",
        "decl": {
          "start": { "line": 10, "column": 9 },
          "end": { "line": 10, "column": 19 }
        },
        "loc": {
          "start": { "line": 10, "column": 28 },
          "end": { "line": 12, "column": 1 }
        },
        "line": 10
      },
      "1": {
        "name": "words",
        "decl": {
          "start": { "line": 30, "column": 9 },
          "end": { "line": 30, "column": 14 }
        },
        "loc": {
          "start": { "line": 30, "column": 32 },
          "end": { "line": 36, "column": 1 }
        },
        "line": 30
      }
    },
    "branchMap": {
      "0": {
        "loc": {
          "start": { "line": 31, "column": 2 },
          "end": { "line": 34, "column": 3 }
        },
        "type": "if",
        "locations": [
          {
            "start": { "line": 31, "column": 2 },
            "end": { "line": 34, "column": 3 }
          },
          { "start": {}, "end": {} }
        ],
        "line": 31
      },
      "1": {
        "loc": {
          "start": { "line": 32, "column": 19 },
          "end": { "line": 32, "column": 85 }
        },
        "type": "cond-expr",
        "locations": [
          {
            "start": { "line": 32, "column": 44 },
            "end": { "line": 32, "column": 64 }
          },
          {
            "start": { "line": 32, "column": 67 },
            "end": { "line": 32, "column": 85 }
          }
        ],
        "line": 32
      },
      "2": {
        "loc": {
          "start": { "line": 33, "column": 11 },
          "end": { "line": 33, "column": 23 }
        },
        "type": "binary-expr",
        "locations": [
          {
            "start": { "line": 33, "column": 11 },
            "end": { "line": 33, "column": 17 }
          },
          {
            "start": { "line": 33, "column": 21 },
            "end": { "line": 33, "column": 23 }
          }
        ],
        "line": 33
      },
      "3": {
        "loc": {
          "start": { "line": 35, "column": 9 },
          "end": { "line": 35, "column": 36 }
        },
        "type": "binary-expr",
        "locations": [
          {
            "start": { "line": 35, "column": 9 },
            "end": { "line": 35, "column": 30 }
          },
          {
            "start": { "line": 35, "column": 34 },
            "end": { "line": 35, "column": 36 }
          }
        ],
        "line": 35
      }
    },
    "s": { "0": 1, "1": 1, "2": 59, "3": 59, "4": 59, "5": 59, "6": 0 },
    "f": { "0": 59, "1": 59 },
    "b": { "0": [59, 0], "1": [0, 59], "2": [59, 1], "3": [0, 0] },
    "_coverageSchema": "1a1c01bbd47fc00a2c39e90264f33305004495a9",
    "hash": "6ad6d35c159f4ef3c93c664a82fa06369e675dbd"
  },
  "/home/pazu/Workspaces/koulu/testing-part-2/library/src/.internal/arrayReduce.js": {
    "path": "/home/pazu/Workspaces/koulu/testing-part-2/library/src/.internal/arrayReduce.js",
    "statementMap": {
      "0": {
        "start": { "line": 13, "column": 14 },
        "end": { "line": 13, "column": 16 }
      },
      "1": {
        "start": { "line": 14, "column": 17 },
        "end": { "line": 14, "column": 49 }
      },
      "2": {
        "start": { "line": 16, "column": 2 },
        "end": { "line": 18, "column": 3 }
      },
      "3": {
        "start": { "line": 17, "column": 4 },
        "end": { "line": 17, "column": 33 }
      },
      "4": {
        "start": { "line": 19, "column": 2 },
        "end": { "line": 21, "column": 3 }
      },
      "5": {
        "start": { "line": 20, "column": 4 },
        "end": { "line": 20, "column": 68 }
      },
      "6": {
        "start": { "line": 22, "column": 2 },
        "end": { "line": 22, "column": 21 }
      }
    },
    "fnMap": {
      "0": {
        "name": "arrayReduce",
        "decl": {
          "start": { "line": 12, "column": 9 },
          "end": { "line": 12, "column": 20 }
        },
        "loc": {
          "start": { "line": 12, "column": 62 },
          "end": { "line": 23, "column": 1 }
        },
        "line": 12
      }
    },
    "branchMap": {
      "0": {
        "loc": {
          "start": { "line": 14, "column": 17 },
          "end": { "line": 14, "column": 49 }
        },
        "type": "cond-expr",
        "locations": [
          {
            "start": { "line": 14, "column": 33 },
            "end": { "line": 14, "column": 34 }
          },
          {
            "start": { "line": 14, "column": 37 },
            "end": { "line": 14, "column": 49 }
          }
        ],
        "line": 14
      },
      "1": {
        "loc": {
          "start": { "line": 16, "column": 2 },
          "end": { "line": 18, "column": 3 }
        },
        "type": "if",
        "locations": [
          {
            "start": { "line": 16, "column": 2 },
            "end": { "line": 18, "column": 3 }
          },
          { "start": {}, "end": {} }
        ],
        "line": 16
      },
      "2": {
        "loc": {
          "start": { "line": 16, "column": 6 },
          "end": { "line": 16, "column": 25 }
        },
        "type": "binary-expr",
        "locations": [
          {
            "start": { "line": 16, "column": 6 },
            "end": { "line": 16, "column": 15 }
          },
          {
            "start": { "line": 16, "column": 19 },
            "end": { "line": 16, "column": 25 }
          }
        ],
        "line": 16
      }
    },
    "s": { "0": 6, "1": 6, "2": 6, "3": 0, "4": 6, "5": 12, "6": 6 },
    "f": { "0": 6 },
    "b": { "0": [0, 6], "1": [0, 6], "2": [6, 0] },
    "_coverageSchema": "1a1c01bbd47fc00a2c39e90264f33305004495a9",
    "hash": "72b23606988607c1c7dbfdbc0f579009e9654d13"
  },
  "/home/pazu/Workspaces/koulu/testing-part-2/library/src/.internal/asciiToArray.js": {
    "path": "/home/pazu/Workspaces/koulu/testing-part-2/library/src/.internal/asciiToArray.js",
    "statementMap": {
      "0": {
        "start": { "line": 9, "column": 2 },
        "end": { "line": 9, "column": 26 }
      }
    },
    "fnMap": {
      "0": {
        "name": "asciiToArray",
        "decl": {
          "start": { "line": 8, "column": 9 },
          "end": { "line": 8, "column": 21 }
        },
        "loc": {
          "start": { "line": 8, "column": 30 },
          "end": { "line": 10, "column": 1 }
        },
        "line": 8
      }
    },
    "branchMap": {},
    "s": { "0": 0 },
    "f": { "0": 0 },
    "b": {},
    "_coverageSchema": "1a1c01bbd47fc00a2c39e90264f33305004495a9",
    "hash": "9c5c86d1206e027752bbf6402925793df124bf12"
  },
  "/home/pazu/Workspaces/koulu/testing-part-2/library/src/.internal/castSlice.js": {
    "path": "/home/pazu/Workspaces/koulu/testing-part-2/library/src/.internal/castSlice.js",
    "statementMap": {
      "0": {
        "start": { "line": 13, "column": 21 },
        "end": { "line": 13, "column": 26 }
      },
      "1": {
        "start": { "line": 14, "column": 2 },
        "end": { "line": 14, "column": 41 }
      },
      "2": {
        "start": { "line": 15, "column": 2 },
        "end": { "line": 15, "column": 68 }
      }
    },
    "fnMap": {
      "0": {
        "name": "castSlice",
        "decl": {
          "start": { "line": 12, "column": 9 },
          "end": { "line": 12, "column": 18 }
        },
        "loc": {
          "start": { "line": 12, "column": 38 },
          "end": { "line": 16, "column": 1 }
        },
        "line": 12
      }
    },
    "branchMap": {
      "0": {
        "loc": {
          "start": { "line": 14, "column": 8 },
          "end": { "line": 14, "column": 40 }
        },
        "type": "cond-expr",
        "locations": [
          {
            "start": { "line": 14, "column": 28 },
            "end": { "line": 14, "column": 34 }
          },
          {
            "start": { "line": 14, "column": 37 },
            "end": { "line": 14, "column": 40 }
          }
        ],
        "line": 14
      },
      "1": {
        "loc": {
          "start": { "line": 15, "column": 9 },
          "end": { "line": 15, "column": 67 }
        },
        "type": "cond-expr",
        "locations": [
          {
            "start": { "line": 15, "column": 35 },
            "end": { "line": 15, "column": 40 }
          },
          {
            "start": { "line": 15, "column": 43 },
            "end": { "line": 15, "column": 67 }
          }
        ],
        "line": 15
      },
      "2": {
        "loc": {
          "start": { "line": 15, "column": 9 },
          "end": { "line": 15, "column": 32 }
        },
        "type": "binary-expr",
        "locations": [
          {
            "start": { "line": 15, "column": 9 },
            "end": { "line": 15, "column": 15 }
          },
          {
            "start": { "line": 15, "column": 19 },
            "end": { "line": 15, "column": 32 }
          }
        ],
        "line": 15
      }
    },
    "s": { "0": 0, "1": 0, "2": 0 },
    "f": { "0": 0 },
    "b": { "0": [0, 0], "1": [0, 0], "2": [0, 0] },
    "_coverageSchema": "1a1c01bbd47fc00a2c39e90264f33305004495a9",
    "hash": "6859a1b662b7cff83ae051a36797b94556c6459d"
  },
  "/home/pazu/Workspaces/koulu/testing-part-2/library/src/.internal/createCaseFirst.js": {
    "path": "/home/pazu/Workspaces/koulu/testing-part-2/library/src/.internal/createCaseFirst.js",
    "statementMap": {
      "0": {
        "start": { "line": 13, "column": 2 },
        "end": { "line": 27, "column": 4 }
      },
      "1": {
        "start": { "line": 14, "column": 4 },
        "end": { "line": 16, "column": 5 }
      },
      "2": {
        "start": { "line": 15, "column": 6 },
        "end": { "line": 15, "column": 16 }
      },
      "3": {
        "start": { "line": 18, "column": 23 },
        "end": { "line": 18, "column": 77 }
      },
      "4": {
        "start": { "line": 20, "column": 16 },
        "end": { "line": 20, "column": 54 }
      },
      "5": {
        "start": { "line": 22, "column": 21 },
        "end": { "line": 24, "column": 23 }
      },
      "6": {
        "start": { "line": 26, "column": 4 },
        "end": { "line": 26, "column": 40 }
      }
    },
    "fnMap": {
      "0": {
        "name": "createCaseFirst",
        "decl": {
          "start": { "line": 12, "column": 9 },
          "end": { "line": 12, "column": 24 }
        },
        "loc": {
          "start": { "line": 12, "column": 37 },
          "end": { "line": 28, "column": 1 }
        },
        "line": 12
      },
      "1": {
        "name": "(anonymous_1)",
        "decl": {
          "start": { "line": 13, "column": 9 },
          "end": { "line": 13, "column": 10 }
        },
        "loc": {
          "start": { "line": 13, "column": 21 },
          "end": { "line": 27, "column": 3 }
        },
        "line": 13
      }
    },
    "branchMap": {
      "0": {
        "loc": {
          "start": { "line": 14, "column": 4 },
          "end": { "line": 16, "column": 5 }
        },
        "type": "if",
        "locations": [
          {
            "start": { "line": 14, "column": 4 },
            "end": { "line": 16, "column": 5 }
          },
          { "start": {}, "end": {} }
        ],
        "line": 14
      },
      "1": {
        "loc": {
          "start": { "line": 18, "column": 23 },
          "end": { "line": 18, "column": 77 }
        },
        "type": "cond-expr",
        "locations": [
          {
            "start": { "line": 18, "column": 44 },
            "end": { "line": 18, "column": 65 }
          },
          {
            "start": { "line": 18, "column": 68 },
            "end": { "line": 18, "column": 77 }
          }
        ],
        "line": 18
      },
      "2": {
        "loc": {
          "start": { "line": 20, "column": 16 },
          "end": { "line": 20, "column": 54 }
        },
        "type": "cond-expr",
        "locations": [
          {
            "start": { "line": 20, "column": 29 },
            "end": { "line": 20, "column": 42 }
          },
          {
            "start": { "line": 20, "column": 45 },
            "end": { "line": 20, "column": 54 }
          }
        ],
        "line": 20
      },
      "3": {
        "loc": {
          "start": { "line": 22, "column": 21 },
          "end": { "line": 24, "column": 23 }
        },
        "type": "cond-expr",
        "locations": [
          {
            "start": { "line": 23, "column": 8 },
            "end": { "line": 23, "column": 41 }
          },
          {
            "start": { "line": 24, "column": 8 },
            "end": { "line": 24, "column": 23 }
          }
        ],
        "line": 22
      }
    },
    "s": { "0": 1, "1": 101, "2": 1, "3": 100, "4": 100, "5": 100, "6": 100 },
    "f": { "0": 1, "1": 101 },
    "b": { "0": [1, 100], "1": [0, 100], "2": [0, 100], "3": [0, 100] },
    "_coverageSchema": "1a1c01bbd47fc00a2c39e90264f33305004495a9",
    "hash": "eb7bf15daaa25a117394a9340e6e1f63effb3237"
  },
  "/home/pazu/Workspaces/koulu/testing-part-2/library/src/.internal/freeGlobal.js": {
    "path": "/home/pazu/Workspaces/koulu/testing-part-2/library/src/.internal/freeGlobal.js",
    "statementMap": {
      "0": {
        "start": { "line": 3, "column": 2 },
        "end": { "line": 6, "column": 8 }
      }
    },
    "fnMap": {},
    "branchMap": {
      "0": {
        "loc": {
          "start": { "line": 3, "column": 2 },
          "end": { "line": 6, "column": 8 }
        },
        "type": "binary-expr",
        "locations": [
          {
            "start": { "line": 3, "column": 2 },
            "end": { "line": 3, "column": 28 }
          },
          {
            "start": { "line": 4, "column": 2 },
            "end": { "line": 4, "column": 17 }
          },
          {
            "start": { "line": 5, "column": 2 },
            "end": { "line": 5, "column": 26 }
          },
          {
            "start": { "line": 6, "column": 2 },
            "end": { "line": 6, "column": 8 }
          }
        ],
        "line": 3
      }
    },
    "s": { "0": 1 },
    "f": {},
    "b": { "0": [1, 1, 1, 1] },
    "_coverageSchema": "1a1c01bbd47fc00a2c39e90264f33305004495a9",
    "hash": "7214e5956e63de4a55ade29a9b69b9653395b43d"
  },
  "/home/pazu/Workspaces/koulu/testing-part-2/library/src/.internal/getTag.js": {
    "path": "/home/pazu/Workspaces/koulu/testing-part-2/library/src/.internal/getTag.js",
    "statementMap": {
      "0": {
        "start": { "line": 1, "column": 17 },
        "end": { "line": 1, "column": 42 }
      },
      "1": {
        "start": { "line": 11, "column": 2 },
        "end": { "line": 13, "column": 3 }
      },
      "2": {
        "start": { "line": 12, "column": 4 },
        "end": { "line": 12, "column": 72 }
      },
      "3": {
        "start": { "line": 14, "column": 2 },
        "end": { "line": 14, "column": 30 }
      }
    },
    "fnMap": {
      "0": {
        "name": "getTag",
        "decl": {
          "start": { "line": 10, "column": 9 },
          "end": { "line": 10, "column": 15 }
        },
        "loc": {
          "start": { "line": 10, "column": 23 },
          "end": { "line": 15, "column": 1 }
        },
        "line": 10
      }
    },
    "branchMap": {
      "0": {
        "loc": {
          "start": { "line": 11, "column": 2 },
          "end": { "line": 13, "column": 3 }
        },
        "type": "if",
        "locations": [
          {
            "start": { "line": 11, "column": 2 },
            "end": { "line": 13, "column": 3 }
          },
          { "start": {}, "end": {} }
        ],
        "line": 11
      },
      "1": {
        "loc": {
          "start": { "line": 12, "column": 11 },
          "end": { "line": 12, "column": 71 }
        },
        "type": "cond-expr",
        "locations": [
          {
            "start": { "line": 12, "column": 33 },
            "end": { "line": 12, "column": 53 }
          },
          {
            "start": { "line": 12, "column": 56 },
            "end": { "line": 12, "column": 71 }
          }
        ],
        "line": 12
      }
    },
    "s": { "0": 2, "1": 0, "2": 0, "3": 0 },
    "f": { "0": 0 },
    "b": { "0": [0, 0], "1": [0, 0] },
    "_coverageSchema": "1a1c01bbd47fc00a2c39e90264f33305004495a9",
    "hash": "d7a9753528d40fe73291a294547bbab368107108"
  },
  "/home/pazu/Workspaces/koulu/testing-part-2/library/src/.internal/hasUnicode.js": {
    "path": "/home/pazu/Workspaces/koulu/testing-part-2/library/src/.internal/hasUnicode.js",
    "statementMap": {
      "0": {
        "start": { "line": 2, "column": 22 },
        "end": { "line": 2, "column": 39 }
      },
      "1": {
        "start": { "line": 3, "column": 26 },
        "end": { "line": 3, "column": 43 }
      },
      "2": {
        "start": { "line": 4, "column": 30 },
        "end": { "line": 4, "column": 47 }
      },
      "3": {
        "start": { "line": 5, "column": 28 },
        "end": { "line": 5, "column": 45 }
      },
      "4": {
        "start": { "line": 6, "column": 34 },
        "end": { "line": 6, "column": 51 }
      },
      "5": {
        "start": { "line": 7, "column": 36 },
        "end": { "line": 7, "column": 53 }
      },
      "6": {
        "start": { "line": 9, "column": 2 },
        "end": { "line": 13, "column": 29 }
      },
      "7": {
        "start": { "line": 14, "column": 19 },
        "end": { "line": 14, "column": 35 }
      },
      "8": {
        "start": { "line": 17, "column": 14 },
        "end": { "line": 17, "column": 23 }
      },
      "9": {
        "start": { "line": 20, "column": 21 },
        "end": { "line": 22, "column": 1 }
      },
      "10": {
        "start": { "line": 32, "column": 2 },
        "end": { "line": 32, "column": 35 }
      }
    },
    "fnMap": {
      "0": {
        "name": "hasUnicode",
        "decl": {
          "start": { "line": 31, "column": 9 },
          "end": { "line": 31, "column": 19 }
        },
        "loc": {
          "start": { "line": 31, "column": 28 },
          "end": { "line": 33, "column": 1 }
        },
        "line": 31
      }
    },
    "branchMap": {},
    "s": {
      "0": 1,
      "1": 1,
      "2": 1,
      "3": 1,
      "4": 1,
      "5": 1,
      "6": 1,
      "7": 1,
      "8": 1,
      "9": 1,
      "10": 100
    },
    "f": { "0": 100 },
    "b": {},
    "_coverageSchema": "1a1c01bbd47fc00a2c39e90264f33305004495a9",
    "hash": "ab5a0c64268e4128ff2c5474310cc3e5e97a260d"
  },
  "/home/pazu/Workspaces/koulu/testing-part-2/library/src/.internal/isPrototype.js": {
    "path": "/home/pazu/Workspaces/koulu/testing-part-2/library/src/.internal/isPrototype.js",
    "statementMap": {
      "0": {
        "start": { "line": 2, "column": 20 },
        "end": { "line": 2, "column": 36 }
      },
      "1": {
        "start": { "line": 12, "column": 15 },
        "end": { "line": 12, "column": 41 }
      },
      "2": {
        "start": { "line": 13, "column": 16 },
        "end": { "line": 13, "column": 77 }
      },
      "3": {
        "start": { "line": 15, "column": 2 },
        "end": { "line": 15, "column": 25 }
      }
    },
    "fnMap": {
      "0": {
        "name": "isPrototype",
        "decl": {
          "start": { "line": 11, "column": 9 },
          "end": { "line": 11, "column": 20 }
        },
        "loc": {
          "start": { "line": 11, "column": 28 },
          "end": { "line": 16, "column": 1 }
        },
        "line": 11
      }
    },
    "branchMap": {
      "0": {
        "loc": {
          "start": { "line": 12, "column": 15 },
          "end": { "line": 12, "column": 41 }
        },
        "type": "binary-expr",
        "locations": [
          {
            "start": { "line": 12, "column": 15 },
            "end": { "line": 12, "column": 20 }
          },
          {
            "start": { "line": 12, "column": 24 },
            "end": { "line": 12, "column": 41 }
          }
        ],
        "line": 12
      },
      "1": {
        "loc": {
          "start": { "line": 13, "column": 16 },
          "end": { "line": 13, "column": 77 }
        },
        "type": "binary-expr",
        "locations": [
          {
            "start": { "line": 13, "column": 17 },
            "end": { "line": 13, "column": 43 }
          },
          {
            "start": { "line": 13, "column": 47 },
            "end": { "line": 13, "column": 61 }
          },
          {
            "start": { "line": 13, "column": 66 },
            "end": { "line": 13, "column": 77 }
          }
        ],
        "line": 13
      }
    },
    "s": { "0": 1, "1": 0, "2": 0, "3": 0 },
    "f": { "0": 0 },
    "b": { "0": [0, 0], "1": [0, 0, 0] },
    "_coverageSchema": "1a1c01bbd47fc00a2c39e90264f33305004495a9",
    "hash": "4f771f5a8b07baef132a7c8631d9988d541bd334"
  },
  "/home/pazu/Workspaces/koulu/testing-part-2/library/src/.internal/nodeTypes.js": {
    "path": "/home/pazu/Workspaces/koulu/testing-part-2/library/src/.internal/nodeTypes.js",
    "statementMap": {
      "0": {
        "start": { "line": 5, "column": 2 },
        "end": { "line": 8, "column": 9 }
      },
      "1": {
        "start": { "line": 12, "column": 2 },
        "end": { "line": 16, "column": 8 }
      },
      "2": {
        "start": { "line": 19, "column": 22 },
        "end": { "line": 19, "column": 70 }
      },
      "3": {
        "start": { "line": 22, "column": 20 },
        "end": { "line": 22, "column": 55 }
      },
      "4": {
        "start": { "line": 25, "column": 18 },
        "end": { "line": 36, "column": 4 }
      },
      "5": {
        "start": { "line": 26, "column": 2 },
        "end": { "line": 35, "column": 16 }
      },
      "6": {
        "start": { "line": 30, "column": 6 },
        "end": { "line": 30, "column": 74 }
      },
      "7": {
        "start": { "line": 31, "column": 4 },
        "end": { "line": 34, "column": 74 }
      }
    },
    "fnMap": {
      "0": {
        "name": "(anonymous_0)",
        "decl": {
          "start": { "line": 25, "column": 19 },
          "end": { "line": 25, "column": 20 }
        },
        "loc": {
          "start": { "line": 25, "column": 25 },
          "end": { "line": 36, "column": 1 }
        },
        "line": 25
      }
    },
    "branchMap": {
      "0": {
        "loc": {
          "start": { "line": 5, "column": 2 },
          "end": { "line": 8, "column": 9 }
        },
        "type": "binary-expr",
        "locations": [
          {
            "start": { "line": 5, "column": 2 },
            "end": { "line": 5, "column": 29 }
          },
          {
            "start": { "line": 6, "column": 2 },
            "end": { "line": 6, "column": 18 }
          },
          {
            "start": { "line": 7, "column": 2 },
            "end": { "line": 7, "column": 19 }
          },
          {
            "start": { "line": 8, "column": 2 },
            "end": { "line": 8, "column": 9 }
          }
        ],
        "line": 5
      },
      "1": {
        "loc": {
          "start": { "line": 12, "column": 2 },
          "end": { "line": 16, "column": 8 }
        },
        "type": "binary-expr",
        "locations": [
          {
            "start": { "line": 12, "column": 2 },
            "end": { "line": 12, "column": 13 }
          },
          {
            "start": { "line": 13, "column": 2 },
            "end": { "line": 13, "column": 28 }
          },
          {
            "start": { "line": 14, "column": 2 },
            "end": { "line": 14, "column": 17 }
          },
          {
            "start": { "line": 15, "column": 2 },
            "end": { "line": 15, "column": 18 }
          },
          {
            "start": { "line": 16, "column": 2 },
            "end": { "line": 16, "column": 8 }
          }
        ],
        "line": 12
      },
      "2": {
        "loc": {
          "start": { "line": 19, "column": 22 },
          "end": { "line": 19, "column": 70 }
        },
        "type": "binary-expr",
        "locations": [
          {
            "start": { "line": 19, "column": 22 },
            "end": { "line": 19, "column": 32 }
          },
          {
            "start": { "line": 19, "column": 36 },
            "end": { "line": 19, "column": 70 }
          }
        ],
        "line": 19
      },
      "3": {
        "loc": {
          "start": { "line": 22, "column": 20 },
          "end": { "line": 22, "column": 55 }
        },
        "type": "binary-expr",
        "locations": [
          {
            "start": { "line": 22, "column": 20 },
            "end": { "line": 22, "column": 33 }
          },
          {
            "start": { "line": 22, "column": 37 },
            "end": { "line": 22, "column": 55 }
          }
        ],
        "line": 22
      },
      "4": {
        "loc": {
          "start": { "line": 30, "column": 6 },
          "end": { "line": 30, "column": 74 }
        },
        "type": "binary-expr",
        "locations": [
          {
            "start": { "line": 30, "column": 6 },
            "end": { "line": 30, "column": 16 }
          },
          {
            "start": { "line": 30, "column": 20 },
            "end": { "line": 30, "column": 38 }
          },
          {
            "start": { "line": 30, "column": 42 },
            "end": { "line": 30, "column": 74 }
          }
        ],
        "line": 30
      },
      "5": {
        "loc": {
          "start": { "line": 31, "column": 11 },
          "end": { "line": 34, "column": 73 }
        },
        "type": "cond-expr",
        "locations": [
          {
            "start": { "line": 32, "column": 8 },
            "end": { "line": 32, "column": 19 }
          },
          {
            "start": { "line": 34, "column": 8 },
            "end": { "line": 34, "column": 73 }
          }
        ],
        "line": 31
      },
      "6": {
        "loc": {
          "start": { "line": 34, "column": 8 },
          "end": { "line": 34, "column": 73 }
        },
        "type": "binary-expr",
        "locations": [
          {
            "start": { "line": 34, "column": 8 },
            "end": { "line": 34, "column": 19 }
          },
          {
            "start": { "line": 34, "column": 23 },
            "end": { "line": 34, "column": 42 }
          },
          {
            "start": { "line": 34, "column": 46 },
            "end": { "line": 34, "column": 73 }
          }
        ],
        "line": 34
      }
    },
    "s": { "0": 1, "1": 1, "2": 1, "3": 1, "4": 1, "5": 1, "6": 1, "7": 1 },
    "f": { "0": 1 },
    "b": {
      "0": [1, 1, 1, 1],
      "1": [1, 1, 1, 1, 1],
      "2": [1, 1],
      "3": [1, 1],
      "4": [1, 1, 1],
      "5": [1, 0],
      "6": [0, 0, 0]
    },
    "_coverageSchema": "1a1c01bbd47fc00a2c39e90264f33305004495a9",
    "hash": "1359d0c3694bdf3b814067035616e80d09e64f04"
  },
  "/home/pazu/Workspaces/koulu/testing-part-2/library/src/.internal/root.js": {
    "path": "/home/pazu/Workspaces/koulu/testing-part-2/library/src/.internal/root.js",
    "statementMap": {
      "0": {
        "start": { "line": 6, "column": 2 },
        "end": { "line": 9, "column": 12 }
      },
      "1": {
        "start": { "line": 13, "column": 2 },
        "end": { "line": 13, "column": 77 }
      },
      "2": {
        "start": { "line": 17, "column": 2 },
        "end": { "line": 17, "column": 71 }
      }
    },
    "fnMap": {},
    "branchMap": {
      "0": {
        "loc": {
          "start": { "line": 6, "column": 2 },
          "end": { "line": 9, "column": 12 }
        },
        "type": "binary-expr",
        "locations": [
          {
            "start": { "line": 6, "column": 2 },
            "end": { "line": 6, "column": 32 }
          },
          {
            "start": { "line": 7, "column": 2 },
            "end": { "line": 7, "column": 21 }
          },
          {
            "start": { "line": 8, "column": 2 },
            "end": { "line": 8, "column": 29 }
          },
          {
            "start": { "line": 9, "column": 2 },
            "end": { "line": 9, "column": 12 }
          }
        ],
        "line": 6
      },
      "1": {
        "loc": {
          "start": { "line": 13, "column": 2 },
          "end": { "line": 13, "column": 77 }
        },
        "type": "binary-expr",
        "locations": [
          {
            "start": { "line": 13, "column": 2 },
            "end": { "line": 13, "column": 26 }
          },
          {
            "start": { "line": 13, "column": 30 },
            "end": { "line": 13, "column": 43 }
          },
          {
            "start": { "line": 13, "column": 47 },
            "end": { "line": 13, "column": 69 }
          },
          {
            "start": { "line": 13, "column": 73 },
            "end": { "line": 13, "column": 77 }
          }
        ],
        "line": 13
      },
      "2": {
        "loc": {
          "start": { "line": 17, "column": 2 },
          "end": { "line": 17, "column": 71 }
        },
        "type": "binary-expr",
        "locations": [
          {
            "start": { "line": 17, "column": 2 },
            "end": { "line": 17, "column": 16 }
          },
          {
            "start": { "line": 17, "column": 20 },
            "end": { "line": 17, "column": 30 }
          },
          {
            "start": { "line": 17, "column": 34 },
            "end": { "line": 17, "column": 42 }
          },
          {
            "start": { "line": 17, "column": 46 },
            "end": { "line": 17, "column": 71 }
          }
        ],
        "line": 17
      }
    },
    "s": { "0": 1, "1": 1, "2": 1 },
    "f": {},
    "b": { "0": [1, 1, 1, 1], "1": [1, 0, 0, 0], "2": [1, 0, 0, 0] },
    "_coverageSchema": "1a1c01bbd47fc00a2c39e90264f33305004495a9",
    "hash": "5fba2254004ec3232f86f96a640cd45c1defc1c9"
  },
  "/home/pazu/Workspaces/koulu/testing-part-2/library/src/.internal/stringToArray.js": {
    "path": "/home/pazu/Workspaces/koulu/testing-part-2/library/src/.internal/stringToArray.js",
    "statementMap": {
      "0": {
        "start": { "line": 13, "column": 2 },
        "end": { "line": 13, "column": 76 }
      }
    },
    "fnMap": {
      "0": {
        "name": "stringToArray",
        "decl": {
          "start": { "line": 12, "column": 9 },
          "end": { "line": 12, "column": 22 }
        },
        "loc": {
          "start": { "line": 12, "column": 31 },
          "end": { "line": 14, "column": 1 }
        },
        "line": 12
      }
    },
    "branchMap": {
      "0": {
        "loc": {
          "start": { "line": 13, "column": 9 },
          "end": { "line": 13, "column": 75 }
        },
        "type": "cond-expr",
        "locations": [
          {
            "start": { "line": 13, "column": 30 },
            "end": { "line": 13, "column": 52 }
          },
          {
            "start": { "line": 13, "column": 55 },
            "end": { "line": 13, "column": 75 }
          }
        ],
        "line": 13
      }
    },
    "s": { "0": 0 },
    "f": { "0": 0 },
    "b": { "0": [0, 0] },
    "_coverageSchema": "1a1c01bbd47fc00a2c39e90264f33305004495a9",
    "hash": "ea159bcecc7dd94cd7d21e92aa6d7bb4a98939ef"
  },
  "/home/pazu/Workspaces/koulu/testing-part-2/library/src/.internal/unicodeToArray.js": {
    "path": "/home/pazu/Workspaces/koulu/testing-part-2/library/src/.internal/unicodeToArray.js",
    "statementMap": {
      "0": {
        "start": { "line": 2, "column": 22 },
        "end": { "line": 2, "column": 39 }
      },
      "1": {
        "start": { "line": 3, "column": 26 },
        "end": { "line": 3, "column": 43 }
      },
      "2": {
        "start": { "line": 4, "column": 30 },
        "end": { "line": 4, "column": 47 }
      },
      "3": {
        "start": { "line": 5, "column": 28 },
        "end": { "line": 5, "column": 45 }
      },
      "4": {
        "start": { "line": 6, "column": 34 },
        "end": { "line": 6, "column": 51 }
      },
      "5": {
        "start": { "line": 7, "column": 36 },
        "end": { "line": 7, "column": 53 }
      },
      "6": {
        "start": { "line": 9, "column": 2 },
        "end": { "line": 13, "column": 29 }
      },
      "7": {
        "start": { "line": 14, "column": 19 },
        "end": { "line": 14, "column": 35 }
      },
      "8": {
        "start": { "line": 17, "column": 17 },
        "end": { "line": 17, "column": 37 }
      },
      "9": {
        "start": { "line": 18, "column": 16 },
        "end": { "line": 18, "column": 35 }
      },
      "10": {
        "start": { "line": 19, "column": 15 },
        "end": { "line": 19, "column": 41 }
      },
      "11": {
        "start": { "line": 20, "column": 19 },
        "end": { "line": 20, "column": 45 }
      },
      "12": {
        "start": { "line": 21, "column": 20 },
        "end": { "line": 21, "column": 41 }
      },
      "13": {
        "start": { "line": 22, "column": 19 },
        "end": { "line": 22, "column": 52 }
      },
      "14": {
        "start": { "line": 23, "column": 19 },
        "end": { "line": 23, "column": 55 }
      },
      "15": {
        "start": { "line": 24, "column": 14 },
        "end": { "line": 24, "column": 23 }
      },
      "16": {
        "start": { "line": 27, "column": 17 },
        "end": { "line": 27, "column": 33 }
      },
      "17": {
        "start": { "line": 28, "column": 17 },
        "end": { "line": 28, "column": 35 }
      },
      "18": {
        "start": { "line": 29, "column": 18 },
        "end": { "line": 31, "column": 28 }
      },
      "19": {
        "start": { "line": 32, "column": 14 },
        "end": { "line": 32, "column": 45 }
      },
      "20": {
        "start": { "line": 33, "column": 25 },
        "end": { "line": 33, "column": 52 }
      },
      "21": {
        "start": { "line": 34, "column": 17 },
        "end": { "line": 40, "column": 14 }
      },
      "22": {
        "start": { "line": 43, "column": 18 },
        "end": { "line": 43, "column": 75 }
      },
      "23": {
        "start": { "line": 53, "column": 2 },
        "end": { "line": 53, "column": 39 }
      }
    },
    "fnMap": {
      "0": {
        "name": "unicodeToArray",
        "decl": {
          "start": { "line": 52, "column": 9 },
          "end": { "line": 52, "column": 23 }
        },
        "loc": {
          "start": { "line": 52, "column": 32 },
          "end": { "line": 54, "column": 1 }
        },
        "line": 52
      }
    },
    "branchMap": {
      "0": {
        "loc": {
          "start": { "line": 53, "column": 9 },
          "end": { "line": 53, "column": 38 }
        },
        "type": "binary-expr",
        "locations": [
          {
            "start": { "line": 53, "column": 9 },
            "end": { "line": 53, "column": 32 }
          },
          {
            "start": { "line": 53, "column": 36 },
            "end": { "line": 53, "column": 38 }
          }
        ],
        "line": 53
      }
    },
    "s": {
      "0": 1,
      "1": 1,
      "2": 1,
      "3": 1,
      "4": 1,
      "5": 1,
      "6": 1,
      "7": 1,
      "8": 1,
      "9": 1,
      "10": 1,
      "11": 1,
      "12": 1,
      "13": 1,
      "14": 1,
      "15": 1,
      "16": 1,
      "17": 1,
      "18": 1,
      "19": 1,
      "20": 1,
      "21": 1,
      "22": 1,
      "23": 0
    },
    "f": { "0": 0 },
    "b": { "0": [0, 0] },
    "_coverageSchema": "1a1c01bbd47fc00a2c39e90264f33305004495a9",
    "hash": "49dd55236d77d1aff82c4d04d5a15e376739d7e6"
  },
  "/home/pazu/Workspaces/koulu/testing-part-2/library/src/.internal/unicodeWords.js": {
    "path": "/home/pazu/Workspaces/koulu/testing-part-2/library/src/.internal/unicodeWords.js",
    "statementMap": {
      "0": {
        "start": { "line": 2, "column": 22 },
        "end": { "line": 2, "column": 39 }
      },
      "1": {
        "start": { "line": 3, "column": 26 },
        "end": { "line": 3, "column": 43 }
      },
      "2": {
        "start": { "line": 4, "column": 30 },
        "end": { "line": 4, "column": 47 }
      },
      "3": {
        "start": { "line": 5, "column": 28 },
        "end": { "line": 5, "column": 45 }
      },
      "4": {
        "start": { "line": 6, "column": 34 },
        "end": { "line": 6, "column": 51 }
      },
      "5": {
        "start": { "line": 7, "column": 36 },
        "end": { "line": 7, "column": 53 }
      },
      "6": {
        "start": { "line": 9, "column": 2 },
        "end": { "line": 13, "column": 29 }
      },
      "7": {
        "start": { "line": 14, "column": 23 },
        "end": { "line": 14, "column": 40 }
      },
      "8": {
        "start": { "line": 15, "column": 21 },
        "end": { "line": 15, "column": 48 }
      },
      "9": {
        "start": { "line": 16, "column": 22 },
        "end": { "line": 16, "column": 44 }
      },
      "10": {
        "start": { "line": 17, "column": 23 },
        "end": { "line": 17, "column": 69 }
      },
      "11": {
        "start": { "line": 18, "column": 27 },
        "end": { "line": 18, "column": 44 }
      },
      "12": {
        "start": { "line": 20, "column": 2 },
        "end": { "line": 20, "column": 160 }
      },
      "13": {
        "start": { "line": 21, "column": 21 },
        "end": { "line": 21, "column": 48 }
      },
      "14": {
        "start": { "line": 22, "column": 19 },
        "end": { "line": 22, "column": 35 }
      },
      "15": {
        "start": { "line": 24, "column": 2 },
        "end": { "line": 24, "column": 68 }
      },
      "16": {
        "start": { "line": 27, "column": 15 },
        "end": { "line": 27, "column": 26 }
      },
      "17": {
        "start": { "line": 28, "column": 16 },
        "end": { "line": 28, "column": 35 }
      },
      "18": {
        "start": { "line": 29, "column": 16 },
        "end": { "line": 29, "column": 35 }
      },
      "19": {
        "start": { "line": 30, "column": 16 },
        "end": { "line": 30, "column": 21 }
      },
      "20": {
        "start": { "line": 31, "column": 18 },
        "end": { "line": 31, "column": 39 }
      },
      "21": {
        "start": { "line": 32, "column": 16 },
        "end": { "line": 32, "column": 35 }
      },
      "22": {
        "start": { "line": 33, "column": 15 },
        "end": { "line": 35, "column": 3 }
      },
      "23": {
        "start": { "line": 36, "column": 15 },
        "end": { "line": 36, "column": 41 }
      },
      "24": {
        "start": { "line": 37, "column": 19 },
        "end": { "line": 37, "column": 45 }
      },
      "25": {
        "start": { "line": 38, "column": 20 },
        "end": { "line": 38, "column": 41 }
      },
      "26": {
        "start": { "line": 39, "column": 19 },
        "end": { "line": 39, "column": 52 }
      },
      "27": {
        "start": { "line": 40, "column": 19 },
        "end": { "line": 40, "column": 55 }
      },
      "28": {
        "start": { "line": 41, "column": 16 },
        "end": { "line": 41, "column": 35 }
      },
      "29": {
        "start": { "line": 42, "column": 14 },
        "end": { "line": 42, "column": 23 }
      },
      "30": {
        "start": { "line": 45, "column": 20 },
        "end": { "line": 45, "column": 46 }
      },
      "31": {
        "start": { "line": 46, "column": 20 },
        "end": { "line": 46, "column": 46 }
      },
      "32": {
        "start": { "line": 47, "column": 24 },
        "end": { "line": 47, "column": 60 }
      },
      "33": {
        "start": { "line": 48, "column": 24 },
        "end": { "line": 48, "column": 60 }
      },
      "34": {
        "start": { "line": 49, "column": 17 },
        "end": { "line": 49, "column": 33 }
      },
      "35": {
        "start": { "line": 50, "column": 17 },
        "end": { "line": 50, "column": 35 }
      },
      "36": {
        "start": { "line": 51, "column": 18 },
        "end": { "line": 53, "column": 28 }
      },
      "37": {
        "start": { "line": 54, "column": 19 },
        "end": { "line": 54, "column": 69 }
      },
      "38": {
        "start": { "line": 55, "column": 19 },
        "end": { "line": 55, "column": 69 }
      },
      "39": {
        "start": { "line": 56, "column": 14 },
        "end": { "line": 56, "column": 45 }
      },
      "40": {
        "start": { "line": 57, "column": 16 },
        "end": { "line": 57, "column": 78 }
      },
      "41": {
        "start": { "line": 59, "column": 23 },
        "end": { "line": 77, "column": 1 }
      },
      "42": {
        "start": { "line": 87, "column": 2 },
        "end": { "line": 87, "column": 38 }
      }
    },
    "fnMap": {
      "0": {
        "name": "unicodeWords",
        "decl": {
          "start": { "line": 86, "column": 9 },
          "end": { "line": 86, "column": 21 }
        },
        "loc": {
          "start": { "line": 86, "column": 30 },
          "end": { "line": 88, "column": 1 }
        },
        "line": 86
      }
    },
    "branchMap": {},
    "s": {
      "0": 1,
      "1": 1,
      "2": 1,
      "3": 1,
      "4": 1,
      "5": 1,
      "6": 1,
      "7": 1,
      "8": 1,
      "9": 1,
      "10": 1,
      "11": 1,
      "12": 1,
      "13": 1,
      "14": 1,
      "15": 1,
      "16": 1,
      "17": 1,
      "18": 1,
      "19": 1,
      "20": 1,
      "21": 1,
      "22": 1,
      "23": 1,
      "24": 1,
      "25": 1,
      "26": 1,
      "27": 1,
      "28": 1,
      "29": 1,
      "30": 1,
      "31": 1,
      "32": 1,
      "33": 1,
      "34": 1,
      "35": 1,
      "36": 1,
      "37": 1,
      "38": 1,
      "39": 1,
      "40": 1,
      "41": 1,
      "42": 0
    },
    "f": { "0": 0 },
    "b": {},
    "_coverageSchema": "1a1c01bbd47fc00a2c39e90264f33305004495a9",
    "hash": "47d9a4129bc570ac2b547c81e15a06b1ced5c67e"
  }
}
