{"C:\\Users\\Käyttäjä\\Documents\\Software Testing\\testing-part-2\\stringutil.js": {"path":"C:\\Users\\Käyttäjä\\Documents\\Software Testing\\testing-part-2\\stringutil.js","statementMap":{"0":{"start":{"line":1,"column":21},"end":{"line":22,"column":1}},"1":{"start":{"line":26,"column":26},"end":{"line":31,"column":1}},"2":{"start":{"line":27,"column":2},"end":{"line":30,"column":4}},"3":{"start":{"line":28,"column":4},"end":{"line":28,"column":28}},"4":{"start":{"line":29,"column":4},"end":{"line":29,"column":29}}},"fnMap":{"0":{"name":"(anonymous_0)","decl":{"start":{"line":26,"column":26},"end":{"line":26,"column":27}},"loc":{"start":{"line":26,"column":39},"end":{"line":31,"column":1}},"line":26},"1":{"name":"(anonymous_1)","decl":{"start":{"line":27,"column":9},"end":{"line":27,"column":10}},"loc":{"start":{"line":27,"column":21},"end":{"line":30,"column":3}},"line":27}},"branchMap":{},"s":{"0":4,"1":4,"2":2,"3":39,"4":39},"f":{"0":2,"1":39},"b":{},"_coverageSchema":"1a1c01bbd47fc00a2c39e90264f33305004495a9","hash":"6e7e0b240b0cd10e0c74275da50732ab69f85d98"}
,"C:\\Users\\Käyttäjä\\Documents\\Software Testing\\testing-part-2\\library\\src\\at.js": {"path":"C:\\Users\\Käyttäjä\\Documents\\Software Testing\\testing-part-2\\library\\src\\at.js","statementMap":{"0":{"start":{"line":19,"column":11},"end":{"line":19,"column":70}},"1":{"start":{"line":19,"column":33},"end":{"line":19,"column":70}}},"fnMap":{"0":{"name":"(anonymous_0)","decl":{"start":{"line":19,"column":11},"end":{"line":19,"column":12}},"loc":{"start":{"line":19,"column":33},"end":{"line":19,"column":70}},"line":19}},"branchMap":{},"s":{"0":1,"1":2},"f":{"0":2},"b":{},"_coverageSchema":"1a1c01bbd47fc00a2c39e90264f33305004495a9","hash":"4ff37b228e1f94665447f08fd923b76dd4cefe22"}
,"C:\\Users\\Käyttäjä\\Documents\\Software Testing\\testing-part-2\\library\\src\\defaultTo.js": {"path":"C:\\Users\\Käyttäjä\\Documents\\Software Testing\\testing-part-2\\library\\src\\defaultTo.js","statementMap":{"0":{"start":{"line":20,"column":2},"end":{"line":20,"column":45}}},"fnMap":{"0":{"name":"defaultTo","decl":{"start":{"line":19,"column":9},"end":{"line":19,"column":18}},"loc":{"start":{"line":19,"column":40},"end":{"line":21,"column":1}},"line":19}},"branchMap":{"0":{"loc":{"start":{"line":20,"column":9},"end":{"line":20,"column":45}},"type":"cond-expr","locations":[{"start":{"line":20,"column":25},"end":{"line":20,"column":37}},{"start":{"line":20,"column":40},"end":{"line":20,"column":45}}],"line":20}},"s":{"0":12},"f":{"0":12},"b":{"0":[9,3]},"_coverageSchema":"1a1c01bbd47fc00a2c39e90264f33305004495a9","hash":"fbc65e7c3544aa67f33b4b52dacf036a2e91b208"}
,"C:\\Users\\Käyttäjä\\Documents\\Software Testing\\testing-part-2\\library\\src\\defaultToAny.js": {"path":"C:\\Users\\Käyttäjä\\Documents\\Software Testing\\testing-part-2\\library\\src\\defaultToAny.js","statementMap":{"0":{"start":{"line":29,"column":2},"end":{"line":29,"column":53}}},"fnMap":{"0":{"name":"defaultToAny","decl":{"start":{"line":28,"column":9},"end":{"line":28,"column":21}},"loc":{"start":{"line":28,"column":47},"end":{"line":30,"column":1}},"line":28}},"branchMap":{},"s":{"0":6},"f":{"0":6},"b":{},"_coverageSchema":"1a1c01bbd47fc00a2c39e90264f33305004495a9","hash":"ec7ecea33b4dfa88a503a1d73a2e4fae31071f71"}
,"C:\\Users\\Käyttäjä\\Documents\\Software Testing\\testing-part-2\\library\\src\\filter.js": {"path":"C:\\Users\\Käyttäjä\\Documents\\Software Testing\\testing-part-2\\library\\src\\filter.js","statementMap":{"0":{"start":{"line":25,"column":14},"end":{"line":25,"column":16}},"1":{"start":{"line":26,"column":17},"end":{"line":26,"column":18}},"2":{"start":{"line":27,"column":17},"end":{"line":27,"column":49}},"3":{"start":{"line":28,"column":17},"end":{"line":28,"column":21}},"4":{"start":{"line":30,"column":2},"end":{"line":35,"column":3}},"5":{"start":{"line":31,"column":18},"end":{"line":31,"column":30}},"6":{"start":{"line":32,"column":4},"end":{"line":34,"column":5}},"7":{"start":{"line":33,"column":6},"end":{"line":33,"column":32}},"8":{"start":{"line":36,"column":2},"end":{"line":36,"column":15}}},"fnMap":{"0":{"name":"filter","decl":{"start":{"line":24,"column":9},"end":{"line":24,"column":15}},"loc":{"start":{"line":24,"column":34},"end":{"line":37,"column":1}},"line":24}},"branchMap":{"0":{"loc":{"start":{"line":27,"column":17},"end":{"line":27,"column":49}},"type":"cond-expr","locations":[{"start":{"line":27,"column":33},"end":{"line":27,"column":34}},{"start":{"line":27,"column":37},"end":{"line":27,"column":49}}],"line":27},"1":{"loc":{"start":{"line":32,"column":4},"end":{"line":34,"column":5}},"type":"if","locations":[{"start":{"line":32,"column":4},"end":{"line":34,"column":5}},{"start":{},"end":{}}],"line":32}},"s":{"0":4,"1":4,"2":4,"3":4,"4":4,"5":60,"6":60,"7":38,"8":4},"f":{"0":4},"b":{"0":[0,4],"1":[38,22]},"_coverageSchema":"1a1c01bbd47fc00a2c39e90264f33305004495a9","hash":"6219eea537a8c5d1ed50b0423782935873f58fbc"}
,"C:\\Users\\Käyttäjä\\Documents\\Software Testing\\testing-part-2\\library\\src\\get.js": {"path":"C:\\Users\\Käyttäjä\\Documents\\Software Testing\\testing-part-2\\library\\src\\get.js","statementMap":{"0":{"start":{"line":28,"column":17},"end":{"line":28,"column":67}},"1":{"start":{"line":29,"column":2},"end":{"line":29,"column":53}}},"fnMap":{"0":{"name":"get","decl":{"start":{"line":27,"column":9},"end":{"line":27,"column":12}},"loc":{"start":{"line":27,"column":41},"end":{"line":30,"column":1}},"line":27}},"branchMap":{"0":{"loc":{"start":{"line":28,"column":17},"end":{"line":28,"column":67}},"type":"cond-expr","locations":[{"start":{"line":28,"column":34},"end":{"line":28,"column":43}},{"start":{"line":28,"column":46},"end":{"line":28,"column":67}}],"line":28},"1":{"loc":{"start":{"line":29,"column":9},"end":{"line":29,"column":53}},"type":"cond-expr","locations":[{"start":{"line":29,"column":32},"end":{"line":29,"column":44}},{"start":{"line":29,"column":47},"end":{"line":29,"column":53}}],"line":29}},"s":{"0":6,"1":6},"f":{"0":6},"b":{"0":[0,6],"1":[3,3]},"_coverageSchema":"1a1c01bbd47fc00a2c39e90264f33305004495a9","hash":"ef870246e6d2cf598c7828b8a0fc1f59ff932e75"}
,"C:\\Users\\Käyttäjä\\Documents\\Software Testing\\testing-part-2\\library\\src\\isArguments.js": {"path":"C:\\Users\\Käyttäjä\\Documents\\Software Testing\\testing-part-2\\library\\src\\isArguments.js","statementMap":{"0":{"start":{"line":20,"column":2},"end":{"line":20,"column":69}}},"fnMap":{"0":{"name":"isArguments","decl":{"start":{"line":19,"column":9},"end":{"line":19,"column":20}},"loc":{"start":{"line":19,"column":28},"end":{"line":21,"column":1}},"line":19}},"branchMap":{"0":{"loc":{"start":{"line":20,"column":9},"end":{"line":20,"column":69}},"type":"binary-expr","locations":[{"start":{"line":20,"column":9},"end":{"line":20,"column":28}},{"start":{"line":20,"column":32},"end":{"line":20,"column":69}}],"line":20}},"s":{"0":0},"f":{"0":0},"b":{"0":[0,0]},"_coverageSchema":"1a1c01bbd47fc00a2c39e90264f33305004495a9","hash":"2daf081eb86449a6b7fce0ab56dc9ead52cc66ca"}
,"C:\\Users\\Käyttäjä\\Documents\\Software Testing\\testing-part-2\\library\\src\\isArrayLike.js": {"path":"C:\\Users\\Käyttäjä\\Documents\\Software Testing\\testing-part-2\\library\\src\\isArrayLike.js","statementMap":{"0":{"start":{"line":27,"column":2},"end":{"line":27,"column":79}}},"fnMap":{"0":{"name":"isArrayLike","decl":{"start":{"line":26,"column":9},"end":{"line":26,"column":20}},"loc":{"start":{"line":26,"column":28},"end":{"line":28,"column":1}},"line":26}},"branchMap":{"0":{"loc":{"start":{"line":27,"column":9},"end":{"line":27,"column":79}},"type":"binary-expr","locations":[{"start":{"line":27,"column":9},"end":{"line":27,"column":22}},{"start":{"line":27,"column":26},"end":{"line":27,"column":53}},{"start":{"line":27,"column":57},"end":{"line":27,"column":79}}],"line":27}},"s":{"0":10},"f":{"0":10},"b":{"0":[10,9,9]},"_coverageSchema":"1a1c01bbd47fc00a2c39e90264f33305004495a9","hash":"26a4aa117603c41ae04b80f983d57cf87323eaae"}
,"C:\\Users\\Käyttäjä\\Documents\\Software Testing\\testing-part-2\\library\\src\\isBuffer.js": {"path":"C:\\Users\\Käyttäjä\\Documents\\Software Testing\\testing-part-2\\library\\src\\isBuffer.js","statementMap":{"0":{"start":{"line":4,"column":20},"end":{"line":4,"column":99}},"1":{"start":{"line":7,"column":19},"end":{"line":7,"column":109}},"2":{"start":{"line":10,"column":22},"end":{"line":10,"column":70}},"3":{"start":{"line":13,"column":15},"end":{"line":13,"column":54}},"4":{"start":{"line":16,"column":23},"end":{"line":16,"column":59}},"5":{"start":{"line":33,"column":17},"end":{"line":33,"column":48}},"6":{"start":{"line":33,"column":42},"end":{"line":33,"column":47}}},"fnMap":{"0":{"name":"(anonymous_0)","decl":{"start":{"line":33,"column":36},"end":{"line":33,"column":37}},"loc":{"start":{"line":33,"column":42},"end":{"line":33,"column":47}},"line":33}},"branchMap":{"0":{"loc":{"start":{"line":4,"column":20},"end":{"line":4,"column":99}},"type":"binary-expr","locations":[{"start":{"line":4,"column":20},"end":{"line":4,"column":47}},{"start":{"line":4,"column":51},"end":{"line":4,"column":67}},{"start":{"line":4,"column":71},"end":{"line":4,"column":88}},{"start":{"line":4,"column":92},"end":{"line":4,"column":99}}],"line":4},"1":{"loc":{"start":{"line":7,"column":19},"end":{"line":7,"column":109}},"type":"binary-expr","locations":[{"start":{"line":7,"column":19},"end":{"line":7,"column":30}},{"start":{"line":7,"column":34},"end":{"line":7,"column":60}},{"start":{"line":7,"column":64},"end":{"line":7,"column":79}},{"start":{"line":7,"column":83},"end":{"line":7,"column":99}},{"start":{"line":7,"column":103},"end":{"line":7,"column":109}}],"line":7},"2":{"loc":{"start":{"line":10,"column":22},"end":{"line":10,"column":70}},"type":"binary-expr","locations":[{"start":{"line":10,"column":22},"end":{"line":10,"column":32}},{"start":{"line":10,"column":36},"end":{"line":10,"column":70}}],"line":10},"3":{"loc":{"start":{"line":13,"column":15},"end":{"line":13,"column":54}},"type":"cond-expr","locations":[{"start":{"line":13,"column":31},"end":{"line":13,"column":42}},{"start":{"line":13,"column":45},"end":{"line":13,"column":54}}],"line":13},"4":{"loc":{"start":{"line":16,"column":23},"end":{"line":16,"column":59}},"type":"cond-expr","locations":[{"start":{"line":16,"column":32},"end":{"line":16,"column":47}},{"start":{"line":16,"column":50},"end":{"line":16,"column":59}}],"line":16},"5":{"loc":{"start":{"line":33,"column":17},"end":{"line":33,"column":48}},"type":"binary-expr","locations":[{"start":{"line":33,"column":17},"end":{"line":33,"column":31}},{"start":{"line":33,"column":36},"end":{"line":33,"column":47}}],"line":33}},"s":{"0":1,"1":1,"2":1,"3":1,"4":1,"5":1,"6":0},"f":{"0":0},"b":{"0":[1,1,1,1],"1":[1,1,1,1,1],"2":[1,1],"3":[1,0],"4":[1,0],"5":[1,0]},"_coverageSchema":"1a1c01bbd47fc00a2c39e90264f33305004495a9","hash":"d0c51e3670d5e4dadf215fc2fef739469ea733f5"}
,"C:\\Users\\Käyttäjä\\Documents\\Software Testing\\testing-part-2\\library\\src\\isEmpty.js": {"path":"C:\\Users\\Käyttäjä\\Documents\\Software Testing\\testing-part-2\\library\\src\\isEmpty.js","statementMap":{"0":{"start":{"line":9,"column":23},"end":{"line":9,"column":54}},"1":{"start":{"line":46,"column":2},"end":{"line":48,"column":3}},"2":{"start":{"line":47,"column":4},"end":{"line":47,"column":15}},"3":{"start":{"line":49,"column":2},"end":{"line":53,"column":3}},"4":{"start":{"line":52,"column":4},"end":{"line":52,"column":24}},"5":{"start":{"line":54,"column":14},"end":{"line":54,"column":27}},"6":{"start":{"line":55,"column":2},"end":{"line":57,"column":3}},"7":{"start":{"line":56,"column":4},"end":{"line":56,"column":22}},"8":{"start":{"line":58,"column":2},"end":{"line":60,"column":3}},"9":{"start":{"line":59,"column":4},"end":{"line":59,"column":37}},"10":{"start":{"line":61,"column":2},"end":{"line":65,"column":3}},"11":{"start":{"line":62,"column":4},"end":{"line":64,"column":5}},"12":{"start":{"line":63,"column":6},"end":{"line":63,"column":18}},"13":{"start":{"line":66,"column":2},"end":{"line":66,"column":13}}},"fnMap":{"0":{"name":"isEmpty","decl":{"start":{"line":45,"column":9},"end":{"line":45,"column":16}},"loc":{"start":{"line":45,"column":24},"end":{"line":67,"column":1}},"line":45}},"branchMap":{"0":{"loc":{"start":{"line":46,"column":2},"end":{"line":48,"column":3}},"type":"if","locations":[{"start":{"line":46,"column":2},"end":{"line":48,"column":3}},{"start":{},"end":{}}],"line":46},"1":{"loc":{"start":{"line":49,"column":2},"end":{"line":53,"column":3}},"type":"if","locations":[{"start":{"line":49,"column":2},"end":{"line":53,"column":3}},{"start":{},"end":{}}],"line":49},"2":{"loc":{"start":{"line":49,"column":6},"end":{"line":51,"column":69}},"type":"binary-expr","locations":[{"start":{"line":49,"column":6},"end":{"line":49,"column":24}},{"start":{"line":50,"column":7},"end":{"line":50,"column":27}},{"start":{"line":50,"column":31},"end":{"line":50,"column":56}},{"start":{"line":50,"column":60},"end":{"line":50,"column":94}},{"start":{"line":51,"column":8},"end":{"line":51,"column":23}},{"start":{"line":51,"column":27},"end":{"line":51,"column":46}},{"start":{"line":51,"column":50},"end":{"line":51,"column":68}}],"line":49},"3":{"loc":{"start":{"line":55,"column":2},"end":{"line":57,"column":3}},"type":"if","locations":[{"start":{"line":55,"column":2},"end":{"line":57,"column":3}},{"start":{},"end":{}}],"line":55},"4":{"loc":{"start":{"line":55,"column":6},"end":{"line":55,"column":52}},"type":"binary-expr","locations":[{"start":{"line":55,"column":6},"end":{"line":55,"column":27}},{"start":{"line":55,"column":31},"end":{"line":55,"column":52}}],"line":55},"5":{"loc":{"start":{"line":58,"column":2},"end":{"line":60,"column":3}},"type":"if","locations":[{"start":{"line":58,"column":2},"end":{"line":60,"column":3}},{"start":{},"end":{}}],"line":58},"6":{"loc":{"start":{"line":62,"column":4},"end":{"line":64,"column":5}},"type":"if","locations":[{"start":{"line":62,"column":4},"end":{"line":64,"column":5}},{"start":{},"end":{}}],"line":62}},"s":{"0":1,"1":6,"2":2,"3":4,"4":2,"5":2,"6":2,"7":0,"8":2,"9":0,"10":2,"11":1,"12":1,"13":1},"f":{"0":6},"b":{"0":[2,4],"1":[2,2],"2":[4,2,1,0,0,0,0],"3":[0,2],"4":[2,2],"5":[0,2],"6":[1,0]},"_coverageSchema":"1a1c01bbd47fc00a2c39e90264f33305004495a9","hash":"11884b2ae2b2d1aaf331cd650fce0e8a430ad509"}
,"C:\\Users\\Käyttäjä\\Documents\\Software Testing\\testing-part-2\\library\\src\\isLength.js": {"path":"C:\\Users\\Käyttäjä\\Documents\\Software Testing\\testing-part-2\\library\\src\\isLength.js","statementMap":{"0":{"start":{"line":2,"column":25},"end":{"line":2,"column":41}},"1":{"start":{"line":29,"column":2},"end":{"line":30,"column":61}}},"fnMap":{"0":{"name":"isLength","decl":{"start":{"line":28,"column":9},"end":{"line":28,"column":17}},"loc":{"start":{"line":28,"column":25},"end":{"line":31,"column":1}},"line":28}},"branchMap":{"0":{"loc":{"start":{"line":29,"column":9},"end":{"line":30,"column":61}},"type":"binary-expr","locations":[{"start":{"line":29,"column":9},"end":{"line":29,"column":34}},{"start":{"line":30,"column":4},"end":{"line":30,"column":14}},{"start":{"line":30,"column":18},"end":{"line":30,"column":32}},{"start":{"line":30,"column":36},"end":{"line":30,"column":61}}],"line":29}},"s":{"0":2,"1":9},"f":{"0":9},"b":{"0":[9,6,6,6]},"_coverageSchema":"1a1c01bbd47fc00a2c39e90264f33305004495a9","hash":"9a98131cdbd53393ebca5a0fb03b7bd4d3342066"}
,"C:\\Users\\Käyttäjä\\Documents\\Software Testing\\testing-part-2\\library\\src\\isObject.js": {"path":"C:\\Users\\Käyttäjä\\Documents\\Software Testing\\testing-part-2\\library\\src\\isObject.js","statementMap":{"0":{"start":{"line":25,"column":15},"end":{"line":25,"column":27}},"1":{"start":{"line":26,"column":2},"end":{"line":26,"column":68}}},"fnMap":{"0":{"name":"isObject","decl":{"start":{"line":24,"column":9},"end":{"line":24,"column":17}},"loc":{"start":{"line":24,"column":25},"end":{"line":27,"column":1}},"line":24}},"branchMap":{"0":{"loc":{"start":{"line":26,"column":9},"end":{"line":26,"column":68}},"type":"binary-expr","locations":[{"start":{"line":26,"column":9},"end":{"line":26,"column":22}},{"start":{"line":26,"column":27},"end":{"line":26,"column":44}},{"start":{"line":26,"column":48},"end":{"line":26,"column":67}}],"line":26}},"s":{"0":1,"1":1},"f":{"0":1},"b":{"0":[1,1,1]},"_coverageSchema":"1a1c01bbd47fc00a2c39e90264f33305004495a9","hash":"7ea1e8d6f7a18b6f0cbdf72e70ed2e192101ec44"}
,"C:\\Users\\Käyttäjä\\Documents\\Software Testing\\testing-part-2\\library\\src\\isObjectLike.js": {"path":"C:\\Users\\Käyttäjä\\Documents\\Software Testing\\testing-part-2\\library\\src\\isObjectLike.js","statementMap":{"0":{"start":{"line":24,"column":2},"end":{"line":24,"column":52}}},"fnMap":{"0":{"name":"isObjectLike","decl":{"start":{"line":23,"column":9},"end":{"line":23,"column":21}},"loc":{"start":{"line":23,"column":29},"end":{"line":25,"column":1}},"line":23}},"branchMap":{"0":{"loc":{"start":{"line":24,"column":9},"end":{"line":24,"column":52}},"type":"binary-expr","locations":[{"start":{"line":24,"column":9},"end":{"line":24,"column":34}},{"start":{"line":24,"column":38},"end":{"line":24,"column":52}}],"line":24}},"s":{"0":5},"f":{"0":5},"b":{"0":[5,2]},"_coverageSchema":"1a1c01bbd47fc00a2c39e90264f33305004495a9","hash":"3ea2eaa80706558cac305b9eca41992952c877b9"}
,"C:\\Users\\Käyttäjä\\Documents\\Software Testing\\testing-part-2\\library\\src\\isSymbol.js": {"path":"C:\\Users\\Käyttäjä\\Documents\\Software Testing\\testing-part-2\\library\\src\\isSymbol.js","statementMap":{"0":{"start":{"line":19,"column":15},"end":{"line":19,"column":27}},"1":{"start":{"line":20,"column":2},"end":{"line":20,"column":103}}},"fnMap":{"0":{"name":"isSymbol","decl":{"start":{"line":18,"column":9},"end":{"line":18,"column":17}},"loc":{"start":{"line":18,"column":25},"end":{"line":21,"column":1}},"line":18}},"branchMap":{"0":{"loc":{"start":{"line":20,"column":9},"end":{"line":20,"column":103}},"type":"binary-expr","locations":[{"start":{"line":20,"column":9},"end":{"line":20,"column":25}},{"start":{"line":20,"column":30},"end":{"line":20,"column":47}},{"start":{"line":20,"column":51},"end":{"line":20,"column":64}},{"start":{"line":20,"column":68},"end":{"line":20,"column":102}}],"line":20}},"s":{"0":7,"1":7},"f":{"0":7},"b":{"0":[7,7,0,0]},"_coverageSchema":"1a1c01bbd47fc00a2c39e90264f33305004495a9","hash":"cd94810d7a644aa4355631feded26c75af20f169"}
,"C:\\Users\\Käyttäjä\\Documents\\Software Testing\\testing-part-2\\library\\src\\isTypedArray.js": {"path":"C:\\Users\\Käyttäjä\\Documents\\Software Testing\\testing-part-2\\library\\src\\isTypedArray.js","statementMap":{"0":{"start":{"line":6,"column":19},"end":{"line":6,"column":94}},"1":{"start":{"line":9,"column":25},"end":{"line":9,"column":60}},"2":{"start":{"line":26,"column":21},"end":{"line":28,"column":68}},"3":{"start":{"line":27,"column":15},"end":{"line":27,"column":38}},"4":{"start":{"line":28,"column":15},"end":{"line":28,"column":68}}},"fnMap":{"0":{"name":"(anonymous_0)","decl":{"start":{"line":27,"column":4},"end":{"line":27,"column":5}},"loc":{"start":{"line":27,"column":15},"end":{"line":27,"column":38}},"line":27},"1":{"name":"(anonymous_1)","decl":{"start":{"line":28,"column":4},"end":{"line":28,"column":5}},"loc":{"start":{"line":28,"column":15},"end":{"line":28,"column":68}},"line":28}},"branchMap":{"0":{"loc":{"start":{"line":9,"column":25},"end":{"line":9,"column":60}},"type":"binary-expr","locations":[{"start":{"line":9,"column":25},"end":{"line":9,"column":34}},{"start":{"line":9,"column":38},"end":{"line":9,"column":60}}],"line":9},"1":{"loc":{"start":{"line":26,"column":21},"end":{"line":28,"column":68}},"type":"cond-expr","locations":[{"start":{"line":27,"column":4},"end":{"line":27,"column":38}},{"start":{"line":28,"column":4},"end":{"line":28,"column":68}}],"line":26},"2":{"loc":{"start":{"line":28,"column":15},"end":{"line":28,"column":68}},"type":"binary-expr","locations":[{"start":{"line":28,"column":15},"end":{"line":28,"column":34}},{"start":{"line":28,"column":38},"end":{"line":28,"column":68}}],"line":28}},"s":{"0":1,"1":1,"2":1,"3":0,"4":0},"f":{"0":0,"1":0},"b":{"0":[1,1],"1":[1,0],"2":[0,0]},"_coverageSchema":"1a1c01bbd47fc00a2c39e90264f33305004495a9","hash":"43f36b8c76d7abb17d2cf4c03e78d57c01e7d373"}
,"C:\\Users\\Käyttäjä\\Documents\\Software Testing\\testing-part-2\\library\\src\\memoize.js": {"path":"C:\\Users\\Käyttäjä\\Documents\\Software Testing\\testing-part-2\\library\\src\\memoize.js","statementMap":{"0":{"start":{"line":44,"column":2},"end":{"line":46,"column":3}},"1":{"start":{"line":45,"column":4},"end":{"line":45,"column":46}},"2":{"start":{"line":47,"column":19},"end":{"line":57,"column":3}},"3":{"start":{"line":48,"column":16},"end":{"line":48,"column":63}},"4":{"start":{"line":49,"column":18},"end":{"line":49,"column":32}},"5":{"start":{"line":51,"column":4},"end":{"line":53,"column":5}},"6":{"start":{"line":52,"column":6},"end":{"line":52,"column":27}},"7":{"start":{"line":54,"column":19},"end":{"line":54,"column":41}},"8":{"start":{"line":55,"column":4},"end":{"line":55,"column":52}},"9":{"start":{"line":56,"column":4},"end":{"line":56,"column":17}},"10":{"start":{"line":58,"column":2},"end":{"line":58,"column":45}},"11":{"start":{"line":59,"column":2},"end":{"line":59,"column":17}},"12":{"start":{"line":62,"column":0},"end":{"line":62,"column":19}}},"fnMap":{"0":{"name":"memoize","decl":{"start":{"line":43,"column":9},"end":{"line":43,"column":16}},"loc":{"start":{"line":43,"column":33},"end":{"line":60,"column":1}},"line":43},"1":{"name":"(anonymous_1)","decl":{"start":{"line":47,"column":19},"end":{"line":47,"column":20}},"loc":{"start":{"line":47,"column":37},"end":{"line":57,"column":3}},"line":47}},"branchMap":{"0":{"loc":{"start":{"line":44,"column":2},"end":{"line":46,"column":3}},"type":"if","locations":[{"start":{"line":44,"column":2},"end":{"line":46,"column":3}},{"start":{},"end":{}}],"line":44},"1":{"loc":{"start":{"line":44,"column":6},"end":{"line":44,"column":88}},"type":"binary-expr","locations":[{"start":{"line":44,"column":6},"end":{"line":44,"column":32}},{"start":{"line":44,"column":37},"end":{"line":44,"column":53}},{"start":{"line":44,"column":57},"end":{"line":44,"column":87}}],"line":44},"2":{"loc":{"start":{"line":48,"column":16},"end":{"line":48,"column":63}},"type":"cond-expr","locations":[{"start":{"line":48,"column":27},"end":{"line":48,"column":53}},{"start":{"line":48,"column":56},"end":{"line":48,"column":63}}],"line":48},"3":{"loc":{"start":{"line":51,"column":4},"end":{"line":53,"column":5}},"type":"if","locations":[{"start":{"line":51,"column":4},"end":{"line":53,"column":5}},{"start":{},"end":{}}],"line":51},"4":{"loc":{"start":{"line":55,"column":21},"end":{"line":55,"column":52}},"type":"binary-expr","locations":[{"start":{"line":55,"column":21},"end":{"line":55,"column":43}},{"start":{"line":55,"column":47},"end":{"line":55,"column":52}}],"line":55},"5":{"loc":{"start":{"line":58,"column":24},"end":{"line":58,"column":44}},"type":"binary-expr","locations":[{"start":{"line":58,"column":24},"end":{"line":58,"column":37}},{"start":{"line":58,"column":41},"end":{"line":58,"column":44}}],"line":58}},"s":{"0":2,"1":0,"2":2,"3":5,"4":5,"5":5,"6":1,"7":4,"8":4,"9":4,"10":2,"11":2,"12":2},"f":{"0":2,"1":5},"b":{"0":[0,2],"1":[2,2,2],"2":[5,0],"3":[1,4],"4":[4,0],"5":[2,0]},"_coverageSchema":"1a1c01bbd47fc00a2c39e90264f33305004495a9","hash":"038170cb6b70503b92ae3ac409b0dcfb6bb6a3b8"}
,"C:\\Users\\Käyttäjä\\Documents\\Software Testing\\testing-part-2\\library\\src\\slice.js": {"path":"C:\\Users\\Käyttäjä\\Documents\\Software Testing\\testing-part-2\\library\\src\\slice.js","statementMap":{"0":{"start":{"line":22,"column":15},"end":{"line":22,"column":47}},"1":{"start":{"line":23,"column":2},"end":{"line":25,"column":3}},"2":{"start":{"line":24,"column":4},"end":{"line":24,"column":13}},"3":{"start":{"line":26,"column":2},"end":{"line":26,"column":35}},"4":{"start":{"line":27,"column":2},"end":{"line":27,"column":40}},"5":{"start":{"line":29,"column":2},"end":{"line":31,"column":3}},"6":{"start":{"line":30,"column":4},"end":{"line":30,"column":50}},"7":{"start":{"line":32,"column":2},"end":{"line":34,"column":3}},"8":{"start":{"line":33,"column":4},"end":{"line":33,"column":17}},"9":{"start":{"line":35,"column":2},"end":{"line":35,"column":50}},"10":{"start":{"line":36,"column":2},"end":{"line":36,"column":14}},"11":{"start":{"line":38,"column":14},"end":{"line":38,"column":16}},"12":{"start":{"line":39,"column":17},"end":{"line":39,"column":34}},"13":{"start":{"line":40,"column":2},"end":{"line":42,"column":3}},"14":{"start":{"line":41,"column":4},"end":{"line":41,"column":40}},"15":{"start":{"line":43,"column":2},"end":{"line":43,"column":15}}},"fnMap":{"0":{"name":"slice","decl":{"start":{"line":21,"column":9},"end":{"line":21,"column":14}},"loc":{"start":{"line":21,"column":34},"end":{"line":44,"column":1}},"line":21}},"branchMap":{"0":{"loc":{"start":{"line":22,"column":15},"end":{"line":22,"column":47}},"type":"cond-expr","locations":[{"start":{"line":22,"column":31},"end":{"line":22,"column":32}},{"start":{"line":22,"column":35},"end":{"line":22,"column":47}}],"line":22},"1":{"loc":{"start":{"line":23,"column":2},"end":{"line":25,"column":3}},"type":"if","locations":[{"start":{"line":23,"column":2},"end":{"line":25,"column":3}},{"start":{},"end":{}}],"line":23},"2":{"loc":{"start":{"line":26,"column":10},"end":{"line":26,"column":35}},"type":"cond-expr","locations":[{"start":{"line":26,"column":26},"end":{"line":26,"column":27}},{"start":{"line":26,"column":30},"end":{"line":26,"column":35}}],"line":26},"3":{"loc":{"start":{"line":27,"column":8},"end":{"line":27,"column":40}},"type":"cond-expr","locations":[{"start":{"line":27,"column":28},"end":{"line":27,"column":34}},{"start":{"line":27,"column":37},"end":{"line":27,"column":40}}],"line":27},"4":{"loc":{"start":{"line":29,"column":2},"end":{"line":31,"column":3}},"type":"if","locations":[{"start":{"line":29,"column":2},"end":{"line":31,"column":3}},{"start":{},"end":{}}],"line":29},"5":{"loc":{"start":{"line":30,"column":12},"end":{"line":30,"column":50}},"type":"cond-expr","locations":[{"start":{"line":30,"column":30},"end":{"line":30,"column":31}},{"start":{"line":30,"column":35},"end":{"line":30,"column":49}}],"line":30},"6":{"loc":{"start":{"line":32,"column":2},"end":{"line":34,"column":3}},"type":"if","locations":[{"start":{"line":32,"column":2},"end":{"line":34,"column":3}},{"start":{},"end":{}}],"line":32},"7":{"loc":{"start":{"line":35,"column":11},"end":{"line":35,"column":50}},"type":"cond-expr","locations":[{"start":{"line":35,"column":25},"end":{"line":35,"column":26}},{"start":{"line":35,"column":30},"end":{"line":35,"column":49}}],"line":35}},"s":{"0":0,"1":0,"2":0,"3":0,"4":0,"5":0,"6":0,"7":0,"8":0,"9":0,"10":0,"11":0,"12":0,"13":0,"14":0,"15":0},"f":{"0":0},"b":{"0":[0,0],"1":[0,0],"2":[0,0],"3":[0,0],"4":[0,0],"5":[0,0],"6":[0,0],"7":[0,0]},"_coverageSchema":"1a1c01bbd47fc00a2c39e90264f33305004495a9","hash":"b239761ddec33f8d435e39aec3077422350dcd1c"}
,"C:\\Users\\Käyttäjä\\Documents\\Software Testing\\testing-part-2\\library\\src\\toFinite.js": {"path":"C:\\Users\\Käyttäjä\\Documents\\Software Testing\\testing-part-2\\library\\src\\toFinite.js","statementMap":{"0":{"start":{"line":4,"column":17},"end":{"line":4,"column":22}},"1":{"start":{"line":5,"column":20},"end":{"line":5,"column":43}},"2":{"start":{"line":29,"column":2},"end":{"line":31,"column":3}},"3":{"start":{"line":30,"column":4},"end":{"line":30,"column":34}},"4":{"start":{"line":32,"column":2},"end":{"line":32,"column":25}},"5":{"start":{"line":33,"column":2},"end":{"line":36,"column":3}},"6":{"start":{"line":34,"column":18},"end":{"line":34,"column":36}},"7":{"start":{"line":35,"column":4},"end":{"line":35,"column":29}},"8":{"start":{"line":37,"column":2},"end":{"line":37,"column":36}}},"fnMap":{"0":{"name":"toFinite","decl":{"start":{"line":28,"column":9},"end":{"line":28,"column":17}},"loc":{"start":{"line":28,"column":25},"end":{"line":38,"column":1}},"line":28}},"branchMap":{"0":{"loc":{"start":{"line":29,"column":2},"end":{"line":31,"column":3}},"type":"if","locations":[{"start":{"line":29,"column":2},"end":{"line":31,"column":3}},{"start":{},"end":{}}],"line":29},"1":{"loc":{"start":{"line":30,"column":11},"end":{"line":30,"column":34}},"type":"cond-expr","locations":[{"start":{"line":30,"column":25},"end":{"line":30,"column":30}},{"start":{"line":30,"column":33},"end":{"line":30,"column":34}}],"line":30},"2":{"loc":{"start":{"line":33,"column":2},"end":{"line":36,"column":3}},"type":"if","locations":[{"start":{"line":33,"column":2},"end":{"line":36,"column":3}},{"start":{},"end":{}}],"line":33},"3":{"loc":{"start":{"line":33,"column":6},"end":{"line":33,"column":47}},"type":"binary-expr","locations":[{"start":{"line":33,"column":6},"end":{"line":33,"column":24}},{"start":{"line":33,"column":28},"end":{"line":33,"column":47}}],"line":33},"4":{"loc":{"start":{"line":34,"column":18},"end":{"line":34,"column":36}},"type":"cond-expr","locations":[{"start":{"line":34,"column":30},"end":{"line":34,"column":32}},{"start":{"line":34,"column":35},"end":{"line":34,"column":36}}],"line":34},"5":{"loc":{"start":{"line":37,"column":9},"end":{"line":37,"column":36}},"type":"cond-expr","locations":[{"start":{"line":37,"column":27},"end":{"line":37,"column":32}},{"start":{"line":37,"column":35},"end":{"line":37,"column":36}}],"line":37}},"s":{"0":1,"1":1,"2":4,"3":0,"4":4,"5":4,"6":1,"7":1,"8":3},"f":{"0":4},"b":{"0":[0,4],"1":[0,0],"2":[1,3],"3":[4,3],"4":[0,1],"5":[3,0]},"_coverageSchema":"1a1c01bbd47fc00a2c39e90264f33305004495a9","hash":"fde6957dcd37bf2ee032cbfaf5e01de8d76a3720"}
,"C:\\Users\\Käyttäjä\\Documents\\Software Testing\\testing-part-2\\library\\src\\toNumber.js": {"path":"C:\\Users\\Käyttäjä\\Documents\\Software Testing\\testing-part-2\\library\\src\\toNumber.js","statementMap":{"0":{"start":{"line":5,"column":12},"end":{"line":5,"column":17}},"1":{"start":{"line":8,"column":15},"end":{"line":8,"column":27}},"2":{"start":{"line":11,"column":19},"end":{"line":11,"column":39}},"3":{"start":{"line":14,"column":19},"end":{"line":14,"column":31}},"4":{"start":{"line":17,"column":18},"end":{"line":17,"column":31}},"5":{"start":{"line":20,"column":21},"end":{"line":20,"column":29}},"6":{"start":{"line":45,"column":2},"end":{"line":47,"column":3}},"7":{"start":{"line":46,"column":4},"end":{"line":46,"column":16}},"8":{"start":{"line":48,"column":2},"end":{"line":50,"column":3}},"9":{"start":{"line":49,"column":4},"end":{"line":49,"column":14}},"10":{"start":{"line":51,"column":2},"end":{"line":54,"column":3}},"11":{"start":{"line":52,"column":18},"end":{"line":52,"column":79}},"12":{"start":{"line":53,"column":4},"end":{"line":53,"column":48}},"13":{"start":{"line":55,"column":2},"end":{"line":57,"column":3}},"14":{"start":{"line":56,"column":4},"end":{"line":56,"column":39}},"15":{"start":{"line":58,"column":2},"end":{"line":58,"column":35}},"16":{"start":{"line":59,"column":19},"end":{"line":59,"column":41}},"17":{"start":{"line":60,"column":2},"end":{"line":62,"column":45}}},"fnMap":{"0":{"name":"toNumber","decl":{"start":{"line":44,"column":9},"end":{"line":44,"column":17}},"loc":{"start":{"line":44,"column":25},"end":{"line":63,"column":1}},"line":44}},"branchMap":{"0":{"loc":{"start":{"line":45,"column":2},"end":{"line":47,"column":3}},"type":"if","locations":[{"start":{"line":45,"column":2},"end":{"line":47,"column":3}},{"start":{},"end":{}}],"line":45},"1":{"loc":{"start":{"line":48,"column":2},"end":{"line":50,"column":3}},"type":"if","locations":[{"start":{"line":48,"column":2},"end":{"line":50,"column":3}},{"start":{},"end":{}}],"line":48},"2":{"loc":{"start":{"line":51,"column":2},"end":{"line":54,"column":3}},"type":"if","locations":[{"start":{"line":51,"column":2},"end":{"line":54,"column":3}},{"start":{},"end":{}}],"line":51},"3":{"loc":{"start":{"line":52,"column":18},"end":{"line":52,"column":79}},"type":"cond-expr","locations":[{"start":{"line":52,"column":56},"end":{"line":52,"column":71}},{"start":{"line":52,"column":74},"end":{"line":52,"column":79}}],"line":52},"4":{"loc":{"start":{"line":53,"column":12},"end":{"line":53,"column":48}},"type":"cond-expr","locations":[{"start":{"line":53,"column":30},"end":{"line":53,"column":40}},{"start":{"line":53,"column":43},"end":{"line":53,"column":48}}],"line":53},"5":{"loc":{"start":{"line":55,"column":2},"end":{"line":57,"column":3}},"type":"if","locations":[{"start":{"line":55,"column":2},"end":{"line":57,"column":3}},{"start":{},"end":{}}],"line":55},"6":{"loc":{"start":{"line":56,"column":11},"end":{"line":56,"column":39}},"type":"cond-expr","locations":[{"start":{"line":56,"column":25},"end":{"line":56,"column":30}},{"start":{"line":56,"column":33},"end":{"line":56,"column":39}}],"line":56},"7":{"loc":{"start":{"line":60,"column":9},"end":{"line":62,"column":45}},"type":"cond-expr","locations":[{"start":{"line":61,"column":6},"end":{"line":61,"column":52}},{"start":{"line":62,"column":7},"end":{"line":62,"column":44}}],"line":60},"8":{"loc":{"start":{"line":60,"column":10},"end":{"line":60,"column":43}},"type":"binary-expr","locations":[{"start":{"line":60,"column":10},"end":{"line":60,"column":18}},{"start":{"line":60,"column":22},"end":{"line":60,"column":43}}],"line":60},"9":{"loc":{"start":{"line":61,"column":35},"end":{"line":61,"column":51}},"type":"cond-expr","locations":[{"start":{"line":61,"column":46},"end":{"line":61,"column":47}},{"start":{"line":61,"column":50},"end":{"line":61,"column":51}}],"line":61},"10":{"loc":{"start":{"line":62,"column":7},"end":{"line":62,"column":44}},"type":"cond-expr","locations":[{"start":{"line":62,"column":32},"end":{"line":62,"column":35}},{"start":{"line":62,"column":38},"end":{"line":62,"column":44}}],"line":62}},"s":{"0":1,"1":1,"2":1,"3":1,"4":1,"5":1,"6":4,"7":3,"8":1,"9":0,"10":1,"11":0,"12":0,"13":1,"14":0,"15":1,"16":1,"17":1},"f":{"0":4},"b":{"0":[3,1],"1":[0,1],"2":[0,1],"3":[0,0],"4":[0,0],"5":[0,1],"6":[0,0],"7":[0,1],"8":[1,1],"9":[0,0],"10":[0,1]},"_coverageSchema":"1a1c01bbd47fc00a2c39e90264f33305004495a9","hash":"d61af67f76bf87da9e92f7b3893a5ec5bc3191d6"}
,"C:\\Users\\Käyttäjä\\Documents\\Software Testing\\testing-part-2\\library\\src\\upperFirst.js": {"path":"C:\\Users\\Käyttäjä\\Documents\\Software Testing\\testing-part-2\\library\\src\\upperFirst.js","statementMap":{"0":{"start":{"line":19,"column":19},"end":{"line":19,"column":49}}},"fnMap":{},"branchMap":{},"s":{"0":1},"f":{},"b":{},"_coverageSchema":"1a1c01bbd47fc00a2c39e90264f33305004495a9","hash":"ebefb6cfc04d812020209911afc049c11624e99c"}
,"C:\\Users\\Käyttäjä\\Documents\\Software Testing\\testing-part-2\\library\\src\\words.js": {"path":"C:\\Users\\Käyttäjä\\Documents\\Software Testing\\testing-part-2\\library\\src\\words.js","statementMap":{"0":{"start":{"line":3,"column":23},"end":{"line":5,"column":1}},"1":{"start":{"line":8,"column":20},"end":{"line":8,"column":63}},"2":{"start":{"line":11,"column":2},"end":{"line":11,"column":34}},"3":{"start":{"line":31,"column":2},"end":{"line":34,"column":3}},"4":{"start":{"line":32,"column":19},"end":{"line":32,"column":85}},"5":{"start":{"line":33,"column":4},"end":{"line":33,"column":23}},"6":{"start":{"line":35,"column":2},"end":{"line":35,"column":36}}},"fnMap":{"0":{"name":"asciiWords","decl":{"start":{"line":10,"column":9},"end":{"line":10,"column":19}},"loc":{"start":{"line":10,"column":28},"end":{"line":12,"column":1}},"line":10},"1":{"name":"words","decl":{"start":{"line":30,"column":9},"end":{"line":30,"column":14}},"loc":{"start":{"line":30,"column":32},"end":{"line":36,"column":1}},"line":30}},"branchMap":{"0":{"loc":{"start":{"line":31,"column":2},"end":{"line":34,"column":3}},"type":"if","locations":[{"start":{"line":31,"column":2},"end":{"line":34,"column":3}},{"start":{},"end":{}}],"line":31},"1":{"loc":{"start":{"line":32,"column":19},"end":{"line":32,"column":85}},"type":"cond-expr","locations":[{"start":{"line":32,"column":44},"end":{"line":32,"column":64}},{"start":{"line":32,"column":67},"end":{"line":32,"column":85}}],"line":32},"2":{"loc":{"start":{"line":33,"column":11},"end":{"line":33,"column":23}},"type":"binary-expr","locations":[{"start":{"line":33,"column":11},"end":{"line":33,"column":17}},{"start":{"line":33,"column":21},"end":{"line":33,"column":23}}],"line":33},"3":{"loc":{"start":{"line":35,"column":9},"end":{"line":35,"column":36}},"type":"binary-expr","locations":[{"start":{"line":35,"column":9},"end":{"line":35,"column":30}},{"start":{"line":35,"column":34},"end":{"line":35,"column":36}}],"line":35}},"s":{"0":1,"1":1,"2":59,"3":59,"4":59,"5":59,"6":0},"f":{"0":59,"1":59},"b":{"0":[59,0],"1":[0,59],"2":[59,1],"3":[0,0]},"_coverageSchema":"1a1c01bbd47fc00a2c39e90264f33305004495a9","hash":"d5bdba15b4bf2f5922abd596000564de5c968a67"}
,"C:\\Users\\Käyttäjä\\Documents\\Software Testing\\testing-part-2\\library\\src\\.internal\\arrayReduce.js": {"path":"C:\\Users\\Käyttäjä\\Documents\\Software Testing\\testing-part-2\\library\\src\\.internal\\arrayReduce.js","statementMap":{"0":{"start":{"line":13,"column":14},"end":{"line":13,"column":16}},"1":{"start":{"line":14,"column":17},"end":{"line":14,"column":49}},"2":{"start":{"line":16,"column":2},"end":{"line":18,"column":3}},"3":{"start":{"line":17,"column":4},"end":{"line":17,"column":33}},"4":{"start":{"line":19,"column":2},"end":{"line":21,"column":3}},"5":{"start":{"line":20,"column":4},"end":{"line":20,"column":68}},"6":{"start":{"line":22,"column":2},"end":{"line":22,"column":21}}},"fnMap":{"0":{"name":"arrayReduce","decl":{"start":{"line":12,"column":9},"end":{"line":12,"column":20}},"loc":{"start":{"line":12,"column":62},"end":{"line":23,"column":1}},"line":12}},"branchMap":{"0":{"loc":{"start":{"line":14,"column":17},"end":{"line":14,"column":49}},"type":"cond-expr","locations":[{"start":{"line":14,"column":33},"end":{"line":14,"column":34}},{"start":{"line":14,"column":37},"end":{"line":14,"column":49}}],"line":14},"1":{"loc":{"start":{"line":16,"column":2},"end":{"line":18,"column":3}},"type":"if","locations":[{"start":{"line":16,"column":2},"end":{"line":18,"column":3}},{"start":{},"end":{}}],"line":16},"2":{"loc":{"start":{"line":16,"column":6},"end":{"line":16,"column":25}},"type":"binary-expr","locations":[{"start":{"line":16,"column":6},"end":{"line":16,"column":15}},{"start":{"line":16,"column":19},"end":{"line":16,"column":25}}],"line":16}},"s":{"0":6,"1":6,"2":6,"3":0,"4":6,"5":12,"6":6},"f":{"0":6},"b":{"0":[0,6],"1":[0,6],"2":[6,0]},"_coverageSchema":"1a1c01bbd47fc00a2c39e90264f33305004495a9","hash":"88c4d011e446852aa8c635a89b84e21dd6f9ba7e"}
,"C:\\Users\\Käyttäjä\\Documents\\Software Testing\\testing-part-2\\library\\src\\.internal\\asciiToArray.js": {"path":"C:\\Users\\Käyttäjä\\Documents\\Software Testing\\testing-part-2\\library\\src\\.internal\\asciiToArray.js","statementMap":{"0":{"start":{"line":9,"column":2},"end":{"line":9,"column":26}}},"fnMap":{"0":{"name":"asciiToArray","decl":{"start":{"line":8,"column":9},"end":{"line":8,"column":21}},"loc":{"start":{"line":8,"column":30},"end":{"line":10,"column":1}},"line":8}},"branchMap":{},"s":{"0":0},"f":{"0":0},"b":{},"_coverageSchema":"1a1c01bbd47fc00a2c39e90264f33305004495a9","hash":"ca39cdae9d69a457292865402ff7d95d67ad094b"}
,"C:\\Users\\Käyttäjä\\Documents\\Software Testing\\testing-part-2\\library\\src\\.internal\\baseAt.js": {"path":"C:\\Users\\Käyttäjä\\Documents\\Software Testing\\testing-part-2\\library\\src\\.internal\\baseAt.js","statementMap":{"0":{"start":{"line":12,"column":14},"end":{"line":12,"column":16}},"1":{"start":{"line":13,"column":17},"end":{"line":13,"column":29}},"2":{"start":{"line":14,"column":17},"end":{"line":14,"column":34}},"3":{"start":{"line":15,"column":15},"end":{"line":15,"column":29}},"4":{"start":{"line":17,"column":2},"end":{"line":19,"column":3}},"5":{"start":{"line":18,"column":4},"end":{"line":18,"column":65}},"6":{"start":{"line":20,"column":2},"end":{"line":20,"column":16}}},"fnMap":{"0":{"name":"baseAt","decl":{"start":{"line":11,"column":9},"end":{"line":11,"column":15}},"loc":{"start":{"line":11,"column":31},"end":{"line":21,"column":1}},"line":11}},"branchMap":{"0":{"loc":{"start":{"line":18,"column":20},"end":{"line":18,"column":64}},"type":"cond-expr","locations":[{"start":{"line":18,"column":27},"end":{"line":18,"column":36}},{"start":{"line":18,"column":39},"end":{"line":18,"column":64}}],"line":18}},"s":{"0":2,"1":2,"2":2,"3":2,"4":2,"5":4,"6":2},"f":{"0":2},"b":{"0":[0,4]},"_coverageSchema":"1a1c01bbd47fc00a2c39e90264f33305004495a9","hash":"ba24a62410ec056c2e7030583ca379bee9e26f19"}
,"C:\\Users\\Käyttäjä\\Documents\\Software Testing\\testing-part-2\\library\\src\\.internal\\baseFlatten.js": {"path":"C:\\Users\\Käyttäjä\\Documents\\Software Testing\\testing-part-2\\library\\src\\.internal\\baseFlatten.js","statementMap":{"0":{"start":{"line":15,"column":2},"end":{"line":15,"column":43}},"1":{"start":{"line":16,"column":2},"end":{"line":16,"column":26}},"2":{"start":{"line":18,"column":2},"end":{"line":20,"column":3}},"3":{"start":{"line":19,"column":4},"end":{"line":19,"column":18}},"4":{"start":{"line":22,"column":2},"end":{"line":33,"column":3}},"5":{"start":{"line":23,"column":4},"end":{"line":32,"column":5}},"6":{"start":{"line":24,"column":6},"end":{"line":29,"column":7}},"7":{"start":{"line":26,"column":8},"end":{"line":26,"column":67}},"8":{"start":{"line":28,"column":8},"end":{"line":28,"column":30}},"9":{"start":{"line":30,"column":11},"end":{"line":32,"column":5}},"10":{"start":{"line":31,"column":6},"end":{"line":31,"column":36}},"11":{"start":{"line":34,"column":2},"end":{"line":34,"column":16}}},"fnMap":{"0":{"name":"baseFlatten","decl":{"start":{"line":14,"column":9},"end":{"line":14,"column":20}},"loc":{"start":{"line":14,"column":64},"end":{"line":35,"column":1}},"line":14}},"branchMap":{"0":{"loc":{"start":{"line":15,"column":2},"end":{"line":15,"column":42}},"type":"binary-expr","locations":[{"start":{"line":15,"column":2},"end":{"line":15,"column":11}},{"start":{"line":15,"column":16},"end":{"line":15,"column":41}}],"line":15},"1":{"loc":{"start":{"line":16,"column":2},"end":{"line":16,"column":25}},"type":"binary-expr","locations":[{"start":{"line":16,"column":2},"end":{"line":16,"column":8}},{"start":{"line":16,"column":13},"end":{"line":16,"column":24}}],"line":16},"2":{"loc":{"start":{"line":18,"column":2},"end":{"line":20,"column":3}},"type":"if","locations":[{"start":{"line":18,"column":2},"end":{"line":20,"column":3}},{"start":{},"end":{}}],"line":18},"3":{"loc":{"start":{"line":23,"column":4},"end":{"line":32,"column":5}},"type":"if","locations":[{"start":{"line":23,"column":4},"end":{"line":32,"column":5}},{"start":{"line":30,"column":11},"end":{"line":32,"column":5}}],"line":23},"4":{"loc":{"start":{"line":23,"column":8},"end":{"line":23,"column":37}},"type":"binary-expr","locations":[{"start":{"line":23,"column":8},"end":{"line":23,"column":17}},{"start":{"line":23,"column":21},"end":{"line":23,"column":37}}],"line":23},"5":{"loc":{"start":{"line":24,"column":6},"end":{"line":29,"column":7}},"type":"if","locations":[{"start":{"line":24,"column":6},"end":{"line":29,"column":7}},{"start":{"line":27,"column":13},"end":{"line":29,"column":7}}],"line":24},"6":{"loc":{"start":{"line":30,"column":11},"end":{"line":32,"column":5}},"type":"if","locations":[{"start":{"line":30,"column":11},"end":{"line":32,"column":5}},{"start":{},"end":{}}],"line":30}},"s":{"0":2,"1":2,"2":2,"3":0,"4":2,"5":2,"6":2,"7":0,"8":2,"9":0,"10":0,"11":2},"f":{"0":2},"b":{"0":[2,2],"1":[2,2],"2":[0,2],"3":[2,0],"4":[2,2],"5":[0,2],"6":[0,0]},"_coverageSchema":"1a1c01bbd47fc00a2c39e90264f33305004495a9","hash":"37bb6535fe60a42ff1924b334f7809b986981ded"}
,"C:\\Users\\Käyttäjä\\Documents\\Software Testing\\testing-part-2\\library\\src\\.internal\\baseGet.js": {"path":"C:\\Users\\Käyttäjä\\Documents\\Software Testing\\testing-part-2\\library\\src\\.internal\\baseGet.js","statementMap":{"0":{"start":{"line":13,"column":2},"end":{"line":13,"column":32}},"1":{"start":{"line":15,"column":14},"end":{"line":15,"column":15}},"2":{"start":{"line":16,"column":17},"end":{"line":16,"column":28}},"3":{"start":{"line":18,"column":2},"end":{"line":20,"column":3}},"4":{"start":{"line":19,"column":4},"end":{"line":19,"column":42}},"5":{"start":{"line":21,"column":2},"end":{"line":21,"column":55}}},"fnMap":{"0":{"name":"baseGet","decl":{"start":{"line":12,"column":9},"end":{"line":12,"column":16}},"loc":{"start":{"line":12,"column":31},"end":{"line":22,"column":1}},"line":12}},"branchMap":{"0":{"loc":{"start":{"line":18,"column":9},"end":{"line":18,"column":41}},"type":"binary-expr","locations":[{"start":{"line":18,"column":9},"end":{"line":18,"column":23}},{"start":{"line":18,"column":27},"end":{"line":18,"column":41}}],"line":18},"1":{"loc":{"start":{"line":21,"column":9},"end":{"line":21,"column":54}},"type":"cond-expr","locations":[{"start":{"line":21,"column":36},"end":{"line":21,"column":42}},{"start":{"line":21,"column":45},"end":{"line":21,"column":54}}],"line":21},"2":{"loc":{"start":{"line":21,"column":9},"end":{"line":21,"column":33}},"type":"binary-expr","locations":[{"start":{"line":21,"column":9},"end":{"line":21,"column":14}},{"start":{"line":21,"column":18},"end":{"line":21,"column":33}}],"line":21}},"s":{"0":6,"1":6,"2":6,"3":6,"4":13,"5":6},"f":{"0":6},"b":{"0":[19,16],"1":[5,1],"2":[6,6]},"_coverageSchema":"1a1c01bbd47fc00a2c39e90264f33305004495a9","hash":"1c1ea4026ae568af7bbb85ee45f4ddb40dc824f4"}
,"C:\\Users\\Käyttäjä\\Documents\\Software Testing\\testing-part-2\\library\\src\\.internal\\castPath.js": {"path":"C:\\Users\\Käyttäjä\\Documents\\Software Testing\\testing-part-2\\library\\src\\.internal\\castPath.js","statementMap":{"0":{"start":{"line":13,"column":2},"end":{"line":15,"column":3}},"1":{"start":{"line":14,"column":4},"end":{"line":14,"column":17}},"2":{"start":{"line":16,"column":2},"end":{"line":16,"column":62}}},"fnMap":{"0":{"name":"castPath","decl":{"start":{"line":12,"column":9},"end":{"line":12,"column":17}},"loc":{"start":{"line":12,"column":33},"end":{"line":17,"column":1}},"line":12}},"branchMap":{"0":{"loc":{"start":{"line":13,"column":2},"end":{"line":15,"column":3}},"type":"if","locations":[{"start":{"line":13,"column":2},"end":{"line":15,"column":3}},{"start":{},"end":{}}],"line":13},"1":{"loc":{"start":{"line":16,"column":9},"end":{"line":16,"column":61}},"type":"cond-expr","locations":[{"start":{"line":16,"column":32},"end":{"line":16,"column":39}},{"start":{"line":16,"column":42},"end":{"line":16,"column":61}}],"line":16}},"s":{"0":6,"1":0,"2":6},"f":{"0":6},"b":{"0":[0,6],"1":[1,5]},"_coverageSchema":"1a1c01bbd47fc00a2c39e90264f33305004495a9","hash":"4897951f0143bc53c071231e96ae2854ea4f03fd"}
,"C:\\Users\\Käyttäjä\\Documents\\Software Testing\\testing-part-2\\library\\src\\.internal\\castSlice.js": {"path":"C:\\Users\\Käyttäjä\\Documents\\Software Testing\\testing-part-2\\library\\src\\.internal\\castSlice.js","statementMap":{"0":{"start":{"line":13,"column":21},"end":{"line":13,"column":26}},"1":{"start":{"line":14,"column":2},"end":{"line":14,"column":41}},"2":{"start":{"line":15,"column":2},"end":{"line":15,"column":68}}},"fnMap":{"0":{"name":"castSlice","decl":{"start":{"line":12,"column":9},"end":{"line":12,"column":18}},"loc":{"start":{"line":12,"column":38},"end":{"line":16,"column":1}},"line":12}},"branchMap":{"0":{"loc":{"start":{"line":14,"column":8},"end":{"line":14,"column":40}},"type":"cond-expr","locations":[{"start":{"line":14,"column":28},"end":{"line":14,"column":34}},{"start":{"line":14,"column":37},"end":{"line":14,"column":40}}],"line":14},"1":{"loc":{"start":{"line":15,"column":9},"end":{"line":15,"column":67}},"type":"cond-expr","locations":[{"start":{"line":15,"column":35},"end":{"line":15,"column":40}},{"start":{"line":15,"column":43},"end":{"line":15,"column":67}}],"line":15},"2":{"loc":{"start":{"line":15,"column":9},"end":{"line":15,"column":32}},"type":"binary-expr","locations":[{"start":{"line":15,"column":9},"end":{"line":15,"column":15}},{"start":{"line":15,"column":19},"end":{"line":15,"column":32}}],"line":15}},"s":{"0":0,"1":0,"2":0},"f":{"0":0},"b":{"0":[0,0],"1":[0,0],"2":[0,0]},"_coverageSchema":"1a1c01bbd47fc00a2c39e90264f33305004495a9","hash":"81211ee76a9fb63d8549a956553d58ccd33cab0d"}
,"C:\\Users\\Käyttäjä\\Documents\\Software Testing\\testing-part-2\\library\\src\\.internal\\createCaseFirst.js": {"path":"C:\\Users\\Käyttäjä\\Documents\\Software Testing\\testing-part-2\\library\\src\\.internal\\createCaseFirst.js","statementMap":{"0":{"start":{"line":13,"column":2},"end":{"line":27,"column":4}},"1":{"start":{"line":14,"column":4},"end":{"line":16,"column":5}},"2":{"start":{"line":15,"column":6},"end":{"line":15,"column":16}},"3":{"start":{"line":18,"column":23},"end":{"line":18,"column":77}},"4":{"start":{"line":20,"column":16},"end":{"line":20,"column":54}},"5":{"start":{"line":22,"column":21},"end":{"line":24,"column":23}},"6":{"start":{"line":26,"column":4},"end":{"line":26,"column":40}}},"fnMap":{"0":{"name":"createCaseFirst","decl":{"start":{"line":12,"column":9},"end":{"line":12,"column":24}},"loc":{"start":{"line":12,"column":37},"end":{"line":28,"column":1}},"line":12},"1":{"name":"(anonymous_1)","decl":{"start":{"line":13,"column":9},"end":{"line":13,"column":10}},"loc":{"start":{"line":13,"column":21},"end":{"line":27,"column":3}},"line":13}},"branchMap":{"0":{"loc":{"start":{"line":14,"column":4},"end":{"line":16,"column":5}},"type":"if","locations":[{"start":{"line":14,"column":4},"end":{"line":16,"column":5}},{"start":{},"end":{}}],"line":14},"1":{"loc":{"start":{"line":18,"column":23},"end":{"line":18,"column":77}},"type":"cond-expr","locations":[{"start":{"line":18,"column":44},"end":{"line":18,"column":65}},{"start":{"line":18,"column":68},"end":{"line":18,"column":77}}],"line":18},"2":{"loc":{"start":{"line":20,"column":16},"end":{"line":20,"column":54}},"type":"cond-expr","locations":[{"start":{"line":20,"column":29},"end":{"line":20,"column":42}},{"start":{"line":20,"column":45},"end":{"line":20,"column":54}}],"line":20},"3":{"loc":{"start":{"line":22,"column":21},"end":{"line":24,"column":23}},"type":"cond-expr","locations":[{"start":{"line":23,"column":8},"end":{"line":23,"column":41}},{"start":{"line":24,"column":8},"end":{"line":24,"column":23}}],"line":22}},"s":{"0":1,"1":101,"2":1,"3":100,"4":100,"5":100,"6":100},"f":{"0":1,"1":101},"b":{"0":[1,100],"1":[0,100],"2":[0,100],"3":[0,100]},"_coverageSchema":"1a1c01bbd47fc00a2c39e90264f33305004495a9","hash":"1c7c3e7ce69f863545ada97d009012bd2877e5cb"}
,"C:\\Users\\Käyttäjä\\Documents\\Software Testing\\testing-part-2\\library\\src\\.internal\\freeGlobal.js": {"path":"C:\\Users\\Käyttäjä\\Documents\\Software Testing\\testing-part-2\\library\\src\\.internal\\freeGlobal.js","statementMap":{"0":{"start":{"line":3,"column":2},"end":{"line":6,"column":8}}},"fnMap":{},"branchMap":{"0":{"loc":{"start":{"line":3,"column":2},"end":{"line":6,"column":8}},"type":"binary-expr","locations":[{"start":{"line":3,"column":2},"end":{"line":3,"column":28}},{"start":{"line":4,"column":2},"end":{"line":4,"column":17}},{"start":{"line":5,"column":2},"end":{"line":5,"column":26}},{"start":{"line":6,"column":2},"end":{"line":6,"column":8}}],"line":3}},"s":{"0":1},"f":{},"b":{"0":[1,1,1,1]},"_coverageSchema":"1a1c01bbd47fc00a2c39e90264f33305004495a9","hash":"68e95902e601fdf95fb61c0690e443da4381178a"}
,"C:\\Users\\Käyttäjä\\Documents\\Software Testing\\testing-part-2\\library\\src\\.internal\\getTag.js": {"path":"C:\\Users\\Käyttäjä\\Documents\\Software Testing\\testing-part-2\\library\\src\\.internal\\getTag.js","statementMap":{"0":{"start":{"line":1,"column":17},"end":{"line":1,"column":42}},"1":{"start":{"line":11,"column":2},"end":{"line":13,"column":3}},"2":{"start":{"line":12,"column":4},"end":{"line":12,"column":72}},"3":{"start":{"line":14,"column":2},"end":{"line":14,"column":30}}},"fnMap":{"0":{"name":"getTag","decl":{"start":{"line":10,"column":9},"end":{"line":10,"column":15}},"loc":{"start":{"line":10,"column":23},"end":{"line":15,"column":1}},"line":10}},"branchMap":{"0":{"loc":{"start":{"line":11,"column":2},"end":{"line":13,"column":3}},"type":"if","locations":[{"start":{"line":11,"column":2},"end":{"line":13,"column":3}},{"start":{},"end":{}}],"line":11},"1":{"loc":{"start":{"line":12,"column":11},"end":{"line":12,"column":71}},"type":"cond-expr","locations":[{"start":{"line":12,"column":33},"end":{"line":12,"column":53}},{"start":{"line":12,"column":56},"end":{"line":12,"column":71}}],"line":12}},"s":{"0":4,"1":2,"2":0,"3":2},"f":{"0":2},"b":{"0":[0,2],"1":[0,0]},"_coverageSchema":"1a1c01bbd47fc00a2c39e90264f33305004495a9","hash":"0ce430a318ea8a3df0a76bce033c6078088838b8"}
,"C:\\Users\\Käyttäjä\\Documents\\Software Testing\\testing-part-2\\library\\src\\.internal\\hasUnicode.js": {"path":"C:\\Users\\Käyttäjä\\Documents\\Software Testing\\testing-part-2\\library\\src\\.internal\\hasUnicode.js","statementMap":{"0":{"start":{"line":2,"column":22},"end":{"line":2,"column":39}},"1":{"start":{"line":3,"column":26},"end":{"line":3,"column":43}},"2":{"start":{"line":4,"column":30},"end":{"line":4,"column":47}},"3":{"start":{"line":5,"column":28},"end":{"line":5,"column":45}},"4":{"start":{"line":6,"column":34},"end":{"line":6,"column":51}},"5":{"start":{"line":7,"column":36},"end":{"line":7,"column":53}},"6":{"start":{"line":9,"column":2},"end":{"line":13,"column":29}},"7":{"start":{"line":14,"column":19},"end":{"line":14,"column":35}},"8":{"start":{"line":17,"column":14},"end":{"line":17,"column":23}},"9":{"start":{"line":20,"column":21},"end":{"line":22,"column":1}},"10":{"start":{"line":32,"column":2},"end":{"line":32,"column":35}}},"fnMap":{"0":{"name":"hasUnicode","decl":{"start":{"line":31,"column":9},"end":{"line":31,"column":19}},"loc":{"start":{"line":31,"column":28},"end":{"line":33,"column":1}},"line":31}},"branchMap":{},"s":{"0":1,"1":1,"2":1,"3":1,"4":1,"5":1,"6":1,"7":1,"8":1,"9":1,"10":100},"f":{"0":100},"b":{},"_coverageSchema":"1a1c01bbd47fc00a2c39e90264f33305004495a9","hash":"d6d5fded49b886816a639824b32799a8fcc19d0b"}
,"C:\\Users\\Käyttäjä\\Documents\\Software Testing\\testing-part-2\\library\\src\\.internal\\isFlattenable.js": {"path":"C:\\Users\\Käyttäjä\\Documents\\Software Testing\\testing-part-2\\library\\src\\.internal\\isFlattenable.js","statementMap":{"0":{"start":{"line":4,"column":25},"end":{"line":4,"column":50}},"1":{"start":{"line":14,"column":2},"end":{"line":18,"column":4}}},"fnMap":{"0":{"name":"isFlattenable","decl":{"start":{"line":13,"column":9},"end":{"line":13,"column":22}},"loc":{"start":{"line":13,"column":30},"end":{"line":19,"column":1}},"line":13}},"branchMap":{"0":{"loc":{"start":{"line":15,"column":4},"end":{"line":17,"column":40}},"type":"binary-expr","locations":[{"start":{"line":15,"column":4},"end":{"line":15,"column":24}},{"start":{"line":16,"column":4},"end":{"line":16,"column":22}},{"start":{"line":17,"column":4},"end":{"line":17,"column":40}}],"line":15},"1":{"loc":{"start":{"line":17,"column":7},"end":{"line":17,"column":39}},"type":"binary-expr","locations":[{"start":{"line":17,"column":7},"end":{"line":17,"column":12}},{"start":{"line":17,"column":16},"end":{"line":17,"column":39}}],"line":17}},"s":{"0":1,"1":2},"f":{"0":2},"b":{"0":[2,0,0],"1":[0,0]},"_coverageSchema":"1a1c01bbd47fc00a2c39e90264f33305004495a9","hash":"9758fd3e32a1693f07d620fdc005a2226b767d43"}
,"C:\\Users\\Käyttäjä\\Documents\\Software Testing\\testing-part-2\\library\\src\\.internal\\isKey.js": {"path":"C:\\Users\\Käyttäjä\\Documents\\Software Testing\\testing-part-2\\library\\src\\.internal\\isKey.js","statementMap":{"0":{"start":{"line":4,"column":21},"end":{"line":4,"column":71}},"1":{"start":{"line":5,"column":22},"end":{"line":5,"column":29}},"2":{"start":{"line":16,"column":2},"end":{"line":18,"column":3}},"3":{"start":{"line":17,"column":4},"end":{"line":17,"column":17}},"4":{"start":{"line":19,"column":15},"end":{"line":19,"column":27}},"5":{"start":{"line":20,"column":2},"end":{"line":27,"column":3}},"6":{"start":{"line":26,"column":4},"end":{"line":26,"column":16}},"7":{"start":{"line":28,"column":2},"end":{"line":32,"column":4}}},"fnMap":{"0":{"name":"isKey","decl":{"start":{"line":15,"column":9},"end":{"line":15,"column":14}},"loc":{"start":{"line":15,"column":30},"end":{"line":33,"column":1}},"line":15}},"branchMap":{"0":{"loc":{"start":{"line":16,"column":2},"end":{"line":18,"column":3}},"type":"if","locations":[{"start":{"line":16,"column":2},"end":{"line":18,"column":3}},{"start":{},"end":{}}],"line":16},"1":{"loc":{"start":{"line":20,"column":2},"end":{"line":27,"column":3}},"type":"if","locations":[{"start":{"line":20,"column":2},"end":{"line":27,"column":3}},{"start":{},"end":{}}],"line":20},"2":{"loc":{"start":{"line":21,"column":4},"end":{"line":24,"column":19}},"type":"binary-expr","locations":[{"start":{"line":21,"column":4},"end":{"line":21,"column":21}},{"start":{"line":22,"column":4},"end":{"line":22,"column":22}},{"start":{"line":23,"column":4},"end":{"line":23,"column":17}},{"start":{"line":24,"column":4},"end":{"line":24,"column":19}}],"line":21},"3":{"loc":{"start":{"line":29,"column":4},"end":{"line":31,"column":47}},"type":"binary-expr","locations":[{"start":{"line":29,"column":4},"end":{"line":29,"column":29}},{"start":{"line":30,"column":4},"end":{"line":30,"column":29}},{"start":{"line":31,"column":5},"end":{"line":31,"column":19}},{"start":{"line":31,"column":23},"end":{"line":31,"column":46}}],"line":29}},"s":{"0":2,"1":2,"2":6,"3":0,"4":6,"5":6,"6":0,"7":6},"f":{"0":6},"b":{"0":[0,6],"1":[0,6],"2":[6,6,6,6],"3":[6,5,5,5]},"_coverageSchema":"1a1c01bbd47fc00a2c39e90264f33305004495a9","hash":"6d7cf3751c381b57365c04d30785564775a2343b"}
,"C:\\Users\\Käyttäjä\\Documents\\Software Testing\\testing-part-2\\library\\src\\.internal\\isPrototype.js": {"path":"C:\\Users\\Käyttäjä\\Documents\\Software Testing\\testing-part-2\\library\\src\\.internal\\isPrototype.js","statementMap":{"0":{"start":{"line":2,"column":20},"end":{"line":2,"column":36}},"1":{"start":{"line":12,"column":15},"end":{"line":12,"column":41}},"2":{"start":{"line":13,"column":16},"end":{"line":13,"column":77}},"3":{"start":{"line":15,"column":2},"end":{"line":15,"column":25}}},"fnMap":{"0":{"name":"isPrototype","decl":{"start":{"line":11,"column":9},"end":{"line":11,"column":20}},"loc":{"start":{"line":11,"column":28},"end":{"line":16,"column":1}},"line":11}},"branchMap":{"0":{"loc":{"start":{"line":12,"column":15},"end":{"line":12,"column":41}},"type":"binary-expr","locations":[{"start":{"line":12,"column":15},"end":{"line":12,"column":20}},{"start":{"line":12,"column":24},"end":{"line":12,"column":41}}],"line":12},"1":{"loc":{"start":{"line":13,"column":16},"end":{"line":13,"column":77}},"type":"binary-expr","locations":[{"start":{"line":13,"column":17},"end":{"line":13,"column":43}},{"start":{"line":13,"column":47},"end":{"line":13,"column":61}},{"start":{"line":13,"column":66},"end":{"line":13,"column":77}}],"line":13}},"s":{"0":1,"1":2,"2":2,"3":2},"f":{"0":2},"b":{"0":[2,2],"1":[2,2,0]},"_coverageSchema":"1a1c01bbd47fc00a2c39e90264f33305004495a9","hash":"028a5f5948b9dd0ec20137b285d22dd0830bdc95"}
,"C:\\Users\\Käyttäjä\\Documents\\Software Testing\\testing-part-2\\library\\src\\.internal\\memoizeCapped.js": {"path":"C:\\Users\\Käyttäjä\\Documents\\Software Testing\\testing-part-2\\library\\src\\.internal\\memoizeCapped.js","statementMap":{"0":{"start":{"line":4,"column":25},"end":{"line":4,"column":28}},"1":{"start":{"line":15,"column":17},"end":{"line":21,"column":4}},"2":{"start":{"line":16,"column":22},"end":{"line":16,"column":28}},"3":{"start":{"line":17,"column":4},"end":{"line":19,"column":5}},"4":{"start":{"line":18,"column":6},"end":{"line":18,"column":20}},"5":{"start":{"line":20,"column":4},"end":{"line":20,"column":15}},"6":{"start":{"line":23,"column":2},"end":{"line":23,"column":16}}},"fnMap":{"0":{"name":"memoizeCapped","decl":{"start":{"line":14,"column":9},"end":{"line":14,"column":22}},"loc":{"start":{"line":14,"column":29},"end":{"line":24,"column":1}},"line":14},"1":{"name":"(anonymous_1)","decl":{"start":{"line":15,"column":31},"end":{"line":15,"column":32}},"loc":{"start":{"line":15,"column":40},"end":{"line":21,"column":3}},"line":15}},"branchMap":{"0":{"loc":{"start":{"line":17,"column":4},"end":{"line":19,"column":5}},"type":"if","locations":[{"start":{"line":17,"column":4},"end":{"line":19,"column":5}},{"start":{},"end":{}}],"line":17}},"s":{"0":2,"1":2,"2":5,"3":5,"4":0,"5":5,"6":2},"f":{"0":2,"1":5},"b":{"0":[0,5]},"_coverageSchema":"1a1c01bbd47fc00a2c39e90264f33305004495a9","hash":"4d6651f674034b409339b784232fbdb207397887"}
,"C:\\Users\\Käyttäjä\\Documents\\Software Testing\\testing-part-2\\library\\src\\.internal\\nodeTypes.js": {"path":"C:\\Users\\Käyttäjä\\Documents\\Software Testing\\testing-part-2\\library\\src\\.internal\\nodeTypes.js","statementMap":{"0":{"start":{"line":5,"column":2},"end":{"line":8,"column":9}},"1":{"start":{"line":12,"column":2},"end":{"line":16,"column":8}},"2":{"start":{"line":19,"column":22},"end":{"line":19,"column":70}},"3":{"start":{"line":22,"column":20},"end":{"line":22,"column":55}},"4":{"start":{"line":25,"column":18},"end":{"line":36,"column":4}},"5":{"start":{"line":26,"column":2},"end":{"line":35,"column":16}},"6":{"start":{"line":30,"column":6},"end":{"line":30,"column":74}},"7":{"start":{"line":31,"column":4},"end":{"line":34,"column":74}}},"fnMap":{"0":{"name":"(anonymous_0)","decl":{"start":{"line":25,"column":19},"end":{"line":25,"column":20}},"loc":{"start":{"line":25,"column":25},"end":{"line":36,"column":1}},"line":25}},"branchMap":{"0":{"loc":{"start":{"line":5,"column":2},"end":{"line":8,"column":9}},"type":"binary-expr","locations":[{"start":{"line":5,"column":2},"end":{"line":5,"column":29}},{"start":{"line":6,"column":2},"end":{"line":6,"column":18}},{"start":{"line":7,"column":2},"end":{"line":7,"column":19}},{"start":{"line":8,"column":2},"end":{"line":8,"column":9}}],"line":5},"1":{"loc":{"start":{"line":12,"column":2},"end":{"line":16,"column":8}},"type":"binary-expr","locations":[{"start":{"line":12,"column":2},"end":{"line":12,"column":13}},{"start":{"line":13,"column":2},"end":{"line":13,"column":28}},{"start":{"line":14,"column":2},"end":{"line":14,"column":17}},{"start":{"line":15,"column":2},"end":{"line":15,"column":18}},{"start":{"line":16,"column":2},"end":{"line":16,"column":8}}],"line":12},"2":{"loc":{"start":{"line":19,"column":22},"end":{"line":19,"column":70}},"type":"binary-expr","locations":[{"start":{"line":19,"column":22},"end":{"line":19,"column":32}},{"start":{"line":19,"column":36},"end":{"line":19,"column":70}}],"line":19},"3":{"loc":{"start":{"line":22,"column":20},"end":{"line":22,"column":55}},"type":"binary-expr","locations":[{"start":{"line":22,"column":20},"end":{"line":22,"column":33}},{"start":{"line":22,"column":37},"end":{"line":22,"column":55}}],"line":22},"4":{"loc":{"start":{"line":30,"column":6},"end":{"line":30,"column":74}},"type":"binary-expr","locations":[{"start":{"line":30,"column":6},"end":{"line":30,"column":16}},{"start":{"line":30,"column":20},"end":{"line":30,"column":38}},{"start":{"line":30,"column":42},"end":{"line":30,"column":74}}],"line":30},"5":{"loc":{"start":{"line":31,"column":11},"end":{"line":34,"column":73}},"type":"cond-expr","locations":[{"start":{"line":32,"column":8},"end":{"line":32,"column":19}},{"start":{"line":34,"column":8},"end":{"line":34,"column":73}}],"line":31},"6":{"loc":{"start":{"line":34,"column":8},"end":{"line":34,"column":73}},"type":"binary-expr","locations":[{"start":{"line":34,"column":8},"end":{"line":34,"column":19}},{"start":{"line":34,"column":23},"end":{"line":34,"column":42}},{"start":{"line":34,"column":46},"end":{"line":34,"column":73}}],"line":34}},"s":{"0":1,"1":1,"2":1,"3":1,"4":1,"5":1,"6":1,"7":1},"f":{"0":1},"b":{"0":[1,1,1,1],"1":[1,1,1,1,1],"2":[1,1],"3":[1,1],"4":[1,1,1],"5":[1,0],"6":[0,0,0]},"_coverageSchema":"1a1c01bbd47fc00a2c39e90264f33305004495a9","hash":"25c403c28796b4048c8af2eff790fa694ef9e11b"}
,"C:\\Users\\Käyttäjä\\Documents\\Software Testing\\testing-part-2\\library\\src\\.internal\\root.js": {"path":"C:\\Users\\Käyttäjä\\Documents\\Software Testing\\testing-part-2\\library\\src\\.internal\\root.js","statementMap":{"0":{"start":{"line":6,"column":2},"end":{"line":9,"column":12}},"1":{"start":{"line":13,"column":2},"end":{"line":13,"column":77}},"2":{"start":{"line":17,"column":2},"end":{"line":17,"column":71}}},"fnMap":{},"branchMap":{"0":{"loc":{"start":{"line":6,"column":2},"end":{"line":9,"column":12}},"type":"binary-expr","locations":[{"start":{"line":6,"column":2},"end":{"line":6,"column":32}},{"start":{"line":7,"column":2},"end":{"line":7,"column":21}},{"start":{"line":8,"column":2},"end":{"line":8,"column":29}},{"start":{"line":9,"column":2},"end":{"line":9,"column":12}}],"line":6},"1":{"loc":{"start":{"line":13,"column":2},"end":{"line":13,"column":77}},"type":"binary-expr","locations":[{"start":{"line":13,"column":2},"end":{"line":13,"column":26}},{"start":{"line":13,"column":30},"end":{"line":13,"column":43}},{"start":{"line":13,"column":47},"end":{"line":13,"column":69}},{"start":{"line":13,"column":73},"end":{"line":13,"column":77}}],"line":13},"2":{"loc":{"start":{"line":17,"column":2},"end":{"line":17,"column":71}},"type":"binary-expr","locations":[{"start":{"line":17,"column":2},"end":{"line":17,"column":16}},{"start":{"line":17,"column":20},"end":{"line":17,"column":30}},{"start":{"line":17,"column":34},"end":{"line":17,"column":42}},{"start":{"line":17,"column":46},"end":{"line":17,"column":71}}],"line":17}},"s":{"0":1,"1":1,"2":1},"f":{},"b":{"0":[1,1,1,1],"1":[1,0,0,0],"2":[1,0,0,0]},"_coverageSchema":"1a1c01bbd47fc00a2c39e90264f33305004495a9","hash":"f989f1210ba2014378f1f5f1cc3deb9b94e7d078"}
,"C:\\Users\\Käyttäjä\\Documents\\Software Testing\\testing-part-2\\library\\src\\.internal\\stringToArray.js": {"path":"C:\\Users\\Käyttäjä\\Documents\\Software Testing\\testing-part-2\\library\\src\\.internal\\stringToArray.js","statementMap":{"0":{"start":{"line":13,"column":2},"end":{"line":13,"column":76}}},"fnMap":{"0":{"name":"stringToArray","decl":{"start":{"line":12,"column":9},"end":{"line":12,"column":22}},"loc":{"start":{"line":12,"column":31},"end":{"line":14,"column":1}},"line":12}},"branchMap":{"0":{"loc":{"start":{"line":13,"column":9},"end":{"line":13,"column":75}},"type":"cond-expr","locations":[{"start":{"line":13,"column":30},"end":{"line":13,"column":52}},{"start":{"line":13,"column":55},"end":{"line":13,"column":75}}],"line":13}},"s":{"0":0},"f":{"0":0},"b":{"0":[0,0]},"_coverageSchema":"1a1c01bbd47fc00a2c39e90264f33305004495a9","hash":"eaa21533779d22ed8cf9e4ac5928671b2d6e7ba8"}
,"C:\\Users\\Käyttäjä\\Documents\\Software Testing\\testing-part-2\\library\\src\\.internal\\stringToPath.js": {"path":"C:\\Users\\Käyttäjä\\Documents\\Software Testing\\testing-part-2\\library\\src\\.internal\\stringToPath.js","statementMap":{"0":{"start":{"line":3,"column":22},"end":{"line":3,"column":39}},"1":{"start":{"line":4,"column":21},"end":{"line":4,"column":31}},"2":{"start":{"line":5,"column":19},"end":{"line":21,"column":1}},"3":{"start":{"line":30,"column":21},"end":{"line":45,"column":2}},"4":{"start":{"line":31,"column":17},"end":{"line":31,"column":19}},"5":{"start":{"line":32,"column":2},"end":{"line":34,"column":3}},"6":{"start":{"line":33,"column":4},"end":{"line":33,"column":20}},"7":{"start":{"line":35,"column":2},"end":{"line":43,"column":5}},"8":{"start":{"line":36,"column":14},"end":{"line":36,"column":19}},"9":{"start":{"line":37,"column":4},"end":{"line":41,"column":5}},"10":{"start":{"line":38,"column":6},"end":{"line":38,"column":50}},"11":{"start":{"line":39,"column":11},"end":{"line":41,"column":5}},"12":{"start":{"line":40,"column":6},"end":{"line":40,"column":30}},"13":{"start":{"line":42,"column":4},"end":{"line":42,"column":21}},"14":{"start":{"line":44,"column":2},"end":{"line":44,"column":16}}},"fnMap":{"0":{"name":"(anonymous_0)","decl":{"start":{"line":30,"column":35},"end":{"line":30,"column":36}},"loc":{"start":{"line":30,"column":47},"end":{"line":45,"column":1}},"line":30},"1":{"name":"(anonymous_1)","decl":{"start":{"line":35,"column":29},"end":{"line":35,"column":30}},"loc":{"start":{"line":35,"column":70},"end":{"line":43,"column":3}},"line":35}},"branchMap":{"0":{"loc":{"start":{"line":32,"column":2},"end":{"line":34,"column":3}},"type":"if","locations":[{"start":{"line":32,"column":2},"end":{"line":34,"column":3}},{"start":{},"end":{}}],"line":32},"1":{"loc":{"start":{"line":37,"column":4},"end":{"line":41,"column":5}},"type":"if","locations":[{"start":{"line":37,"column":4},"end":{"line":41,"column":5}},{"start":{"line":39,"column":11},"end":{"line":41,"column":5}}],"line":37},"2":{"loc":{"start":{"line":39,"column":11},"end":{"line":41,"column":5}},"type":"if","locations":[{"start":{"line":39,"column":11},"end":{"line":41,"column":5}},{"start":{},"end":{}}],"line":39}},"s":{"0":2,"1":2,"2":2,"3":2,"4":4,"5":4,"6":0,"7":4,"8":11,"9":11,"10":0,"11":11,"12":0,"13":11,"14":4},"f":{"0":4,"1":11},"b":{"0":[0,4],"1":[0,11],"2":[0,11]},"_coverageSchema":"1a1c01bbd47fc00a2c39e90264f33305004495a9","hash":"7eacb3e5bff3bfd844218631992670f6dc133dc3"}
,"C:\\Users\\Käyttäjä\\Documents\\Software Testing\\testing-part-2\\library\\src\\.internal\\toKey.js": {"path":"C:\\Users\\Käyttäjä\\Documents\\Software Testing\\testing-part-2\\library\\src\\.internal\\toKey.js","statementMap":{"0":{"start":{"line":4,"column":17},"end":{"line":4,"column":22}},"1":{"start":{"line":14,"column":2},"end":{"line":16,"column":3}},"2":{"start":{"line":15,"column":4},"end":{"line":15,"column":17}},"3":{"start":{"line":17,"column":17},"end":{"line":17,"column":27}},"4":{"start":{"line":18,"column":2},"end":{"line":18,"column":65}}},"fnMap":{"0":{"name":"toKey","decl":{"start":{"line":13,"column":9},"end":{"line":13,"column":14}},"loc":{"start":{"line":13,"column":22},"end":{"line":19,"column":1}},"line":13}},"branchMap":{"0":{"loc":{"start":{"line":14,"column":2},"end":{"line":16,"column":3}},"type":"if","locations":[{"start":{"line":14,"column":2},"end":{"line":16,"column":3}},{"start":{},"end":{}}],"line":14},"1":{"loc":{"start":{"line":14,"column":6},"end":{"line":14,"column":50}},"type":"binary-expr","locations":[{"start":{"line":14,"column":6},"end":{"line":14,"column":31}},{"start":{"line":14,"column":35},"end":{"line":14,"column":50}}],"line":14},"2":{"loc":{"start":{"line":18,"column":9},"end":{"line":18,"column":64}},"type":"cond-expr","locations":[{"start":{"line":18,"column":51},"end":{"line":18,"column":55}},{"start":{"line":18,"column":58},"end":{"line":18,"column":64}}],"line":18},"3":{"loc":{"start":{"line":18,"column":9},"end":{"line":18,"column":48}},"type":"binary-expr","locations":[{"start":{"line":18,"column":9},"end":{"line":18,"column":22}},{"start":{"line":18,"column":26},"end":{"line":18,"column":48}}],"line":18}},"s":{"0":2,"1":13,"2":13,"3":0,"4":0},"f":{"0":13},"b":{"0":[13,0],"1":[13,0],"2":[0,0],"3":[0,0]},"_coverageSchema":"1a1c01bbd47fc00a2c39e90264f33305004495a9","hash":"fc7f1aa12d03d407b2efb9440dc0c08df49bb49d"}
,"C:\\Users\\Käyttäjä\\Documents\\Software Testing\\testing-part-2\\library\\src\\.internal\\unicodeToArray.js": {"path":"C:\\Users\\Käyttäjä\\Documents\\Software Testing\\testing-part-2\\library\\src\\.internal\\unicodeToArray.js","statementMap":{"0":{"start":{"line":2,"column":22},"end":{"line":2,"column":39}},"1":{"start":{"line":3,"column":26},"end":{"line":3,"column":43}},"2":{"start":{"line":4,"column":30},"end":{"line":4,"column":47}},"3":{"start":{"line":5,"column":28},"end":{"line":5,"column":45}},"4":{"start":{"line":6,"column":34},"end":{"line":6,"column":51}},"5":{"start":{"line":7,"column":36},"end":{"line":7,"column":53}},"6":{"start":{"line":9,"column":2},"end":{"line":13,"column":29}},"7":{"start":{"line":14,"column":19},"end":{"line":14,"column":35}},"8":{"start":{"line":17,"column":17},"end":{"line":17,"column":37}},"9":{"start":{"line":18,"column":16},"end":{"line":18,"column":35}},"10":{"start":{"line":19,"column":15},"end":{"line":19,"column":41}},"11":{"start":{"line":20,"column":19},"end":{"line":20,"column":45}},"12":{"start":{"line":21,"column":20},"end":{"line":21,"column":41}},"13":{"start":{"line":22,"column":19},"end":{"line":22,"column":52}},"14":{"start":{"line":23,"column":19},"end":{"line":23,"column":55}},"15":{"start":{"line":24,"column":14},"end":{"line":24,"column":23}},"16":{"start":{"line":27,"column":17},"end":{"line":27,"column":33}},"17":{"start":{"line":28,"column":17},"end":{"line":28,"column":35}},"18":{"start":{"line":29,"column":18},"end":{"line":31,"column":28}},"19":{"start":{"line":32,"column":14},"end":{"line":32,"column":45}},"20":{"start":{"line":33,"column":25},"end":{"line":33,"column":52}},"21":{"start":{"line":34,"column":17},"end":{"line":40,"column":14}},"22":{"start":{"line":43,"column":18},"end":{"line":43,"column":75}},"23":{"start":{"line":53,"column":2},"end":{"line":53,"column":39}}},"fnMap":{"0":{"name":"unicodeToArray","decl":{"start":{"line":52,"column":9},"end":{"line":52,"column":23}},"loc":{"start":{"line":52,"column":32},"end":{"line":54,"column":1}},"line":52}},"branchMap":{"0":{"loc":{"start":{"line":53,"column":9},"end":{"line":53,"column":38}},"type":"binary-expr","locations":[{"start":{"line":53,"column":9},"end":{"line":53,"column":32}},{"start":{"line":53,"column":36},"end":{"line":53,"column":38}}],"line":53}},"s":{"0":1,"1":1,"2":1,"3":1,"4":1,"5":1,"6":1,"7":1,"8":1,"9":1,"10":1,"11":1,"12":1,"13":1,"14":1,"15":1,"16":1,"17":1,"18":1,"19":1,"20":1,"21":1,"22":1,"23":0},"f":{"0":0},"b":{"0":[0,0]},"_coverageSchema":"1a1c01bbd47fc00a2c39e90264f33305004495a9","hash":"3da46e93ca7ce6041178b45b9bb1cf6e17c2741b"}
,"C:\\Users\\Käyttäjä\\Documents\\Software Testing\\testing-part-2\\library\\src\\.internal\\unicodeWords.js": {"path":"C:\\Users\\Käyttäjä\\Documents\\Software Testing\\testing-part-2\\library\\src\\.internal\\unicodeWords.js","statementMap":{"0":{"start":{"line":2,"column":22},"end":{"line":2,"column":39}},"1":{"start":{"line":3,"column":26},"end":{"line":3,"column":43}},"2":{"start":{"line":4,"column":30},"end":{"line":4,"column":47}},"3":{"start":{"line":5,"column":28},"end":{"line":5,"column":45}},"4":{"start":{"line":6,"column":34},"end":{"line":6,"column":51}},"5":{"start":{"line":7,"column":36},"end":{"line":7,"column":53}},"6":{"start":{"line":9,"column":2},"end":{"line":13,"column":29}},"7":{"start":{"line":14,"column":23},"end":{"line":14,"column":40}},"8":{"start":{"line":15,"column":21},"end":{"line":15,"column":48}},"9":{"start":{"line":16,"column":22},"end":{"line":16,"column":44}},"10":{"start":{"line":17,"column":23},"end":{"line":17,"column":69}},"11":{"start":{"line":18,"column":27},"end":{"line":18,"column":44}},"12":{"start":{"line":20,"column":2},"end":{"line":20,"column":160}},"13":{"start":{"line":21,"column":21},"end":{"line":21,"column":48}},"14":{"start":{"line":22,"column":19},"end":{"line":22,"column":35}},"15":{"start":{"line":24,"column":2},"end":{"line":24,"column":68}},"16":{"start":{"line":27,"column":15},"end":{"line":27,"column":26}},"17":{"start":{"line":28,"column":16},"end":{"line":28,"column":35}},"18":{"start":{"line":29,"column":16},"end":{"line":29,"column":35}},"19":{"start":{"line":30,"column":16},"end":{"line":30,"column":21}},"20":{"start":{"line":31,"column":18},"end":{"line":31,"column":39}},"21":{"start":{"line":32,"column":16},"end":{"line":32,"column":35}},"22":{"start":{"line":33,"column":15},"end":{"line":35,"column":3}},"23":{"start":{"line":36,"column":15},"end":{"line":36,"column":41}},"24":{"start":{"line":37,"column":19},"end":{"line":37,"column":45}},"25":{"start":{"line":38,"column":20},"end":{"line":38,"column":41}},"26":{"start":{"line":39,"column":19},"end":{"line":39,"column":52}},"27":{"start":{"line":40,"column":19},"end":{"line":40,"column":55}},"28":{"start":{"line":41,"column":16},"end":{"line":41,"column":35}},"29":{"start":{"line":42,"column":14},"end":{"line":42,"column":23}},"30":{"start":{"line":45,"column":20},"end":{"line":45,"column":46}},"31":{"start":{"line":46,"column":20},"end":{"line":46,"column":46}},"32":{"start":{"line":47,"column":24},"end":{"line":47,"column":60}},"33":{"start":{"line":48,"column":24},"end":{"line":48,"column":60}},"34":{"start":{"line":49,"column":17},"end":{"line":49,"column":33}},"35":{"start":{"line":50,"column":17},"end":{"line":50,"column":35}},"36":{"start":{"line":51,"column":18},"end":{"line":53,"column":28}},"37":{"start":{"line":54,"column":19},"end":{"line":54,"column":69}},"38":{"start":{"line":55,"column":19},"end":{"line":55,"column":69}},"39":{"start":{"line":56,"column":14},"end":{"line":56,"column":45}},"40":{"start":{"line":57,"column":16},"end":{"line":57,"column":78}},"41":{"start":{"line":59,"column":23},"end":{"line":77,"column":1}},"42":{"start":{"line":87,"column":2},"end":{"line":87,"column":38}}},"fnMap":{"0":{"name":"unicodeWords","decl":{"start":{"line":86,"column":9},"end":{"line":86,"column":21}},"loc":{"start":{"line":86,"column":30},"end":{"line":88,"column":1}},"line":86}},"branchMap":{},"s":{"0":1,"1":1,"2":1,"3":1,"4":1,"5":1,"6":1,"7":1,"8":1,"9":1,"10":1,"11":1,"12":1,"13":1,"14":1,"15":1,"16":1,"17":1,"18":1,"19":1,"20":1,"21":1,"22":1,"23":1,"24":1,"25":1,"26":1,"27":1,"28":1,"29":1,"30":1,"31":1,"32":1,"33":1,"34":1,"35":1,"36":1,"37":1,"38":1,"39":1,"40":1,"41":1,"42":0},"f":{"0":0},"b":{},"_coverageSchema":"1a1c01bbd47fc00a2c39e90264f33305004495a9","hash":"bf71df023260043435998c356f4ad81d8925d4e2"}
}
