TN:
SF:stringutil.js
FN:26,(anonymous_0)
FN:27,(anonymous_1)
FNF:2
FNH:2
FNDA:2,(anonymous_0)
FNDA:39,(anonymous_1)
DA:1,4
DA:26,4
DA:27,2
DA:28,39
DA:29,39
LF:5
LH:5
BRF:0
BRH:0
end_of_record
TN:
SF:library\src\at.js
FN:19,(anonymous_0)
FNF:1
FNH:1
FNDA:2,(anonymous_0)
DA:19,2
LF:1
LH:1
BRF:0
BRH:0
end_of_record
TN:
SF:library\src\defaultTo.js
FN:19,defaultTo
FNF:1
FNH:1
FNDA:12,defaultTo
DA:20,12
LF:1
LH:1
BRDA:20,0,0,9
BRDA:20,0,1,3
BRF:2
BRH:2
end_of_record
TN:
SF:library\src\defaultToAny.js
FN:28,defaultToAny
FNF:1
FNH:1
FNDA:6,defaultToAny
DA:29,6
LF:1
LH:1
BRF:0
BRH:0
end_of_record
TN:
SF:library\src\filter.js
FN:24,filter
FNF:1
FNH:1
FNDA:4,filter
DA:25,4
DA:26,4
DA:27,4
DA:28,4
DA:30,4
DA:31,60
DA:32,60
DA:33,38
DA:36,4
LF:9
LH:9
BRDA:27,0,0,0
BRDA:27,0,1,4
BRDA:32,1,0,38
BRDA:32,1,1,22
BRF:4
BRH:3
end_of_record
TN:
SF:library\src\get.js
FN:27,get
FNF:1
FNH:1
FNDA:6,get
DA:28,6
DA:29,6
LF:2
LH:2
BRDA:28,0,0,0
BRDA:28,0,1,6
BRDA:29,1,0,3
BRDA:29,1,1,3
BRF:4
BRH:3
end_of_record
TN:
SF:library\src\isArguments.js
FN:19,isArguments
FNF:1
FNH:0
FNDA:0,isArguments
DA:20,0
LF:1
LH:0
BRDA:20,0,0,0
BRDA:20,0,1,0
BRF:2
BRH:0
end_of_record
TN:
SF:library\src\isArrayLike.js
FN:26,isArrayLike
FNF:1
FNH:1
FNDA:10,isArrayLike
DA:27,10
LF:1
LH:1
BRDA:27,0,0,10
BRDA:27,0,1,9
BRDA:27,0,2,9
BRF:3
BRH:3
end_of_record
TN:
SF:library\src\isBuffer.js
FN:33,(anonymous_0)
FNF:1
FNH:0
FNDA:0,(anonymous_0)
DA:4,1
DA:7,1
DA:10,1
DA:13,1
DA:16,1
DA:33,1
LF:6
LH:6
BRDA:4,0,0,1
BRDA:4,0,1,1
BRDA:4,0,2,1
BRDA:4,0,3,1
BRDA:7,1,0,1
BRDA:7,1,1,1
BRDA:7,1,2,1
BRDA:7,1,3,1
BRDA:7,1,4,1
BRDA:10,2,0,1
BRDA:10,2,1,1
BRDA:13,3,0,1
BRDA:13,3,1,0
BRDA:16,4,0,1
BRDA:16,4,1,0
BRDA:33,5,0,1
BRDA:33,5,1,0
BRF:17
BRH:14
end_of_record
TN:
SF:library\src\isEmpty.js
FN:45,isEmpty
FNF:1
FNH:1
FNDA:6,isEmpty
DA:9,1
DA:46,6
DA:47,2
DA:49,4
DA:52,2
DA:54,2
DA:55,2
DA:56,0
DA:58,2
DA:59,0
DA:61,2
DA:62,1
DA:63,1
DA:66,1
LF:14
LH:12
BRDA:46,0,0,2
BRDA:46,0,1,4
BRDA:49,1,0,2
BRDA:49,1,1,2
BRDA:49,2,0,4
BRDA:49,2,1,2
BRDA:49,2,2,1
BRDA:49,2,3,0
BRDA:49,2,4,0
BRDA:49,2,5,0
BRDA:49,2,6,0
BRDA:55,3,0,0
BRDA:55,3,1,2
BRDA:55,4,0,2
BRDA:55,4,1,2
BRDA:58,5,0,0
BRDA:58,5,1,2
BRDA:62,6,0,1
BRDA:62,6,1,0
BRF:19
BRH:12
end_of_record
TN:
SF:library\src\isLength.js
FN:28,isLength
FNF:1
FNH:1
FNDA:9,isLength
DA:2,2
DA:29,9
LF:2
LH:2
BRDA:29,0,0,9
BRDA:29,0,1,6
BRDA:29,0,2,6
BRDA:29,0,3,6
BRF:4
BRH:4
end_of_record
TN:
SF:library\src\isObject.js
FN:24,isObject
FNF:1
FNH:1
FNDA:1,isObject
DA:25,1
DA:26,1
LF:2
LH:2
BRDA:26,0,0,1
BRDA:26,0,1,1
BRDA:26,0,2,1
BRF:3
BRH:3
end_of_record
TN:
SF:library\src\isObjectLike.js
FN:23,isObjectLike
FNF:1
FNH:1
FNDA:5,isObjectLike
DA:24,5
LF:1
LH:1
BRDA:24,0,0,5
BRDA:24,0,1,2
BRF:2
BRH:2
end_of_record
TN:
SF:library\src\isSymbol.js
FN:18,isSymbol
FNF:1
FNH:1
FNDA:7,isSymbol
DA:19,7
DA:20,7
LF:2
LH:2
BRDA:20,0,0,7
BRDA:20,0,1,7
BRDA:20,0,2,0
BRDA:20,0,3,0
BRF:4
BRH:2
end_of_record
TN:
SF:library\src\isTypedArray.js
FN:27,(anonymous_0)
FN:28,(anonymous_1)
FNF:2
FNH:0
FNDA:0,(anonymous_0)
FNDA:0,(anonymous_1)
DA:6,1
DA:9,1
DA:26,1
DA:27,0
DA:28,0
LF:5
LH:3
BRDA:9,0,0,1
BRDA:9,0,1,1
BRDA:26,1,0,1
BRDA:26,1,1,0
BRDA:28,2,0,0
BRDA:28,2,1,0
BRF:6
BRH:3
end_of_record
TN:
SF:library\src\memoize.js
FN:43,memoize
FN:47,(anonymous_1)
FNF:2
FNH:2
FNDA:2,memoize
FNDA:5,(anonymous_1)
DA:44,2
DA:45,0
DA:47,2
DA:48,5
DA:49,5
DA:51,5
DA:52,1
DA:54,4
DA:55,4
DA:56,4
DA:58,2
DA:59,2
DA:62,2
LF:13
LH:12
BRDA:44,0,0,0
BRDA:44,0,1,2
BRDA:44,1,0,2
BRDA:44,1,1,2
BRDA:44,1,2,2
BRDA:48,2,0,5
BRDA:48,2,1,0
BRDA:51,3,0,1
BRDA:51,3,1,4
BRDA:55,4,0,4
BRDA:55,4,1,0
BRDA:58,5,0,2
BRDA:58,5,1,0
BRF:13
BRH:9
end_of_record
TN:
SF:library\src\slice.js
FN:21,slice
FNF:1
FNH:0
FNDA:0,slice
DA:22,0
DA:23,0
DA:24,0
DA:26,0
DA:27,0
DA:29,0
DA:30,0
DA:32,0
DA:33,0
DA:35,0
DA:36,0
DA:38,0
DA:39,0
DA:40,0
DA:41,0
DA:43,0
LF:16
LH:0
BRDA:22,0,0,0
BRDA:22,0,1,0
BRDA:23,1,0,0
BRDA:23,1,1,0
BRDA:26,2,0,0
BRDA:26,2,1,0
BRDA:27,3,0,0
BRDA:27,3,1,0
BRDA:29,4,0,0
BRDA:29,4,1,0
BRDA:30,5,0,0
BRDA:30,5,1,0
BRDA:32,6,0,0
BRDA:32,6,1,0
BRDA:35,7,0,0
BRDA:35,7,1,0
BRF:16
BRH:0
end_of_record
TN:
SF:library\src\toFinite.js
FN:28,toFinite
FNF:1
FNH:1
FNDA:4,toFinite
DA:4,1
DA:5,1
DA:29,4
DA:30,0
DA:32,4
DA:33,4
DA:34,1
DA:35,1
DA:37,3
LF:9
LH:8
BRDA:29,0,0,0
BRDA:29,0,1,4
BRDA:30,1,0,0
BRDA:30,1,1,0
BRDA:33,2,0,1
BRDA:33,2,1,3
BRDA:33,3,0,4
BRDA:33,3,1,3
BRDA:34,4,0,0
BRDA:34,4,1,1
BRDA:37,5,0,3
BRDA:37,5,1,0
BRF:12
BRH:7
end_of_record
TN:
SF:library\src\toNumber.js
FN:44,toNumber
FNF:1
FNH:1
FNDA:4,toNumber
DA:5,1
DA:8,1
DA:11,1
DA:14,1
DA:17,1
DA:20,1
DA:45,4
DA:46,3
DA:48,1
DA:49,0
DA:51,1
DA:52,0
DA:53,0
DA:55,1
DA:56,0
DA:58,1
DA:59,1
DA:60,1
LF:18
LH:14
BRDA:45,0,0,3
BRDA:45,0,1,1
BRDA:48,1,0,0
BRDA:48,1,1,1
BRDA:51,2,0,0
BRDA:51,2,1,1
BRDA:52,3,0,0
BRDA:52,3,1,0
BRDA:53,4,0,0
BRDA:53,4,1,0
BRDA:55,5,0,0
BRDA:55,5,1,1
BRDA:56,6,0,0
BRDA:56,6,1,0
BRDA:60,7,0,0
BRDA:60,7,1,1
BRDA:60,8,0,1
BRDA:60,8,1,1
BRDA:61,9,0,0
BRDA:61,9,1,0
BRDA:62,10,0,0
BRDA:62,10,1,1
BRF:22
BRH:9
end_of_record
TN:
SF:library\src\upperFirst.js
FNF:0
FNH:0
DA:19,1
LF:1
LH:1
BRF:0
BRH:0
end_of_record
TN:
SF:library\src\words.js
FN:10,asciiWords
FN:30,words
FNF:2
FNH:2
FNDA:59,asciiWords
FNDA:59,words
DA:3,1
DA:8,1
DA:11,59
DA:31,59
DA:32,59
DA:33,59
DA:35,0
LF:7
LH:6
BRDA:31,0,0,59
BRDA:31,0,1,0
BRDA:32,1,0,0
BRDA:32,1,1,59
BRDA:33,2,0,59
BRDA:33,2,1,1
BRDA:35,3,0,0
BRDA:35,3,1,0
BRF:8
BRH:4
end_of_record
TN:
SF:library\src\.internal\arrayReduce.js
FN:12,arrayReduce
FNF:1
FNH:1
FNDA:6,arrayReduce
DA:13,6
DA:14,6
DA:16,6
DA:17,0
DA:19,6
DA:20,12
DA:22,6
LF:7
LH:6
BRDA:14,0,0,0
BRDA:14,0,1,6
BRDA:16,1,0,0
BRDA:16,1,1,6
BRDA:16,2,0,6
BRDA:16,2,1,0
BRF:6
BRH:3
end_of_record
TN:
SF:library\src\.internal\asciiToArray.js
FN:8,asciiToArray
FNF:1
FNH:0
FNDA:0,asciiToArray
DA:9,0
LF:1
LH:0
BRF:0
BRH:0
end_of_record
TN:
SF:library\src\.internal\baseAt.js
FN:11,baseAt
FNF:1
FNH:1
FNDA:2,baseAt
DA:12,2
DA:13,2
DA:14,2
DA:15,2
DA:17,2
DA:18,4
DA:20,2
LF:7
LH:7
BRDA:18,0,0,0
BRDA:18,0,1,4
BRF:2
BRH:1
end_of_record
TN:
SF:library\src\.internal\baseFlatten.js
FN:14,baseFlatten
FNF:1
FNH:1
FNDA:2,baseFlatten
DA:15,2
DA:16,2
DA:18,2
DA:19,0
DA:22,2
DA:23,2
DA:24,2
DA:26,0
DA:28,2
DA:30,0
DA:31,0
DA:34,2
LF:12
LH:8
BRDA:15,0,0,2
BRDA:15,0,1,2
BRDA:16,1,0,2
BRDA:16,1,1,2
BRDA:18,2,0,0
BRDA:18,2,1,2
BRDA:23,3,0,2
BRDA:23,3,1,0
BRDA:23,4,0,2
BRDA:23,4,1,2
BRDA:24,5,0,0
BRDA:24,5,1,2
BRDA:30,6,0,0
BRDA:30,6,1,0
BRF:14
BRH:9
end_of_record
TN:
SF:library\src\.internal\baseGet.js
FN:12,baseGet
FNF:1
FNH:1
FNDA:6,baseGet
DA:13,6
DA:15,6
DA:16,6
DA:18,6
DA:19,13
DA:21,6
LF:6
LH:6
BRDA:18,0,0,19
BRDA:18,0,1,16
BRDA:21,1,0,5
BRDA:21,1,1,1
BRDA:21,2,0,6
BRDA:21,2,1,6
BRF:6
BRH:6
end_of_record
TN:
SF:library\src\.internal\castPath.js
FN:12,castPath
FNF:1
FNH:1
FNDA:6,castPath
DA:13,6
DA:14,0
DA:16,6
LF:3
LH:2
BRDA:13,0,0,0
BRDA:13,0,1,6
BRDA:16,1,0,1
BRDA:16,1,1,5
BRF:4
BRH:3
end_of_record
TN:
SF:library\src\.internal\castSlice.js
FN:12,castSlice
FNF:1
FNH:0
FNDA:0,castSlice
DA:13,0
DA:14,0
DA:15,0
LF:3
LH:0
BRDA:14,0,0,0
BRDA:14,0,1,0
BRDA:15,1,0,0
BRDA:15,1,1,0
BRDA:15,2,0,0
BRDA:15,2,1,0
BRF:6
BRH:0
end_of_record
TN:
SF:library\src\.internal\createCaseFirst.js
FN:12,createCaseFirst
FN:13,(anonymous_1)
FNF:2
FNH:2
FNDA:1,createCaseFirst
FNDA:101,(anonymous_1)
DA:13,1
DA:14,101
DA:15,1
DA:18,100
DA:20,100
DA:22,100
DA:26,100
LF:7
LH:7
BRDA:14,0,0,1
BRDA:14,0,1,100
BRDA:18,1,0,0
BRDA:18,1,1,100
BRDA:20,2,0,0
BRDA:20,2,1,100
BRDA:22,3,0,0
BRDA:22,3,1,100
BRF:8
BRH:5
end_of_record
TN:
SF:library\src\.internal\freeGlobal.js
FNF:0
FNH:0
DA:3,1
LF:1
LH:1
BRDA:3,0,0,1
BRDA:3,0,1,1
BRDA:3,0,2,1
BRDA:3,0,3,1
BRF:4
BRH:4
end_of_record
TN:
SF:library\src\.internal\getTag.js
FN:10,getTag
FNF:1
FNH:1
FNDA:2,getTag
DA:1,4
DA:11,2
DA:12,0
DA:14,2
LF:4
LH:3
BRDA:11,0,0,0
BRDA:11,0,1,2
BRDA:12,1,0,0
BRDA:12,1,1,0
BRF:4
BRH:1
end_of_record
TN:
SF:library\src\.internal\hasUnicode.js
FN:31,hasUnicode
FNF:1
FNH:1
FNDA:100,hasUnicode
DA:2,1
DA:3,1
DA:4,1
DA:5,1
DA:6,1
DA:7,1
DA:9,1
DA:14,1
DA:17,1
DA:20,1
DA:32,100
LF:11
LH:11
BRF:0
BRH:0
end_of_record
TN:
SF:library\src\.internal\isFlattenable.js
FN:13,isFlattenable
FNF:1
FNH:1
FNDA:2,isFlattenable
DA:4,1
DA:14,2
LF:2
LH:2
BRDA:15,0,0,2
BRDA:15,0,1,0
BRDA:15,0,2,0
BRDA:17,1,0,0
BRDA:17,1,1,0
BRF:5
BRH:1
end_of_record
TN:
SF:library\src\.internal\isKey.js
FN:15,isKey
FNF:1
FNH:1
FNDA:6,isKey
DA:4,2
DA:5,2
DA:16,6
DA:17,0
DA:19,6
DA:20,6
DA:26,0
DA:28,6
LF:8
LH:6
BRDA:16,0,0,0
BRDA:16,0,1,6
BRDA:20,1,0,0
BRDA:20,1,1,6
BRDA:21,2,0,6
BRDA:21,2,1,6
BRDA:21,2,2,6
BRDA:21,2,3,6
BRDA:29,3,0,6
BRDA:29,3,1,5
BRDA:29,3,2,5
BRDA:29,3,3,5
BRF:12
BRH:10
end_of_record
TN:
SF:library\src\.internal\isPrototype.js
FN:11,isPrototype
FNF:1
FNH:1
FNDA:2,isPrototype
DA:2,1
DA:12,2
DA:13,2
DA:15,2
LF:4
LH:4
BRDA:12,0,0,2
BRDA:12,0,1,2
BRDA:13,1,0,2
BRDA:13,1,1,2
BRDA:13,1,2,0
BRF:5
BRH:4
end_of_record
TN:
SF:library\src\.internal\memoizeCapped.js
FN:14,memoizeCapped
FN:15,(anonymous_1)
FNF:2
FNH:2
FNDA:2,memoizeCapped
FNDA:5,(anonymous_1)
DA:4,2
DA:15,2
DA:16,5
DA:17,5
DA:18,0
DA:20,5
DA:23,2
LF:7
LH:6
BRDA:17,0,0,0
BRDA:17,0,1,5
BRF:2
BRH:1
end_of_record
TN:
SF:library\src\.internal\nodeTypes.js
FN:25,(anonymous_0)
FNF:1
FNH:1
FNDA:1,(anonymous_0)
DA:5,1
DA:12,1
DA:19,1
DA:22,1
DA:25,1
DA:26,1
DA:30,1
DA:31,1
LF:8
LH:8
BRDA:5,0,0,1
BRDA:5,0,1,1
BRDA:5,0,2,1
BRDA:5,0,3,1
BRDA:12,1,0,1
BRDA:12,1,1,1
BRDA:12,1,2,1
BRDA:12,1,3,1
BRDA:12,1,4,1
BRDA:19,2,0,1
BRDA:19,2,1,1
BRDA:22,3,0,1
BRDA:22,3,1,1
BRDA:30,4,0,1
BRDA:30,4,1,1
BRDA:30,4,2,1
BRDA:31,5,0,1
BRDA:31,5,1,0
BRDA:34,6,0,0
BRDA:34,6,1,0
BRDA:34,6,2,0
BRF:21
BRH:17
end_of_record
TN:
SF:library\src\.internal\root.js
FNF:0
FNH:0
DA:6,1
DA:13,1
DA:17,1
LF:3
LH:3
BRDA:6,0,0,1
BRDA:6,0,1,1
BRDA:6,0,2,1
BRDA:6,0,3,1
BRDA:13,1,0,1
BRDA:13,1,1,0
BRDA:13,1,2,0
BRDA:13,1,3,0
BRDA:17,2,0,1
BRDA:17,2,1,0
BRDA:17,2,2,0
BRDA:17,2,3,0
BRF:12
BRH:6
end_of_record
TN:
SF:library\src\.internal\stringToArray.js
FN:12,stringToArray
FNF:1
FNH:0
FNDA:0,stringToArray
DA:13,0
LF:1
LH:0
BRDA:13,0,0,0
BRDA:13,0,1,0
BRF:2
BRH:0
end_of_record
TN:
SF:library\src\.internal\stringToPath.js
FN:30,(anonymous_0)
FN:35,(anonymous_1)
FNF:2
FNH:2
FNDA:4,(anonymous_0)
FNDA:11,(anonymous_1)
DA:3,2
DA:4,2
DA:5,2
DA:30,2
DA:31,4
DA:32,4
DA:33,0
DA:35,4
DA:36,11
DA:37,11
DA:38,0
DA:39,11
DA:40,0
DA:42,11
DA:44,4
LF:15
LH:12
BRDA:32,0,0,0
BRDA:32,0,1,4
BRDA:37,1,0,0
BRDA:37,1,1,11
BRDA:39,2,0,0
BRDA:39,2,1,11
BRF:6
BRH:3
end_of_record
TN:
SF:library\src\.internal\toKey.js
FN:13,toKey
FNF:1
FNH:1
FNDA:13,toKey
DA:4,2
DA:14,13
DA:15,13
DA:17,0
DA:18,0
LF:5
LH:3
BRDA:14,0,0,13
BRDA:14,0,1,0
BRDA:14,1,0,13
BRDA:14,1,1,0
BRDA:18,2,0,0
BRDA:18,2,1,0
BRDA:18,3,0,0
BRDA:18,3,1,0
BRF:8
BRH:2
end_of_record
TN:
SF:library\src\.internal\unicodeToArray.js
FN:52,unicodeToArray
FNF:1
FNH:0
FNDA:0,unicodeToArray
DA:2,1
DA:3,1
DA:4,1
DA:5,1
DA:6,1
DA:7,1
DA:9,1
DA:14,1
DA:17,1
DA:18,1
DA:19,1
DA:20,1
DA:21,1
DA:22,1
DA:23,1
DA:24,1
DA:27,1
DA:28,1
DA:29,1
DA:32,1
DA:33,1
DA:34,1
DA:43,1
DA:53,0
LF:24
LH:23
BRDA:53,0,0,0
BRDA:53,0,1,0
BRF:2
BRH:0
end_of_record
TN:
SF:library\src\.internal\unicodeWords.js
FN:86,unicodeWords
FNF:1
FNH:0
FNDA:0,unicodeWords
DA:2,1
DA:3,1
DA:4,1
DA:5,1
DA:6,1
DA:7,1
DA:9,1
DA:14,1
DA:15,1
DA:16,1
DA:17,1
DA:18,1
DA:20,1
DA:21,1
DA:22,1
DA:24,1
DA:27,1
DA:28,1
DA:29,1
DA:30,1
DA:31,1
DA:32,1
DA:33,1
DA:36,1
DA:37,1
DA:38,1
DA:39,1
DA:40,1
DA:41,1
DA:42,1
DA:45,1
DA:46,1
DA:47,1
DA:48,1
DA:49,1
DA:50,1
DA:51,1
DA:54,1
DA:55,1
DA:56,1
DA:57,1
DA:59,1
DA:87,0
LF:43
LH:42
BRF:0
BRH:0
end_of_record
